#
# A fatal error has been detected by the Java Runtime Environment:
#
#  EXCEPTION_ACCESS_VIOLATION (0xc0000005) at pc=0x000000006ee76520, pid=12188, tid=0x0000000000003edc
#
# JRE version: Java(TM) SE Runtime Environment (8.0_251-b08) (build 1.8.0_251-b08)
# Java VM: Java HotSpot(TM) 64-Bit Server VM (25.251-b08 mixed mode windows-amd64 compressed oops)
# Problematic frame:
# C  [xuggle5171651335765638782.dll+0x736520]
#
# Failed to write core dump. Minidumps are not enabled by default on client versions of Windows
#
# If you would like to submit a bug report, please visit:
#   http://bugreport.java.com/bugreport/crash.jsp
# The crash happened outside the Java Virtual Machine in native code.
# See problematic frame for where to report the bug.
#

---------------  T H R E A D  ---------------

Current thread (0x000000001cc9d000):  JavaThread "http-nio-8080-exec-2" daemon [_thread_in_native, id=16092, stack(0x000000001f330000,0x000000001f430000)]

siginfo: ExceptionCode=0xc0000005, reading address 0xffffffffffffffff

Registers:
RAX=0x000000001e3013b0, RBX=0x00000000216a3f90, RCX=0x000000001e3013b0, RDX=0x0000000000000009
RSP=0x000000001f42b7a0, RBP=0x000000001e300af0, RSI=0x000000001e3023b0, RDI=0x0000000000000004
R8 =0x000000006ee77580, R9 =0x000000006ee76490, R10=0x000000001e2413b0, R11=0x000000001e25abe0
R12=0x000000001e25b3e0, R13=0x0000000000000004, R14=0x0000000000000184, R15=0x000000006fab8f20
RIP=0x000000006ee76520, EFLAGS=0x0000000000010202

Top of Stack: (sp=0x000000001f42b7a0)
0x000000001f42b7a0:   000000006ee76665 000000006ee774c5
0x000000001f42b7b0:   000000006ee77505 000000006ee77545
0x000000001f42b7c0:   000000006ee77585 000000006ee79426
0x000000001f42b7d0:   000000006fab8f20 000000001e3013b0
0x000000001f42b7e0:   00000000216a6450 0000000016c9ebc0
0x000000001f42b7f0:   3fe0000000000000 0000000000000000
0x000000001f42b800:   40c7760000000000 0000000000000000
0x000000001f42b810:   3fe0000000000000 0000000000000001
0x000000001f42b820:   00000000216a7450 000000006ea45d24
0x000000001f42b830:   3f40624dd2f1a9fc 0000000000000000
0x000000001f42b840:   0000000000000000 0000000000000000
0x000000001f42b850:   0000000000000000 0000000000000000
0x000000001f42b860:   00000000216b0350 000000006fab7320
0x000000001f42b870:   0000000000000000 00000000216a3ef0
0x000000001f42b880:   0000000000000001 000000001e300af0
0x000000001f42b890:   000000001e300b70 0000000000000000 

Instructions: (pc=0x000000006ee76520)
0x000000006ee76500:   c4 e3 5d 0c c0 55 c5 e4 5c c8 c5 e4 58 c0 c5 fc
0x000000006ee76510:   29 01 c5 fc 29 49 20 c3 0f 1f 84 00 00 00 00 00
0x000000006ee76520:   c5 fc 28 51 40 c5 fc 28 59 60 c5 ec 5c fb c5 ec
0x000000006ee76530:   58 d3 c5 c4 57 3d 26 41 84 00 c5 ec c6 df be c5 


Register to memory mapping:

RAX=0x000000001e3013b0 is an unknown value
RBX=0x00000000216a3f90 is an unknown value
RCX=0x000000001e3013b0 is an unknown value
RDX=0x0000000000000009 is an unknown value
RSP=0x000000001f42b7a0 is pointing into the stack for thread: 0x000000001cc9d000
RBP=0x000000001e300af0 is an unknown value
RSI=0x000000001e3023b0 is an unknown value
RDI=0x0000000000000004 is an unknown value
R8 =0x000000006ee77580 is an unknown value
R9 =0x000000006ee76490 is an unknown value
R10=0x000000001e2413b0 is an unknown value
R11=0x000000001e25abe0 is an unknown value
R12=0x000000001e25b3e0 is an unknown value
R13=0x0000000000000004 is an unknown value
R14=0x0000000000000184 is an unknown value
R15=0x000000006fab8f20 is an unknown value


Stack: [0x000000001f330000,0x000000001f430000],  sp=0x000000001f42b7a0,  free space=1005k
Native frames: (J=compiled Java code, j=interpreted, Vv=VM code, C=native code)
C  [xuggle5171651335765638782.dll+0x736520]

Java frames: (J=compiled Java code, j=interpreted, Vv=VM code)
j  com.xuggle.xuggler.XugglerJNI.IContainer_open__SWIG_1(JLcom/xuggle/xuggler/IContainer;Ljava/lang/String;IJLcom/xuggle/xuggler/IContainerFormat;ZZ)I+0
j  com.xuggle.xuggler.IContainer.open(Ljava/lang/String;Lcom/xuggle/xuggler/IContainer$Type;Lcom/xuggle/xuggler/IContainerFormat;ZZ)I+19
j  com.xuggle.mediatool.MediaReader.open()V+20
j  com.xuggle.mediatool.MediaReader.readPacket()Lcom/xuggle/xuggler/IError;+8
j  com.online.videostreaming.classrooms.onlineclassrooms.utils.Thumbnail.generateThumbnail(Ljava/lang/String;Ljava/lang/String;Ljava/lang/String;)V+72
j  com.online.videostreaming.classrooms.onlineclassrooms.controller.VideoController.uploadVideoPost(Lcom/online/videostreaming/classrooms/onlineclassrooms/forms/VideoUploadForm;Lorg/springframework/ui/Model;Ljavax/servlet/http/HttpServletRequest;Ljavax/servlet/http/HttpServletResponse;Lorg/springframework/web/servlet/mvc/support/RedirectAttributes;Lorg/springframework/validation/BindingResult;)Ljava/lang/String;+446
v  ~StubRoutines::call_stub
J 2073  sun.reflect.NativeMethodAccessorImpl.invoke0(Ljava/lang/reflect/Method;Ljava/lang/Object;[Ljava/lang/Object;)Ljava/lang/Object; (0 bytes) @ 0x0000000002869d7f [0x0000000002869d00+0x7f]
J 2072 C1 sun.reflect.NativeMethodAccessorImpl.invoke(Ljava/lang/Object;[Ljava/lang/Object;)Ljava/lang/Object; (104 bytes) @ 0x000000000286a4dc [0x000000000286a160+0x37c]
J 2039 C1 sun.reflect.DelegatingMethodAccessorImpl.invoke(Ljava/lang/Object;[Ljava/lang/Object;)Ljava/lang/Object; (10 bytes) @ 0x000000000285ec24 [0x000000000285ebe0+0x44]
J 2038 C1 java.lang.reflect.Method.invoke(Ljava/lang/Object;[Ljava/lang/Object;)Ljava/lang/Object; (62 bytes) @ 0x000000000285e854 [0x000000000285e760+0xf4]
j  org.springframework.web.method.support.InvocableHandlerMethod.doInvoke([Ljava/lang/Object;)Ljava/lang/Object;+32
j  org.springframework.web.method.support.InvocableHandlerMethod.invokeForRequest(Lorg/springframework/web/context/request/NativeWebRequest;Lorg/springframework/web/method/support/ModelAndViewContainer;[Ljava/lang/Object;)Ljava/lang/Object;+54
j  org.springframework.web.servlet.mvc.method.annotation.ServletInvocableHandlerMethod.invokeAndHandle(Lorg/springframework/web/context/request/ServletWebRequest;Lorg/springframework/web/method/support/ModelAndViewContainer;[Ljava/lang/Object;)V+4
j  org.springframework.web.servlet.mvc.method.annotation.RequestMappingHandlerAdapter.invokeHandlerMethod(Ljavax/servlet/http/HttpServletRequest;Ljavax/servlet/http/HttpServletResponse;Lorg/springframework/web/method/HandlerMethod;)Lorg/springframework/web/servlet/ModelAndView;+244
j  org.springframework.web.servlet.mvc.method.annotation.RequestMappingHandlerAdapter.handleInternal(Ljavax/servlet/http/HttpServletRequest;Ljavax/servlet/http/HttpServletResponse;Lorg/springframework/web/method/HandlerMethod;)Lorg/springframework/web/servlet/ModelAndView;+81
j  org.springframework.web.servlet.mvc.method.AbstractHandlerMethodAdapter.handle(Ljavax/servlet/http/HttpServletRequest;Ljavax/servlet/http/HttpServletResponse;Ljava/lang/Object;)Lorg/springframework/web/servlet/ModelAndView;+7
j  org.springframework.web.servlet.DispatcherServlet.doDispatch(Ljavax/servlet/http/HttpServletRequest;Ljavax/servlet/http/HttpServletResponse;)V+257
j  org.springframework.web.servlet.DispatcherServlet.doService(Ljavax/servlet/http/HttpServletRequest;Ljavax/servlet/http/HttpServletResponse;)V+241
j  org.springframework.web.servlet.FrameworkServlet.processRequest(Ljavax/servlet/http/HttpServletRequest;Ljavax/servlet/http/HttpServletResponse;)V+71
j  org.springframework.web.servlet.FrameworkServlet.doPost(Ljavax/servlet/http/HttpServletRequest;Ljavax/servlet/http/HttpServletResponse;)V+3
j  javax.servlet.http.HttpServlet.service(Ljavax/servlet/http/HttpServletRequest;Ljavax/servlet/http/HttpServletResponse;)V+131
j  org.springframework.web.servlet.FrameworkServlet.service(Ljavax/servlet/http/HttpServletRequest;Ljavax/servlet/http/HttpServletResponse;)V+33
j  javax.servlet.http.HttpServlet.service(Ljavax/servlet/ServletRequest;Ljavax/servlet/ServletResponse;)V+39
j  org.apache.catalina.core.ApplicationFilterChain.internalDoFilter(Ljavax/servlet/ServletRequest;Ljavax/servlet/ServletResponse;)V+304
j  org.apache.catalina.core.ApplicationFilterChain.doFilter(Ljavax/servlet/ServletRequest;Ljavax/servlet/ServletResponse;)V+99
j  org.springframework.web.filter.RequestContextFilter.doFilterInternal(Ljavax/servlet/http/HttpServletRequest;Ljavax/servlet/http/HttpServletResponse;Ljavax/servlet/FilterChain;)V+21
j  org.springframework.web.filter.OncePerRequestFilter.doFilter(Ljavax/servlet/ServletRequest;Ljavax/servlet/ServletResponse;Ljavax/servlet/FilterChain;)V+147
j  org.apache.catalina.core.ApplicationFilterChain.internalDoFilter(Ljavax/servlet/ServletRequest;Ljavax/servlet/ServletResponse;)V+135
j  org.apache.catalina.core.ApplicationFilterChain.doFilter(Ljavax/servlet/ServletRequest;Ljavax/servlet/ServletResponse;)V+99
j  org.springframework.web.filter.FormContentFilter.doFilterInternal(Ljavax/servlet/http/HttpServletRequest;Ljavax/servlet/http/HttpServletResponse;Ljavax/servlet/FilterChain;)V+38
j  org.springframework.web.filter.OncePerRequestFilter.doFilter(Ljavax/servlet/ServletRequest;Ljavax/servlet/ServletResponse;Ljavax/servlet/FilterChain;)V+147
j  org.apache.catalina.core.ApplicationFilterChain.internalDoFilter(Ljavax/servlet/ServletRequest;Ljavax/servlet/ServletResponse;)V+135
j  org.apache.catalina.core.ApplicationFilterChain.doFilter(Ljavax/servlet/ServletRequest;Ljavax/servlet/ServletResponse;)V+99
j  org.springframework.web.filter.CharacterEncodingFilter.doFilterInternal(Ljavax/servlet/http/HttpServletRequest;Ljavax/servlet/http/HttpServletResponse;Ljavax/servlet/FilterChain;)V+53
j  org.springframework.web.filter.OncePerRequestFilter.doFilter(Ljavax/servlet/ServletRequest;Ljavax/servlet/ServletResponse;Ljavax/servlet/FilterChain;)V+147
j  org.apache.catalina.core.ApplicationFilterChain.internalDoFilter(Ljavax/servlet/ServletRequest;Ljavax/servlet/ServletResponse;)V+135
j  org.apache.catalina.core.ApplicationFilterChain.doFilter(Ljavax/servlet/ServletRequest;Ljavax/servlet/ServletResponse;)V+99
j  org.apache.catalina.core.StandardWrapperValve.invoke(Lorg/apache/catalina/connector/Request;Lorg/apache/catalina/connector/Response;)V+694
j  org.apache.catalina.core.StandardContextValve.invoke(Lorg/apache/catalina/connector/Request;Lorg/apache/catalina/connector/Response;)V+169
j  org.apache.catalina.authenticator.AuthenticatorBase.invoke(Lorg/apache/catalina/connector/Request;Lorg/apache/catalina/connector/Response;)V+260
j  org.apache.catalina.core.StandardHostValve.invoke(Lorg/apache/catalina/connector/Request;Lorg/apache/catalina/connector/Response;)V+128
j  org.apache.catalina.valves.ErrorReportValve.invoke(Lorg/apache/catalina/connector/Request;Lorg/apache/catalina/connector/Response;)V+6
j  org.apache.catalina.core.StandardEngineValve.invoke(Lorg/apache/catalina/connector/Request;Lorg/apache/catalina/connector/Response;)V+59
j  org.apache.catalina.connector.CoyoteAdapter.service(Lorg/apache/coyote/Request;Lorg/apache/coyote/Response;)V+199
j  org.apache.coyote.http11.Http11Processor.service(Lorg/apache/tomcat/util/net/SocketWrapperBase;)Lorg/apache/tomcat/util/net/AbstractEndpoint$Handler$SocketState;+737
j  org.apache.coyote.AbstractProcessorLight.process(Lorg/apache/tomcat/util/net/SocketWrapperBase;Lorg/apache/tomcat/util/net/SocketEvent;)Lorg/apache/tomcat/util/net/AbstractEndpoint$Handler$SocketState;+170
j  org.apache.coyote.AbstractProtocol$ConnectionHandler.process(Lorg/apache/tomcat/util/net/SocketWrapperBase;Lorg/apache/tomcat/util/net/SocketEvent;)Lorg/apache/tomcat/util/net/AbstractEndpoint$Handler$SocketState;+505
j  org.apache.tomcat.util.net.NioEndpoint$SocketProcessor.doRun()V+216
j  org.apache.tomcat.util.net.SocketProcessorBase.run()V+21
j  java.util.concurrent.ThreadPoolExecutor.runWorker(Ljava/util/concurrent/ThreadPoolExecutor$Worker;)V+95
j  java.util.concurrent.ThreadPoolExecutor$Worker.run()V+5
j  org.apache.tomcat.util.threads.TaskThread$WrappingRunnable.run()V+4
j  java.lang.Thread.run()V+11
v  ~StubRoutines::call_stub

---------------  P R O C E S S  ---------------

Java Threads: ( => current thread )
  0x000000001cf8b000 JavaThread "DestroyJavaVM" [_thread_blocked, id=14416, stack(0x00000000021f0000,0x00000000022f0000)]
  0x000000001cf92000 JavaThread "http-nio-8080-Acceptor" daemon [_thread_in_native, id=15732, stack(0x000000001fd30000,0x000000001fe30000)]
  0x000000001cf90800 JavaThread "http-nio-8080-ClientPoller" daemon [_thread_in_native, id=16084, stack(0x000000001fc30000,0x000000001fd30000)]
  0x000000001cf8f800 JavaThread "http-nio-8080-exec-10" daemon [_thread_blocked, id=3960, stack(0x000000001fb30000,0x000000001fc30000)]
  0x000000001cf8a800 JavaThread "http-nio-8080-exec-9" daemon [_thread_blocked, id=14960, stack(0x000000001fa30000,0x000000001fb30000)]
  0x000000001cf8e000 JavaThread "http-nio-8080-exec-8" daemon [_thread_blocked, id=9824, stack(0x000000001f930000,0x000000001fa30000)]
  0x000000001cf91000 JavaThread "http-nio-8080-exec-7" daemon [_thread_blocked, id=11084, stack(0x000000001f830000,0x000000001f930000)]
  0x000000001cf8d800 JavaThread "http-nio-8080-exec-6" daemon [_thread_blocked, id=8260, stack(0x000000001f730000,0x000000001f830000)]
  0x000000001cf8c800 JavaThread "http-nio-8080-exec-5" daemon [_thread_blocked, id=10996, stack(0x000000001f630000,0x000000001f730000)]
  0x000000001cf8f000 JavaThread "http-nio-8080-exec-4" daemon [_thread_blocked, id=16064, stack(0x000000001f530000,0x000000001f630000)]
  0x000000001cc9b000 JavaThread "http-nio-8080-exec-3" daemon [_thread_blocked, id=16100, stack(0x000000001f430000,0x000000001f530000)]
=>0x000000001cc9d000 JavaThread "http-nio-8080-exec-2" daemon [_thread_in_native, id=16092, stack(0x000000001f330000,0x000000001f430000)]
  0x000000001cc99800 JavaThread "http-nio-8080-exec-1" daemon [_thread_blocked, id=16096, stack(0x000000001f230000,0x000000001f330000)]
  0x000000001cc9e000 JavaThread "http-nio-8080-BlockPoller" daemon [_thread_in_native, id=16000, stack(0x000000001f130000,0x000000001f230000)]
  0x000000001cc9e800 JavaThread "File Watcher" daemon [_thread_blocked, id=16080, stack(0x000000001f030000,0x000000001f130000)]
  0x000000001cca0000 JavaThread "Live Reload Server" daemon [_thread_in_native, id=16144, stack(0x000000001eb30000,0x000000001ec30000)]
  0x000000001cc9c800 JavaThread "RMI Scheduler(0)" daemon [_thread_blocked, id=2564, stack(0x000000001e330000,0x000000001e430000)]
  0x000000001cc9b800 JavaThread "RMI TCP Connection(idle)" daemon [_thread_blocked, id=4840, stack(0x000000001e110000,0x000000001e210000)]
  0x000000001cab3800 JavaThread "HikariPool-1 housekeeper" daemon [_thread_blocked, id=15292, stack(0x000000001df10000,0x000000001e010000)]
  0x0000000018acd000 JavaThread "PostgreSQL-JDBC-SharedTimer-1" daemon [_thread_blocked, id=15588, stack(0x000000001de10000,0x000000001df10000)]
  0x000000001ca8b000 JavaThread "container-0" [_thread_blocked, id=14500, stack(0x000000001d810000,0x000000001d910000)]
  0x000000001ca71800 JavaThread "Catalina-utility-2" [_thread_blocked, id=14508, stack(0x000000001bb40000,0x000000001bc40000)]
  0x000000001ca71000 JavaThread "Catalina-utility-1" [_thread_blocked, id=8244, stack(0x000000001b640000,0x000000001b740000)]
  0x000000001976c000 JavaThread "RMI TCP Accept-0" daemon [_thread_in_native, id=2816, stack(0x0000000019b30000,0x0000000019c30000)]
  0x000000001975f800 JavaThread "RMI TCP Accept-55275" daemon [_thread_in_native, id=13360, stack(0x0000000019a30000,0x0000000019b30000)]
  0x000000001974d800 JavaThread "RMI TCP Accept-0" daemon [_thread_in_native, id=16168, stack(0x0000000019930000,0x0000000019a30000)]
  0x0000000018928800 JavaThread "Service Thread" daemon [_thread_blocked, id=13948, stack(0x0000000018cf0000,0x0000000018df0000)]
  0x0000000016f87800 JavaThread "C1 CompilerThread2" daemon [_thread_blocked, id=2200, stack(0x00000000187f0000,0x00000000188f0000)]
  0x0000000016f82000 JavaThread "C2 CompilerThread1" daemon [_thread_blocked, id=13624, stack(0x00000000186f0000,0x00000000187f0000)]
  0x0000000016f7e000 JavaThread "C2 CompilerThread0" daemon [_thread_blocked, id=16300, stack(0x00000000185f0000,0x00000000186f0000)]
  0x0000000016f7d000 JavaThread "Attach Listener" daemon [_thread_blocked, id=14768, stack(0x00000000184f0000,0x00000000185f0000)]
  0x0000000016f7c000 JavaThread "Signal Dispatcher" daemon [_thread_blocked, id=12984, stack(0x00000000183f0000,0x00000000184f0000)]
  0x0000000016f62800 JavaThread "Finalizer" daemon [_thread_blocked, id=10124, stack(0x00000000181e0000,0x00000000182e0000)]
  0x0000000016f38800 JavaThread "Reference Handler" daemon [_thread_blocked, id=1432, stack(0x00000000180e0000,0x00000000181e0000)]

Other Threads:
  0x0000000016f37000 VMThread [stack: 0x0000000017fe0000,0x00000000180e0000] [id=6700]
  0x000000001976d000 WatcherThread [stack: 0x0000000019c30000,0x0000000019d30000] [id=13648]

VM state:not at safepoint (normal execution)

VM Mutex/Monitor currently owned by a thread: None

heap address: 0x0000000081e00000, size: 2018 MB, Compressed Oops mode: 32-bit
Narrow klass base: 0x0000000000000000, Narrow klass shift: 3
Compressed class space size: 1073741824 Address: 0x0000000100000000

Heap:
 PSYoungGen      total 387584K, used 262407K [0x00000000d5f80000, 0x00000000ef380000, 0x0000000100000000)
  eden space 371200K, 70% used [0x00000000d5f80000,0x00000000e5fc1c58,0x00000000eca00000)
  from space 16384K, 0% used [0x00000000ed980000,0x00000000ed980000,0x00000000ee980000)
  to   space 15872K, 0% used [0x00000000eca00000,0x00000000eca00000,0x00000000ed980000)
 ParOldGen       total 216576K, used 92512K [0x0000000081e00000, 0x000000008f180000, 0x00000000d5f80000)
  object space 216576K, 42% used [0x0000000081e00000,0x0000000087858088,0x000000008f180000)
 Metaspace       used 60210K, capacity 63284K, committed 63448K, reserved 1103872K
  class space    used 8115K, capacity 8668K, committed 8704K, reserved 1048576K

Card table byte_map: [0x00000000117e0000,0x0000000011be0000] byte_map_base: 0x00000000113d1000

Marking Bits: (ParMarkBitMap*) 0x000000006726af90
 Begin Bits: [0x0000000012290000, 0x0000000014218000)
 End Bits:   [0x0000000014218000, 0x00000000161a0000)

Polling page: 0x00000000023f0000

CodeCache: size=245760Kb used=11786Kb max_used=11786Kb free=233973Kb
 bounds [0x0000000002420000, 0x0000000002fb0000, 0x0000000011420000]
 total_blobs=6470 nmethods=5860 adapters=521
 compilation: enabled

Compilation events (10 events):
Event: 130.905 Thread 0x0000000016f87800 5942       1       java.util.jar.Manifest::<init> (7 bytes)
Event: 130.906 Thread 0x0000000016f87800 nmethod 5942 0x0000000002fa2090 code [0x0000000002fa21e0, 0x0000000002fa2328]
Event: 130.921 Thread 0x0000000016f87800 5944       1       sun.net.util.URLUtil::urlNoFragString (114 bytes)
Event: 130.921 Thread 0x0000000016f87800 nmethod 5944 0x0000000002fa2750 code [0x0000000002fa2940, 0x0000000002fa2d78]
Event: 132.856 Thread 0x0000000016f87800 5945       1       org.apache.catalina.util.LifecycleBase::fireLifecycleEvent (56 bytes)
Event: 132.856 Thread 0x0000000016f87800 nmethod 5945 0x0000000002fa3110 code [0x0000000002fa32c0, 0x0000000002fa3648]
Event: 132.856 Thread 0x0000000016f87800 5946       1       org.apache.catalina.LifecycleEvent::<init> (16 bytes)
Event: 132.856 Thread 0x0000000016f87800 nmethod 5946 0x0000000002fa3890 code [0x0000000002fa3a00, 0x0000000002fa3c08]
Event: 132.965 Thread 0x0000000016f87800 5948       1       java.io.FileInputStream::read (8 bytes)
Event: 132.965 Thread 0x0000000016f87800 nmethod 5948 0x0000000002fa4690 code [0x0000000002fa47e0, 0x0000000002fa4908]

GC Heap History (10 events):
Event: 7.113 GC heap before
{Heap before GC invocations=12 (full 2):
 PSYoungGen      total 231936K, used 220160K [0x00000000d5f80000, 0x00000000e9e80000, 0x0000000100000000)
  eden space 220160K, 100% used [0x00000000d5f80000,0x00000000e3680000,0x00000000e3680000)
  from space 11776K, 0% used [0x00000000e3680000,0x00000000e3680000,0x00000000e4200000)
  to   space 13312K, 0% used [0x00000000e9180000,0x00000000e9180000,0x00000000e9e80000)
 ParOldGen       total 79872K, used 17684K [0x0000000081e00000, 0x0000000086c00000, 0x00000000d5f80000)
  object space 79872K, 22% used [0x0000000081e00000,0x0000000082f45320,0x0000000086c00000)
 Metaspace       used 46035K, capacity 48404K, committed 48472K, reserved 1091584K
  class space    used 6555K, capacity 7013K, committed 7040K, reserved 1048576K
Event: 7.124 GC heap after
Heap after GC invocations=12 (full 2):
 PSYoungGen      total 303616K, used 13309K [0x00000000d5f80000, 0x00000000e9e80000, 0x0000000100000000)
  eden space 290304K, 0% used [0x00000000d5f80000,0x00000000d5f80000,0x00000000e7b00000)
  from space 13312K, 99% used [0x00000000e9180000,0x00000000e9e7f460,0x00000000e9e80000)
  to   space 15360K, 0% used [0x00000000e8080000,0x00000000e8080000,0x00000000e8f80000)
 ParOldGen       total 79872K, used 18646K [0x0000000081e00000, 0x0000000086c00000, 0x00000000d5f80000)
  object space 79872K, 23% used [0x0000000081e00000,0x0000000083035a50,0x0000000086c00000)
 Metaspace       used 46035K, capacity 48404K, committed 48472K, reserved 1091584K
  class space    used 6555K, capacity 7013K, committed 7040K, reserved 1048576K
}
Event: 87.631 GC heap before
{Heap before GC invocations=13 (full 2):
 PSYoungGen      total 303616K, used 211693K [0x00000000d5f80000, 0x00000000e9e80000, 0x0000000100000000)
  eden space 290304K, 68% used [0x00000000d5f80000,0x00000000e213c170,0x00000000e7b00000)
  from space 13312K, 99% used [0x00000000e9180000,0x00000000e9e7f460,0x00000000e9e80000)
  to   space 15360K, 0% used [0x00000000e8080000,0x00000000e8080000,0x00000000e8f80000)
 ParOldGen       total 79872K, used 18646K [0x0000000081e00000, 0x0000000086c00000, 0x00000000d5f80000)
  object space 79872K, 23% used [0x0000000081e00000,0x0000000083035a50,0x0000000086c00000)
 Metaspace       used 55994K, capacity 58938K, committed 59028K, reserved 1099776K
  class space    used 7656K, capacity 8191K, committed 8192K, reserved 1048576K
Event: 87.644 GC heap after
Heap after GC invocations=13 (full 2):
 PSYoungGen      total 311296K, used 13049K [0x00000000d5f80000, 0x00000000ee980000, 0x0000000100000000)
  eden space 295936K, 0% used [0x00000000d5f80000,0x00000000d5f80000,0x00000000e8080000)
  from space 15360K, 84% used [0x00000000e8080000,0x00000000e8d3e7a0,0x00000000e8f80000)
  to   space 16384K, 0% used [0x00000000ed980000,0x00000000ed980000,0x00000000ee980000)
 ParOldGen       total 79872K, used 22533K [0x0000000081e00000, 0x0000000086c00000, 0x00000000d5f80000)
  object space 79872K, 28% used [0x0000000081e00000,0x0000000083401410,0x0000000086c00000)
 Metaspace       used 55994K, capacity 58938K, committed 59028K, reserved 1099776K
  class space    used 7656K, capacity 8191K, committed 8192K, reserved 1048576K
}
Event: 87.644 GC heap before
{Heap before GC invocations=14 (full 3):
 PSYoungGen      total 311296K, used 13049K [0x00000000d5f80000, 0x00000000ee980000, 0x0000000100000000)
  eden space 295936K, 0% used [0x00000000d5f80000,0x00000000d5f80000,0x00000000e8080000)
  from space 15360K, 84% used [0x00000000e8080000,0x00000000e8d3e7a0,0x00000000e8f80000)
  to   space 16384K, 0% used [0x00000000ed980000,0x00000000ed980000,0x00000000ee980000)
 ParOldGen       total 79872K, used 22533K [0x0000000081e00000, 0x0000000086c00000, 0x00000000d5f80000)
  object space 79872K, 28% used [0x0000000081e00000,0x0000000083401410,0x0000000086c00000)
 Metaspace       used 55994K, capacity 58938K, committed 59028K, reserved 1099776K
  class space    used 7656K, capacity 8191K, committed 8192K, reserved 1048576K
Event: 87.746 GC heap after
Heap after GC invocations=14 (full 3):
 PSYoungGen      total 311296K, used 0K [0x00000000d5f80000, 0x00000000ee980000, 0x0000000100000000)
  eden space 295936K, 0% used [0x00000000d5f80000,0x00000000d5f80000,0x00000000e8080000)
  from space 15360K, 0% used [0x00000000e8080000,0x00000000e8080000,0x00000000e8f80000)
  to   space 16384K, 0% used [0x00000000ed980000,0x00000000ed980000,0x00000000ee980000)
 ParOldGen       total 107520K, used 27888K [0x0000000081e00000, 0x0000000088700000, 0x00000000d5f80000)
  object space 107520K, 25% used [0x0000000081e00000,0x000000008393c0f0,0x0000000088700000)
 Metaspace       used 55986K, capacity 58926K, committed 59028K, reserved 1099776K
  class space    used 7655K, capacity 8189K, committed 8192K, reserved 1048576K
}
Event: 130.452 GC heap before
{Heap before GC invocations=15 (full 3):
 PSYoungGen      total 311296K, used 249981K [0x00000000d5f80000, 0x00000000ee980000, 0x0000000100000000)
  eden space 295936K, 84% used [0x00000000d5f80000,0x00000000e539f5e8,0x00000000e8080000)
  from space 15360K, 0% used [0x00000000e8080000,0x00000000e8080000,0x00000000e8f80000)
  to   space 16384K, 0% used [0x00000000ed980000,0x00000000ed980000,0x00000000ee980000)
 ParOldGen       total 107520K, used 27888K [0x0000000081e00000, 0x0000000088700000, 0x00000000d5f80000)
  object space 107520K, 25% used [0x0000000081e00000,0x000000008393c0f0,0x0000000088700000)
 Metaspace       used 59807K, capacity 62968K, committed 63192K, reserved 1103872K
  class space    used 8083K, capacity 8642K, committed 8704K, reserved 1048576K
Event: 130.496 GC heap after
Heap after GC invocations=15 (full 3):
 PSYoungGen      total 387584K, used 8196K [0x00000000d5f80000, 0x00000000ef380000, 0x0000000100000000)
  eden space 371200K, 0% used [0x00000000d5f80000,0x00000000d5f80000,0x00000000eca00000)
  from space 16384K, 50% used [0x00000000ed980000,0x00000000ee181180,0x00000000ee980000)
  to   space 15872K, 0% used [0x00000000eca00000,0x00000000eca00000,0x00000000ed980000)
 ParOldGen       total 107520K, used 93432K [0x0000000081e00000, 0x0000000088700000, 0x00000000d5f80000)
  object space 107520K, 86% used [0x0000000081e00000,0x000000008793e100,0x0000000088700000)
 Metaspace       used 59807K, capacity 62968K, committed 63192K, reserved 1103872K
  class space    used 8083K, capacity 8642K, committed 8704K, reserved 1048576K
}
Event: 130.496 GC heap before
{Heap before GC invocations=16 (full 4):
 PSYoungGen      total 387584K, used 8196K [0x00000000d5f80000, 0x00000000ef380000, 0x0000000100000000)
  eden space 371200K, 0% used [0x00000000d5f80000,0x00000000d5f80000,0x00000000eca00000)
  from space 16384K, 50% used [0x00000000ed980000,0x00000000ee181180,0x00000000ee980000)
  to   space 15872K, 0% used [0x00000000eca00000,0x00000000eca00000,0x00000000ed980000)
 ParOldGen       total 107520K, used 93432K [0x0000000081e00000, 0x0000000088700000, 0x00000000d5f80000)
  object space 107520K, 86% used [0x0000000081e00000,0x000000008793e100,0x0000000088700000)
 Metaspace       used 59807K, capacity 62968K, committed 63192K, reserved 1103872K
  class space    used 8083K, capacity 8642K, committed 8704K, reserved 1048576K
Event: 130.572 GC heap after
Heap after GC invocations=16 (full 4):
 PSYoungGen      total 387584K, used 0K [0x00000000d5f80000, 0x00000000ef380000, 0x0000000100000000)
  eden space 371200K, 0% used [0x00000000d5f80000,0x00000000d5f80000,0x00000000eca00000)
  from space 16384K, 0% used [0x00000000ed980000,0x00000000ed980000,0x00000000ee980000)
  to   space 15872K, 0% used [0x00000000eca00000,0x00000000eca00000,0x00000000ed980000)
 ParOldGen       total 216576K, used 92512K [0x0000000081e00000, 0x000000008f180000, 0x00000000d5f80000)
  object space 216576K, 42% used [0x0000000081e00000,0x0000000087858088,0x000000008f180000)
 Metaspace       used 59794K, capacity 62932K, committed 63192K, reserved 1103872K
  class space    used 8079K, capacity 8636K, committed 8704K, reserved 1048576K
}

Deoptimization events (0 events):
No events

Classes redefined (0 events):
No events

Internal exceptions (10 events):
Event: 88.204 Thread 0x000000001cc99800 Exception <a 'java/lang/ClassNotFoundException': java/lang/ObjectCustomizer> (0x00000000d99efc98) thrown at [C:\jenkins\workspace\8-2-build-windows-amd64-cygwin\jdk8u251\737\hotspot\src\share\vm\classfile\systemDictionary.cpp, line 210]
Event: 88.204 Thread 0x000000001cc99800 Exception <a 'java/lang/ArrayIndexOutOfBoundsException'> (0x00000000d99f33b0) thrown at [C:\jenkins\workspace\8-2-build-windows-amd64-cygwin\jdk8u251\737\hotspot\src\share\vm\runtime\sharedRuntime.cpp, line 605]
Event: 88.204 Thread 0x000000001cc99800 Exception <a 'java/lang/ClassNotFoundException': com/online/videostreaming/classrooms/onlineclassrooms/forms/VideoUploadFormCustomizer> (0x00000000d9a32210) thrown at [C:\jenkins\workspace\8-2-build-windows-amd64-cygwin\jdk8u251\737\hotspot\src\share\vm\c
Event: 130.283 Thread 0x000000001cc9d000 Exception <a 'sun/nio/fs/WindowsException'> (0x00000000dd34a700) thrown at [C:\jenkins\workspace\8-2-build-windows-amd64-cygwin\jdk8u251\737\hotspot\src\share\vm\prims\jni.cpp, line 710]
Event: 130.305 Thread 0x000000001cc9d000 Exception <a 'sun/nio/fs/WindowsException'> (0x00000000dd34b470) thrown at [C:\jenkins\workspace\8-2-build-windows-amd64-cygwin\jdk8u251\737\hotspot\src\share\vm\prims\jni.cpp, line 710]
Event: 130.305 Thread 0x000000001cc9d000 Exception <a 'sun/nio/fs/WindowsException'> (0x00000000dd34bb68) thrown at [C:\jenkins\workspace\8-2-build-windows-amd64-cygwin\jdk8u251\737\hotspot\src\share\vm\prims\jni.cpp, line 710]
Event: 130.307 Thread 0x000000001cc9d000 Exception <a 'sun/nio/fs/WindowsException'> (0x00000000dd34e550) thrown at [C:\jenkins\workspace\8-2-build-windows-amd64-cygwin\jdk8u251\737\hotspot\src\share\vm\prims\jni.cpp, line 710]
Event: 130.307 Thread 0x000000001cc9d000 Exception <a 'sun/nio/fs/WindowsException'> (0x00000000dd34ec90) thrown at [C:\jenkins\workspace\8-2-build-windows-amd64-cygwin\jdk8u251\737\hotspot\src\share\vm\prims\jni.cpp, line 710]
Event: 130.307 Thread 0x000000001cc9d000 Exception <a 'sun/nio/fs/WindowsException'> (0x00000000dd350080) thrown at [C:\jenkins\workspace\8-2-build-windows-amd64-cygwin\jdk8u251\737\hotspot\src\share\vm\prims\jni.cpp, line 710]
Event: 130.307 Thread 0x000000001cc9d000 Exception <a 'sun/nio/fs/WindowsException'> (0x00000000dd3507e0) thrown at [C:\jenkins\workspace\8-2-build-windows-amd64-cygwin\jdk8u251\737\hotspot\src\share\vm\prims\jni.cpp, line 710]

Events (10 events):
Event: 132.965 loading class com/xuggle/mediatool/IMediaListener
Event: 132.965 loading class com/xuggle/mediatool/IMediaListener done
Event: 132.965 loading class com/xuggle/mediatool/AMediaListenerMixin
Event: 132.965 loading class com/xuggle/mediatool/AMediaListenerMixin done
Event: 132.966 loading class com/xuggle/xuggler/IContainer$Type
Event: 132.966 loading class com/xuggle/xuggler/IContainer$Type done
Event: 132.966 loading class com/xuggle/xuggler/IContainer$Type$SwigNext
Event: 132.966 loading class com/xuggle/xuggler/IContainer$Type$SwigNext done
Event: 132.966 loading class com/xuggle/xuggler/IContainerFormat
Event: 132.966 loading class com/xuggle/xuggler/IContainerFormat done


Dynamic libraries:
0x00007ff68d080000 - 0x00007ff68d0b7000 	C:\Program Files\Java\jre1.8.0_251\bin\javaw.exe
0x00007ff8eb6b0000 - 0x00007ff8eb8a5000 	C:\WINDOWS\SYSTEM32\ntdll.dll
0x00007ff8e97d0000 - 0x00007ff8e988d000 	C:\WINDOWS\System32\KERNEL32.DLL
0x00007ff8e9280000 - 0x00007ff8e9548000 	C:\WINDOWS\System32\KERNELBASE.dll
0x00007ff8e9930000 - 0x00007ff8e99dc000 	C:\WINDOWS\System32\ADVAPI32.dll
0x00007ff8ead80000 - 0x00007ff8eae1e000 	C:\WINDOWS\System32\msvcrt.dll
0x00007ff8e9890000 - 0x00007ff8e992b000 	C:\WINDOWS\System32\sechost.dll
0x00007ff8e9bc0000 - 0x00007ff8e9ceb000 	C:\WINDOWS\System32\RPCRT4.dll
0x00007ff8eb080000 - 0x00007ff8eb220000 	C:\WINDOWS\System32\USER32.dll
0x00007ff8e9680000 - 0x00007ff8e96a2000 	C:\WINDOWS\System32\win32u.dll
0x00007ff8eaf70000 - 0x00007ff8eaf9a000 	C:\WINDOWS\System32\GDI32.dll
0x00007ff8e8df0000 - 0x00007ff8e8efb000 	C:\WINDOWS\System32\gdi32full.dll
0x00007ff8e91e0000 - 0x00007ff8e927d000 	C:\WINDOWS\System32\msvcp_win.dll
0x00007ff8e90b0000 - 0x00007ff8e91b0000 	C:\WINDOWS\System32\ucrtbase.dll
0x00007ff8c2700000 - 0x00007ff8c299a000 	C:\WINDOWS\WinSxS\amd64_microsoft.windows.common-controls_6595b64144ccf1df_6.0.19041.844_none_ca00b6081b84eb1d\COMCTL32.dll
0x00007ff8e99e0000 - 0x00007ff8e9a10000 	C:\WINDOWS\System32\IMM32.DLL
0x0000000065ef0000 - 0x0000000065fc2000 	C:\Program Files\Java\jre1.8.0_251\bin\msvcr100.dll
0x0000000066a40000 - 0x00000000672eb000 	C:\Program Files\Java\jre1.8.0_251\bin\server\jvm.dll
0x00007ff8eb580000 - 0x00007ff8eb588000 	C:\WINDOWS\System32\PSAPI.DLL
0x00007ff8d3970000 - 0x00007ff8d3979000 	C:\WINDOWS\SYSTEM32\WSOCK32.dll
0x00007ff8dcd40000 - 0x00007ff8dcd4a000 	C:\WINDOWS\SYSTEM32\VERSION.dll
0x00007ff8d3df0000 - 0x00007ff8d3e17000 	C:\WINDOWS\SYSTEM32\WINMM.dll
0x00007ff8eac60000 - 0x00007ff8eaccb000 	C:\WINDOWS\System32\WS2_32.dll
0x00007ff8e6330000 - 0x00007ff8e633f000 	C:\Program Files\Java\jre1.8.0_251\bin\verify.dll
0x00007ff8cd210000 - 0x00007ff8cd239000 	C:\Program Files\Java\jre1.8.0_251\bin\java.dll
0x00007ff8d6230000 - 0x00007ff8d6246000 	C:\Program Files\Java\jre1.8.0_251\bin\zip.dll
0x00007ff8e9cf0000 - 0x00007ff8ea432000 	C:\WINDOWS\System32\SHELL32.dll
0x00007ff8e6c00000 - 0x00007ff8e7390000 	C:\WINDOWS\SYSTEM32\windows.storage.dll
0x00007ff8eb220000 - 0x00007ff8eb575000 	C:\WINDOWS\System32\combase.dll
0x00007ff8e8790000 - 0x00007ff8e87bc000 	C:\WINDOWS\SYSTEM32\Wldp.dll
0x00007ff8eacd0000 - 0x00007ff8ead7e000 	C:\WINDOWS\System32\SHCORE.dll
0x00007ff8eb590000 - 0x00007ff8eb5e5000 	C:\WINDOWS\System32\shlwapi.dll
0x00007ff8e8d30000 - 0x00007ff8e8d4f000 	C:\WINDOWS\SYSTEM32\profapi.dll
0x00007ff8dd100000 - 0x00007ff8dd10d000 	C:\Program Files\Java\jre1.8.0_251\bin\management.dll
0x00007ff8c8010000 - 0x00007ff8c802a000 	C:\Program Files\Java\jre1.8.0_251\bin\net.dll
0x00007ff8e8500000 - 0x00007ff8e856a000 	C:\WINDOWS\system32\mswsock.dll
0x00007ff8c7f80000 - 0x00007ff8c7f92000 	C:\Program Files\Java\jre1.8.0_251\bin\nio.dll
0x00007ff8d21d0000 - 0x00007ff8d21e7000 	C:\WINDOWS\system32\napinsp.dll
0x00007ff8d2180000 - 0x00007ff8d219b000 	C:\WINDOWS\system32\pnrpnsp.dll
0x00007ff8e2300000 - 0x00007ff8e2315000 	C:\WINDOWS\system32\wshbth.dll
0x00007ff8e3fb0000 - 0x00007ff8e3fcd000 	C:\WINDOWS\system32\NLAapi.dll
0x00007ff8e81f0000 - 0x00007ff8e822b000 	C:\WINDOWS\SYSTEM32\IPHLPAPI.DLL
0x00007ff8e8240000 - 0x00007ff8e830c000 	C:\WINDOWS\SYSTEM32\DNSAPI.dll
0x00007ff8eaf60000 - 0x00007ff8eaf68000 	C:\WINDOWS\System32\NSI.dll
0x00007ff8d2040000 - 0x00007ff8d2052000 	C:\WINDOWS\System32\winrnr.dll
0x00007ff8ddc20000 - 0x00007ff8ddc2a000 	C:\Windows\System32\rasadhlp.dll
0x00007ff8df180000 - 0x00007ff8df1ff000 	C:\WINDOWS\System32\fwpuclnt.dll
0x00007ff8e91b0000 - 0x00007ff8e91d7000 	C:\WINDOWS\System32\bcrypt.dll
0x00007ff8e86e0000 - 0x00007ff8e86f8000 	C:\WINDOWS\SYSTEM32\CRYPTSP.dll
0x00007ff8e7ea0000 - 0x00007ff8e7ed4000 	C:\WINDOWS\system32\rsaenh.dll
0x00007ff8e8ca0000 - 0x00007ff8e8cce000 	C:\WINDOWS\SYSTEM32\USERENV.dll
0x00007ff8e9550000 - 0x00007ff8e95d0000 	C:\WINDOWS\System32\bcryptprimitives.dll
0x00007ff8e86d0000 - 0x00007ff8e86dc000 	C:\WINDOWS\SYSTEM32\CRYPTBASE.dll
0x00007ff8e0ed0000 - 0x00007ff8e0ee7000 	C:\WINDOWS\SYSTEM32\dhcpcsvc6.DLL
0x00007ff8e1430000 - 0x00007ff8e144d000 	C:\WINDOWS\SYSTEM32\dhcpcsvc.DLL
0x000000006e740000 - 0x000000006fda5000 	C:\Users\Ganpati_IshaanNmj\AppData\Local\Temp\xuggle\xuggle5171651335765638782.dll
0x00007ff8eab30000 - 0x00007ff8eac5a000 	C:\WINDOWS\System32\ole32.dll
0x00007ff8c7fc0000 - 0x00007ff8c7fd9000 	C:\WINDOWS\SYSTEM32\AVICAP32.dll
0x00007ff8c6710000 - 0x00007ff8c673b000 	C:\WINDOWS\SYSTEM32\MSVFW32.dll
0x00007ff8e7720000 - 0x00007ff8e7904000 	C:\WINDOWS\SYSTEM32\dbghelp.dll

VM Arguments:
jvm_args: -Dcom.sun.management.jmxremote -Dcom.sun.management.jmxremote.port=55275 -Dcom.sun.management.jmxremote.authenticate=false -Dcom.sun.management.jmxremote.ssl=false -Djava.rmi.server.hostname=localhost -Dspring.jmx.enabled=true -Dspring.application.admin.enabled=true -Xverify:none -XX:TieredStopAtLevel=1 -Dspring.boot.project.name=online-classrooms -Dfile.encoding=UTF-8 
java_command: com.online.videostreaming.classrooms.onlineclassrooms.OnlineClassroomsApplication
java_class_path (initial): M:\SourceCode\Online-Video-Streaming-Directory\online-classrooms\target\classes;C:\Users\Ganpati_IshaanNmj\.m2\repository\io\netty\netty\3.6.3.Final\netty-3.6.3.Final.jar;C:\Users\Ganpati_IshaanNmj\.m2\repository\net\java\dev\jna\jna-platform\5.6.0\jna-platform-5.6.0.jar;C:\Users\Ganpati_IshaanNmj\.m2\repository\net\java\dev\jna\jna\5.6.0\jna-5.6.0.jar;C:\Users\Ganpati_IshaanNmj\.m2\repository\commons-fileupload\commons-fileupload\1.4\commons-fileupload-1.4.jar;C:\Users\Ganpati_IshaanNmj\.m2\repository\commons-io\commons-io\2.2\commons-io-2.2.jar;C:\Users\Ganpati_IshaanNmj\.m2\repository\org\eclipse\jetty\aggregate\jetty-all\9.2.7.v20150116\jetty-all-9.2.7.v20150116.jar;C:\Users\Ganpati_IshaanNmj\.m2\repository\javax\websocket\javax.websocket-api\1.1\javax.websocket-api-1.1.jar;C:\Users\Ganpati_IshaanNmj\.m2\repository\javax\servlet\javax.servlet-api\4.0.1\javax.servlet-api-4.0.1.jar;C:\Users\Ganpati_IshaanNmj\.m2\repository\com\github\sarxos\webcam-capture-driver-ipcam\0.3.12\webcam-capture-driver-ipcam-0.3.12.jar;C:\Users\Ganpati_IshaanNmj\.m2\repository\org\apache\httpcomponents\httpclient\4.5.13\httpclient-4.5.13.jar;C:\Users\Ganpati_IshaanNmj\.m2\repository\org\apache\httpcomponents\httpcore\4.4.14\httpcore-4.4.14.jar;C:\Users\Ganpati_IshaanNmj\.m2\repository\org\apache\httpcomponents\httpmime\4.5.13\httpmime-4.5.13.jar;C:\Users\Ganpati_IshaanNmj\.m2\repository\net\coobird\thumbnailator\0.4.3\thumbnailator-0.4.3.jar;C:\Users\Ganpati_IshaanNmj\.m2\repository\xuggle\xuggle-xuggler\5.4\xuggle-xuggler-5.4.jar;C:\Users\Ganpati_IshaanNmj\.m2\repository\com\google\code\gson\gson\2.8.6\gson-2.8.6.jar;C:\Users\Ganpati_IshaanNmj\.m2\repository\com\github\lwfwind\common\java-common-helper\1.8\java-common-helper-1.8.jar;C:\Users\Ganpati_IshaanNmj\.m2\repository\log4j\log4j\1.2.16\log4j-1.2.16.jar;C:\Users\Ganpati_IshaanNmj\.m2\repository\org\apache\commons\commons-collections4\4.1\commons-collections4-4.1.jar;C:\Users\Ganpati_IshaanNmj\.m2\repo
Launcher Type: SUN_STANDARD

Environment Variables:
JAVA_HOME=C:\Program Files\Java\jdk1.8.0_251
JRE_HOME=C:\Program Files\Java\jre1.8.0_251
PATH=C:/Program Files/Java/jre1.8.0_251/bin/server;C:/Program Files/Java/jre1.8.0_251/bin;C:/Program Files/Java/jre1.8.0_251/lib/amd64;C:\Program Files (x86)\Common Files\Oracle\Java\javapath;C:\WINDOWS\system32;C:\WINDOWS;C:\WINDOWS\System32\Wbem;C:\WINDOWS\System32\WindowsPowerShell\v1.0\;C:\WINDOWS\System32\OpenSSH\;C:\Program Files\Intel\WiFi\bin\;C:\Program Files\Common Files\Intel\WirelessCommon\;C:\Program Files (x86)\Intel\Intel(R) Management Engine Components\DAL;C:\Program Files\Intel\Intel(R) Management Engine Components\DAL;M:\SourceCode\SpringBootCli\apache-maven-3.5.2-bin\apache-maven-3.5.2\bin;M:\SourceCode\SpringBootCli\spring-boot-cli-2.1.8.RELEASE-bin\spring-2.1.8.RELEASE\bin;C:\Program Files\Java\jdk1.8.0_251\bin;C:\Program Files\Git\cmd;M:\Software\Redis-x64-3.0.504;C:\Gradle\gradle-6.8\bin;C:\Program Files\MySQL\MySQL Shell 8.0\bin\;C:\Program Files\JSONBuddy;C:\Users\Ganpati_IshaanNmj\AppData\Local\Microsoft\WindowsApps;C:\Users\Ganpati_IshaanNmj\AppData\Roaming\npm;C:\Program Files\Java\jre1.8.0_291\bin;;M:\Software\eclipse-java-2019-09-R-win32-x86_64\eclipse;
USERNAME=Ganpati_IshaanNmj
OS=Windows_NT
PROCESSOR_IDENTIFIER=Intel64 Family 6 Model 158 Stepping 11, GenuineIntel



---------------  S Y S T E M  ---------------

OS: Windows 10.0 , 64 bit Build 19041 (10.0.19041.928)

CPU:total 4 (initial active 4) (4 cores per cpu, 1 threads per core) family 6 model 158 stepping 11, cmov, cx8, fxsr, mmx, sse, sse2, sse3, ssse3, sse4.1, sse4.2, popcnt, avx, avx2, aes, clmul, erms, 3dnowpref, lzcnt, tsc, tscinvbit, bmi1, bmi2, adx

Memory: 4k page, physical 8258120k(1974136k free), swap 13763144k(5894872k free)

vm_info: Java HotSpot(TM) 64-Bit Server VM (25.251-b08) for windows-amd64 JRE (1.8.0_251-b08), built on Mar 12 2020 06:31:49 by "" with MS VC++ 10.0 (VS2010)

time: Sun May 23 22:42:00 2021
timezone: India Standard Time
elapsed time: 133 seconds (0d 0h 2m 13s)

