#
# A fatal error has been detected by the Java Runtime Environment:
#
#  EXCEPTION_ACCESS_VIOLATION (0xc0000005) at pc=0x000000006ee76520, pid=1972, tid=0x00000000000001d8
#
# JRE version: Java(TM) SE Runtime Environment (8.0_251-b08) (build 1.8.0_251-b08)
# Java VM: Java HotSpot(TM) 64-Bit Server VM (25.251-b08 mixed mode windows-amd64 compressed oops)
# Problematic frame:
# C  [xuggle4590699431888870988.dll+0x736520]
#
# Failed to write core dump. Minidumps are not enabled by default on client versions of Windows
#
# If you would like to submit a bug report, please visit:
#   http://bugreport.java.com/bugreport/crash.jsp
# The crash happened outside the Java Virtual Machine in native code.
# See problematic frame for where to report the bug.
#

---------------  T H R E A D  ---------------

Current thread (0x000000001daba000):  JavaThread "http-nio-8080-exec-4" daemon [_thread_in_native, id=472, stack(0x000000001f000000,0x000000001f100000)]

siginfo: ExceptionCode=0xc0000005, reading address 0xffffffffffffffff

Registers:
RAX=0x000000001efd13b0, RBX=0x00000000204a3630, RCX=0x000000001efd13b0, RDX=0x0000000000000009
RSP=0x000000001f0fbce0, RBP=0x000000001efd0af0, RSI=0x000000001efd23b0, RDI=0x0000000000000004
R8 =0x000000006ee77580, R9 =0x000000006ee76490, R10=0x0000000020890c70, R11=0x000000001ef2abe0
R12=0x000000001ef2b3e0, R13=0x0000000000000004, R14=0x0000000000000184, R15=0x000000006fab8f20
RIP=0x000000006ee76520, EFLAGS=0x0000000000010202

Top of Stack: (sp=0x000000001f0fbce0)
0x000000001f0fbce0:   000000006ee76665 000000006ee774c5
0x000000001f0fbcf0:   000000006ee77505 000000006ee77545
0x000000001f0fbd00:   000000006ee77585 000000006ee79426
0x000000001f0fbd10:   000000006fab8f20 000000001efd13b0
0x000000001f0fbd20:   00000000204a5af0 00000000170a37c8
0x000000001f0fbd30:   3fe0000000000000 0000000000000000
0x000000001f0fbd40:   40c7760000000000 0000000000000000
0x000000001f0fbd50:   3fe0000000000000 0000000000000001
0x000000001f0fbd60:   00000000204a6af0 000000006ea45d24
0x000000001f0fbd70:   3f40624dd2f1a9fc 0000000000000000
0x000000001f0fbd80:   0000000000000000 0000000000000000
0x000000001f0fbd90:   0000000000000000 0000000000000000
0x000000001f0fbda0:   00000000204af9f0 000000006fab7320
0x000000001f0fbdb0:   0000000000000000 00000000204a3590
0x000000001f0fbdc0:   0000000000000001 000000001efd0af0
0x000000001f0fbdd0:   000000001efd0b70 0000000000000000 

Instructions: (pc=0x000000006ee76520)
0x000000006ee76500:   c4 e3 5d 0c c0 55 c5 e4 5c c8 c5 e4 58 c0 c5 fc
0x000000006ee76510:   29 01 c5 fc 29 49 20 c3 0f 1f 84 00 00 00 00 00
0x000000006ee76520:   c5 fc 28 51 40 c5 fc 28 59 60 c5 ec 5c fb c5 ec
0x000000006ee76530:   58 d3 c5 c4 57 3d 26 41 84 00 c5 ec c6 df be c5 


Register to memory mapping:

RAX=0x000000001efd13b0 is an unknown value
RBX=0x00000000204a3630 is an unknown value
RCX=0x000000001efd13b0 is an unknown value
RDX=0x0000000000000009 is an unknown value
RSP=0x000000001f0fbce0 is pointing into the stack for thread: 0x000000001daba000
RBP=0x000000001efd0af0 is an unknown value
RSI=0x000000001efd23b0 is an unknown value
RDI=0x0000000000000004 is an unknown value
R8 =0x000000006ee77580 is an unknown value
R9 =0x000000006ee76490 is an unknown value
R10=0x0000000020890c70 is an unknown value
R11=0x000000001ef2abe0 is an unknown value
R12=0x000000001ef2b3e0 is an unknown value
R13=0x0000000000000004 is an unknown value
R14=0x0000000000000184 is an unknown value
R15=0x000000006fab8f20 is an unknown value


Stack: [0x000000001f000000,0x000000001f100000],  sp=0x000000001f0fbce0,  free space=1007k
Native frames: (J=compiled Java code, j=interpreted, Vv=VM code, C=native code)
C  [xuggle4590699431888870988.dll+0x736520]

Java frames: (J=compiled Java code, j=interpreted, Vv=VM code)
j  com.xuggle.xuggler.XugglerJNI.IContainer_open__SWIG_1(JLcom/xuggle/xuggler/IContainer;Ljava/lang/String;IJLcom/xuggle/xuggler/IContainerFormat;ZZ)I+0
j  com.xuggle.xuggler.IContainer.open(Ljava/lang/String;Lcom/xuggle/xuggler/IContainer$Type;Lcom/xuggle/xuggler/IContainerFormat;ZZ)I+19
j  com.xuggle.mediatool.MediaReader.open()V+20
j  com.xuggle.mediatool.MediaReader.readPacket()Lcom/xuggle/xuggler/IError;+8
j  com.online.videostreaming.classrooms.onlineclassrooms.utils.Thumbnail.generateThumbnail(Ljava/lang/String;Ljava/lang/String;Ljava/lang/String;)V+72
j  com.online.videostreaming.classrooms.onlineclassrooms.controller.VideoController.uploadVideoPost(Lcom/online/videostreaming/classrooms/onlineclassrooms/forms/VideoUploadForm;Lorg/springframework/ui/Model;Ljavax/servlet/http/HttpServletRequest;Ljavax/servlet/http/HttpServletResponse;Lorg/springframework/web/servlet/mvc/support/RedirectAttributes;Lorg/springframework/validation/BindingResult;)Ljava/lang/String;+445
v  ~StubRoutines::call_stub
J 2058  sun.reflect.NativeMethodAccessorImpl.invoke0(Ljava/lang/reflect/Method;Ljava/lang/Object;[Ljava/lang/Object;)Ljava/lang/Object; (0 bytes) @ 0x0000000002c9713f [0x0000000002c970c0+0x7f]
J 2057 C1 sun.reflect.NativeMethodAccessorImpl.invoke(Ljava/lang/Object;[Ljava/lang/Object;)Ljava/lang/Object; (104 bytes) @ 0x0000000002c97c5c [0x0000000002c978e0+0x37c]
J 1888 C1 sun.reflect.DelegatingMethodAccessorImpl.invoke(Ljava/lang/Object;[Ljava/lang/Object;)Ljava/lang/Object; (10 bytes) @ 0x0000000002c3afa4 [0x0000000002c3af60+0x44]
J 1887 C1 java.lang.reflect.Method.invoke(Ljava/lang/Object;[Ljava/lang/Object;)Ljava/lang/Object; (62 bytes) @ 0x0000000002c3abd4 [0x0000000002c3aae0+0xf4]
j  org.springframework.web.method.support.InvocableHandlerMethod.doInvoke([Ljava/lang/Object;)Ljava/lang/Object;+32
j  org.springframework.web.method.support.InvocableHandlerMethod.invokeForRequest(Lorg/springframework/web/context/request/NativeWebRequest;Lorg/springframework/web/method/support/ModelAndViewContainer;[Ljava/lang/Object;)Ljava/lang/Object;+54
j  org.springframework.web.servlet.mvc.method.annotation.ServletInvocableHandlerMethod.invokeAndHandle(Lorg/springframework/web/context/request/ServletWebRequest;Lorg/springframework/web/method/support/ModelAndViewContainer;[Ljava/lang/Object;)V+4
j  org.springframework.web.servlet.mvc.method.annotation.RequestMappingHandlerAdapter.invokeHandlerMethod(Ljavax/servlet/http/HttpServletRequest;Ljavax/servlet/http/HttpServletResponse;Lorg/springframework/web/method/HandlerMethod;)Lorg/springframework/web/servlet/ModelAndView;+244
j  org.springframework.web.servlet.mvc.method.annotation.RequestMappingHandlerAdapter.handleInternal(Ljavax/servlet/http/HttpServletRequest;Ljavax/servlet/http/HttpServletResponse;Lorg/springframework/web/method/HandlerMethod;)Lorg/springframework/web/servlet/ModelAndView;+81
j  org.springframework.web.servlet.mvc.method.AbstractHandlerMethodAdapter.handle(Ljavax/servlet/http/HttpServletRequest;Ljavax/servlet/http/HttpServletResponse;Ljava/lang/Object;)Lorg/springframework/web/servlet/ModelAndView;+7
j  org.springframework.web.servlet.DispatcherServlet.doDispatch(Ljavax/servlet/http/HttpServletRequest;Ljavax/servlet/http/HttpServletResponse;)V+257
j  org.springframework.web.servlet.DispatcherServlet.doService(Ljavax/servlet/http/HttpServletRequest;Ljavax/servlet/http/HttpServletResponse;)V+241
j  org.springframework.web.servlet.FrameworkServlet.processRequest(Ljavax/servlet/http/HttpServletRequest;Ljavax/servlet/http/HttpServletResponse;)V+71
j  org.springframework.web.servlet.FrameworkServlet.doPost(Ljavax/servlet/http/HttpServletRequest;Ljavax/servlet/http/HttpServletResponse;)V+3
j  javax.servlet.http.HttpServlet.service(Ljavax/servlet/http/HttpServletRequest;Ljavax/servlet/http/HttpServletResponse;)V+149
j  org.springframework.web.servlet.FrameworkServlet.service(Ljavax/servlet/http/HttpServletRequest;Ljavax/servlet/http/HttpServletResponse;)V+33
j  javax.servlet.http.HttpServlet.service(Ljavax/servlet/ServletRequest;Ljavax/servlet/ServletResponse;)V+36
j  org.apache.catalina.core.ApplicationFilterChain.internalDoFilter(Ljavax/servlet/ServletRequest;Ljavax/servlet/ServletResponse;)V+304
j  org.apache.catalina.core.ApplicationFilterChain.doFilter(Ljavax/servlet/ServletRequest;Ljavax/servlet/ServletResponse;)V+99
j  org.apache.tomcat.websocket.server.WsFilter.doFilter(Ljavax/servlet/ServletRequest;Ljavax/servlet/ServletResponse;Ljavax/servlet/FilterChain;)V+21
j  org.apache.catalina.core.ApplicationFilterChain.internalDoFilter(Ljavax/servlet/ServletRequest;Ljavax/servlet/ServletResponse;)V+135
j  org.apache.catalina.core.ApplicationFilterChain.doFilter(Ljavax/servlet/ServletRequest;Ljavax/servlet/ServletResponse;)V+99
j  org.springframework.web.filter.RequestContextFilter.doFilterInternal(Ljavax/servlet/http/HttpServletRequest;Ljavax/servlet/http/HttpServletResponse;Ljavax/servlet/FilterChain;)V+21
j  org.springframework.web.filter.OncePerRequestFilter.doFilter(Ljavax/servlet/ServletRequest;Ljavax/servlet/ServletResponse;Ljavax/servlet/FilterChain;)V+147
j  org.apache.catalina.core.ApplicationFilterChain.internalDoFilter(Ljavax/servlet/ServletRequest;Ljavax/servlet/ServletResponse;)V+135
j  org.apache.catalina.core.ApplicationFilterChain.doFilter(Ljavax/servlet/ServletRequest;Ljavax/servlet/ServletResponse;)V+99
j  org.springframework.web.filter.FormContentFilter.doFilterInternal(Ljavax/servlet/http/HttpServletRequest;Ljavax/servlet/http/HttpServletResponse;Ljavax/servlet/FilterChain;)V+38
j  org.springframework.web.filter.OncePerRequestFilter.doFilter(Ljavax/servlet/ServletRequest;Ljavax/servlet/ServletResponse;Ljavax/servlet/FilterChain;)V+147
j  org.apache.catalina.core.ApplicationFilterChain.internalDoFilter(Ljavax/servlet/ServletRequest;Ljavax/servlet/ServletResponse;)V+135
j  org.apache.catalina.core.ApplicationFilterChain.doFilter(Ljavax/servlet/ServletRequest;Ljavax/servlet/ServletResponse;)V+99
j  org.springframework.web.filter.CharacterEncodingFilter.doFilterInternal(Ljavax/servlet/http/HttpServletRequest;Ljavax/servlet/http/HttpServletResponse;Ljavax/servlet/FilterChain;)V+53
j  org.springframework.web.filter.OncePerRequestFilter.doFilter(Ljavax/servlet/ServletRequest;Ljavax/servlet/ServletResponse;Ljavax/servlet/FilterChain;)V+147
j  org.apache.catalina.core.ApplicationFilterChain.internalDoFilter(Ljavax/servlet/ServletRequest;Ljavax/servlet/ServletResponse;)V+135
j  org.apache.catalina.core.ApplicationFilterChain.doFilter(Ljavax/servlet/ServletRequest;Ljavax/servlet/ServletResponse;)V+99
j  org.apache.catalina.core.StandardWrapperValve.invoke(Lorg/apache/catalina/connector/Request;Lorg/apache/catalina/connector/Response;)V+694
j  org.apache.catalina.core.StandardContextValve.invoke(Lorg/apache/catalina/connector/Request;Lorg/apache/catalina/connector/Response;)V+169
j  org.apache.catalina.authenticator.AuthenticatorBase.invoke(Lorg/apache/catalina/connector/Request;Lorg/apache/catalina/connector/Response;)V+260
j  org.apache.catalina.core.StandardHostValve.invoke(Lorg/apache/catalina/connector/Request;Lorg/apache/catalina/connector/Response;)V+128
j  org.apache.catalina.valves.ErrorReportValve.invoke(Lorg/apache/catalina/connector/Request;Lorg/apache/catalina/connector/Response;)V+6
j  org.apache.catalina.core.StandardEngineValve.invoke(Lorg/apache/catalina/connector/Request;Lorg/apache/catalina/connector/Response;)V+59
j  org.apache.catalina.connector.CoyoteAdapter.service(Lorg/apache/coyote/Request;Lorg/apache/coyote/Response;)V+199
j  org.apache.coyote.http11.Http11Processor.service(Lorg/apache/tomcat/util/net/SocketWrapperBase;)Lorg/apache/tomcat/util/net/AbstractEndpoint$Handler$SocketState;+737
j  org.apache.coyote.AbstractProcessorLight.process(Lorg/apache/tomcat/util/net/SocketWrapperBase;Lorg/apache/tomcat/util/net/SocketEvent;)Lorg/apache/tomcat/util/net/AbstractEndpoint$Handler$SocketState;+170
j  org.apache.coyote.AbstractProtocol$ConnectionHandler.process(Lorg/apache/tomcat/util/net/SocketWrapperBase;Lorg/apache/tomcat/util/net/SocketEvent;)Lorg/apache/tomcat/util/net/AbstractEndpoint$Handler$SocketState;+505
j  org.apache.tomcat.util.net.NioEndpoint$SocketProcessor.doRun()V+216
j  org.apache.tomcat.util.net.SocketProcessorBase.run()V+21
j  java.util.concurrent.ThreadPoolExecutor.runWorker(Ljava/util/concurrent/ThreadPoolExecutor$Worker;)V+95
j  java.util.concurrent.ThreadPoolExecutor$Worker.run()V+5
j  org.apache.tomcat.util.threads.TaskThread$WrappingRunnable.run()V+4
j  java.lang.Thread.run()V+11
v  ~StubRoutines::call_stub

---------------  P R O C E S S  ---------------

Java Threads: ( => current thread )
  0x000000001dad7800 JavaThread "DestroyJavaVM" [_thread_blocked, id=5428, stack(0x0000000002660000,0x0000000002760000)]
  0x000000001dad6000 JavaThread "http-nio-8080-Acceptor" daemon [_thread_in_native, id=8612, stack(0x000000001f800000,0x000000001f900000)]
  0x000000001dabe800 JavaThread "http-nio-8080-ClientPoller" daemon [_thread_in_native, id=15552, stack(0x000000001f700000,0x000000001f800000)]
  0x000000001dabd800 JavaThread "http-nio-8080-exec-10" daemon [_thread_blocked, id=13812, stack(0x000000001f600000,0x000000001f700000)]
  0x000000001dabd000 JavaThread "http-nio-8080-exec-9" daemon [_thread_blocked, id=1184, stack(0x000000001f500000,0x000000001f600000)]
  0x000000001dab9000 JavaThread "http-nio-8080-exec-8" daemon [_thread_blocked, id=1104, stack(0x000000001f400000,0x000000001f500000)]
  0x000000001daba800 JavaThread "http-nio-8080-exec-7" daemon [_thread_blocked, id=1212, stack(0x000000001f300000,0x000000001f400000)]
  0x000000001dabb800 JavaThread "http-nio-8080-exec-6" daemon [_thread_blocked, id=6828, stack(0x000000001f200000,0x000000001f300000)]
  0x000000001dab8800 JavaThread "http-nio-8080-exec-5" daemon [_thread_blocked, id=3772, stack(0x000000001f100000,0x000000001f200000)]
=>0x000000001daba000 JavaThread "http-nio-8080-exec-4" daemon [_thread_in_native, id=472, stack(0x000000001f000000,0x000000001f100000)]
  0x000000001dabc000 JavaThread "http-nio-8080-exec-3" daemon [_thread_blocked, id=13924, stack(0x000000001ee00000,0x000000001ef00000)]
  0x000000001dab7800 JavaThread "http-nio-8080-exec-2" daemon [_thread_blocked, id=12332, stack(0x000000001ed00000,0x000000001ee00000)]
  0x000000001dab7000 JavaThread "http-nio-8080-exec-1" daemon [_thread_blocked, id=2676, stack(0x000000001ec00000,0x000000001ed00000)]
  0x000000001dab6000 JavaThread "http-nio-8080-BlockPoller" daemon [_thread_in_native, id=15612, stack(0x000000001eb00000,0x000000001ec00000)]
  0x000000001b61c800 JavaThread "HikariPool-1 housekeeper" daemon [_thread_blocked, id=8060, stack(0x000000001cf30000,0x000000001d030000)]
  0x000000001b549800 JavaThread "PostgreSQL-JDBC-SharedTimer-1" daemon [_thread_blocked, id=11360, stack(0x000000001ce30000,0x000000001cf30000)]
  0x000000001b426000 JavaThread "container-0" [_thread_blocked, id=10612, stack(0x000000001c830000,0x000000001c930000)]
  0x000000001b420800 JavaThread "Catalina-utility-2" [_thread_blocked, id=9460, stack(0x000000001bb30000,0x000000001bc30000)]
  0x000000001b420000 JavaThread "Catalina-utility-1" [_thread_blocked, id=14444, stack(0x000000001a660000,0x000000001a760000)]
  0x00000000198fb000 JavaThread "RMI TCP Accept-0" daemon [_thread_in_native, id=8224, stack(0x0000000019f20000,0x000000001a020000)]
  0x00000000198f1000 JavaThread "RMI TCP Accept-64356" daemon [_thread_in_native, id=11128, stack(0x0000000019e20000,0x0000000019f20000)]
  0x00000000198e4800 JavaThread "RMI TCP Accept-0" daemon [_thread_in_native, id=9384, stack(0x0000000019d20000,0x0000000019e20000)]
  0x0000000018d13000 JavaThread "Service Thread" daemon [_thread_blocked, id=9120, stack(0x00000000190e0000,0x00000000191e0000)]
  0x0000000017395000 JavaThread "C1 CompilerThread2" daemon [_thread_blocked, id=13288, stack(0x0000000018be0000,0x0000000018ce0000)]
  0x000000001738e800 JavaThread "C2 CompilerThread1" daemon [_thread_blocked, id=13600, stack(0x0000000018ae0000,0x0000000018be0000)]
  0x000000001738b000 JavaThread "C2 CompilerThread0" daemon [_thread_blocked, id=13488, stack(0x00000000189e0000,0x0000000018ae0000)]
  0x0000000017389800 JavaThread "Attach Listener" daemon [_thread_blocked, id=17868, stack(0x00000000188e0000,0x00000000189e0000)]
  0x0000000017384800 JavaThread "Signal Dispatcher" daemon [_thread_blocked, id=14436, stack(0x00000000187e0000,0x00000000188e0000)]
  0x0000000017370000 JavaThread "Finalizer" daemon [_thread_blocked, id=11060, stack(0x00000000185e0000,0x00000000186e0000)]
  0x0000000017349000 JavaThread "Reference Handler" daemon [_thread_blocked, id=14220, stack(0x00000000184e0000,0x00000000185e0000)]

Other Threads:
  0x0000000017347800 VMThread [stack: 0x00000000183e0000,0x00000000184e0000] [id=13424]
  0x0000000019900000 WatcherThread [stack: 0x000000001a020000,0x000000001a120000] [id=16728]

VM state:not at safepoint (normal execution)

VM Mutex/Monitor currently owned by a thread: None

heap address: 0x0000000081e00000, size: 2018 MB, Compressed Oops mode: 32-bit
Narrow klass base: 0x0000000000000000, Narrow klass shift: 3
Compressed class space size: 1073741824 Address: 0x0000000100000000

Heap:
 PSYoungGen      total 252416K, used 130560K [0x00000000d5f80000, 0x00000000ea400000, 0x0000000100000000)
  eden space 235008K, 54% used [0x00000000d5f80000,0x00000000ddcfe458,0x00000000e4500000)
  from space 17408K, 11% used [0x00000000e4500000,0x00000000e4701de8,0x00000000e5600000)
  to   space 17920K, 0% used [0x00000000e9280000,0x00000000e9280000,0x00000000ea400000)
 ParOldGen       total 243712K, used 152682K [0x0000000081e00000, 0x0000000090c00000, 0x00000000d5f80000)
  object space 243712K, 62% used [0x0000000081e00000,0x000000008b31aaa0,0x0000000090c00000)
 Metaspace       used 57960K, capacity 60726K, committed 60800K, reserved 1101824K
  class space    used 7782K, capacity 8268K, committed 8320K, reserved 1048576K

Card table byte_map: [0x0000000011c20000,0x0000000012020000] byte_map_base: 0x0000000011811000

Marking Bits: (ParMarkBitMap*) 0x000000006726af90
 Begin Bits: [0x00000000126d0000, 0x0000000014658000)
 End Bits:   [0x0000000014658000, 0x00000000165e0000)

Polling page: 0x00000000007f0000

CodeCache: size=245760Kb used=10192Kb max_used=10360Kb free=235567Kb
 bounds [0x0000000002860000, 0x0000000003280000, 0x0000000011860000]
 total_blobs=5627 nmethods=5027 adapters=511
 compilation: enabled

Compilation events (10 events):
Event: 67.929 Thread 0x0000000017395000 5125       1       sun.nio.ch.SelectionKeyImpl::nioInterestOps (5 bytes)
Event: 67.929 Thread 0x0000000017395000 nmethod 5125 0x0000000002e52190 code [0x0000000002e522e0, 0x0000000002e523f0]
Event: 67.930 Thread 0x0000000017395000 5126       1       sun.nio.ch.SelectionKeyImpl::nioReadyOps (5 bytes)
Event: 67.930 Thread 0x0000000017395000 nmethod 5126 0x0000000002e27510 code [0x0000000002e27660, 0x0000000002e27770]
Event: 67.930 Thread 0x0000000017395000 5127       1       java.util.concurrent.ThreadPoolExecutor::workerCountOf (5 bytes)
Event: 67.930 Thread 0x0000000017395000 nmethod 5127 0x0000000002e27290 code [0x0000000002e273e0, 0x0000000002e274d0]
Event: 68.492 Thread 0x0000000017395000 5128       1       java.util.concurrent.ScheduledThreadPoolExecutor::canRunInCurrentRunState (20 bytes)
Event: 68.493 Thread 0x0000000017395000 nmethod 5128 0x0000000002e26f10 code [0x0000000002e27060, 0x0000000002e271d0]
Event: 68.493 Thread 0x0000000017395000 5129       1       java.util.concurrent.ThreadPoolExecutor::isRunningOrShutdown (31 bytes)
Event: 68.493 Thread 0x0000000017395000 nmethod 5129 0x0000000002f2cb10 code [0x0000000002f2cc60, 0x0000000002f2cdb0]

GC Heap History (10 events):
Event: 2.258 GC heap before
{Heap before GC invocations=10 (full 2):
 PSYoungGen      total 196096K, used 9639K [0x00000000d5f80000, 0x00000000e4900000, 0x0000000100000000)
  eden space 185344K, 0% used [0x00000000d5f80000,0x00000000d5f80000,0x00000000e1480000)
  from space 10752K, 89% used [0x00000000e1f80000,0x00000000e28e9ed8,0x00000000e2a00000)
  to   space 11264K, 0% used [0x00000000e1480000,0x00000000e1480000,0x00000000e1f80000)
 ParOldGen       total 54272K, used 9615K [0x0000000081e00000, 0x0000000085300000, 0x00000000d5f80000)
  object space 54272K, 17% used [0x0000000081e00000,0x0000000082763eb8,0x0000000085300000)
 Metaspace       used 33445K, capacity 35364K, committed 35416K, reserved 1079296K
  class space    used 4687K, capacity 5093K, committed 5120K, reserved 1048576K
Event: 2.310 GC heap after
Heap after GC invocations=10 (full 2):
 PSYoungGen      total 196096K, used 0K [0x00000000d5f80000, 0x00000000e4900000, 0x0000000100000000)
  eden space 185344K, 0% used [0x00000000d5f80000,0x00000000d5f80000,0x00000000e1480000)
  from space 10752K, 0% used [0x00000000e1f80000,0x00000000e1f80000,0x00000000e2a00000)
  to   space 11264K, 0% used [0x00000000e1480000,0x00000000e1480000,0x00000000e1f80000)
 ParOldGen       total 81920K, used 14985K [0x0000000081e00000, 0x0000000086e00000, 0x00000000d5f80000)
  object space 81920K, 18% used [0x0000000081e00000,0x0000000082ca26c0,0x0000000086e00000)
 Metaspace       used 33445K, capacity 35364K, committed 35416K, reserved 1079296K
  class space    used 4687K, capacity 5093K, committed 5120K, reserved 1048576K
}
Event: 13.815 GC heap before
{Heap before GC invocations=11 (full 2):
 PSYoungGen      total 196096K, used 185344K [0x00000000d5f80000, 0x00000000e4900000, 0x0000000100000000)
  eden space 185344K, 100% used [0x00000000d5f80000,0x00000000e1480000,0x00000000e1480000)
  from space 10752K, 0% used [0x00000000e1f80000,0x00000000e1f80000,0x00000000e2a00000)
  to   space 11264K, 0% used [0x00000000e1480000,0x00000000e1480000,0x00000000e1f80000)
 ParOldGen       total 81920K, used 14985K [0x0000000081e00000, 0x0000000086e00000, 0x00000000d5f80000)
  object space 81920K, 18% used [0x0000000081e00000,0x0000000082ca26c0,0x0000000086e00000)
 Metaspace       used 53098K, capacity 55668K, committed 55936K, reserved 1097728K
  class space    used 7302K, capacity 7763K, committed 7808K, reserved 1048576K
Event: 13.832 GC heap after
Heap after GC invocations=11 (full 2):
 PSYoungGen      total 196608K, used 11232K [0x00000000d5f80000, 0x00000000e6700000, 0x0000000100000000)
  eden space 185344K, 0% used [0x00000000d5f80000,0x00000000d5f80000,0x00000000e1480000)
  from space 11264K, 99% used [0x00000000e1480000,0x00000000e1f78150,0x00000000e1f80000)
  to   space 17408K, 0% used [0x00000000e5600000,0x00000000e5600000,0x00000000e6700000)
 ParOldGen       total 81920K, used 27200K [0x0000000081e00000, 0x0000000086e00000, 0x00000000d5f80000)
  object space 81920K, 33% used [0x0000000081e00000,0x00000000838903f8,0x0000000086e00000)
 Metaspace       used 53098K, capacity 55668K, committed 55936K, reserved 1097728K
  class space    used 7302K, capacity 7763K, committed 7808K, reserved 1048576K
}
Event: 14.132 GC heap before
{Heap before GC invocations=12 (full 2):
 PSYoungGen      total 196608K, used 51725K [0x00000000d5f80000, 0x00000000e6700000, 0x0000000100000000)
  eden space 185344K, 21% used [0x00000000d5f80000,0x00000000d870b3c8,0x00000000e1480000)
  from space 11264K, 99% used [0x00000000e1480000,0x00000000e1f78150,0x00000000e1f80000)
  to   space 17408K, 0% used [0x00000000e5600000,0x00000000e5600000,0x00000000e6700000)
 ParOldGen       total 81920K, used 27200K [0x0000000081e00000, 0x0000000086e00000, 0x00000000d5f80000)
  object space 81920K, 33% used [0x0000000081e00000,0x00000000838903f8,0x0000000086e00000)
 Metaspace       used 56314K, capacity 58970K, committed 59008K, reserved 1099776K
  class space    used 7577K, capacity 8053K, committed 8064K, reserved 1048576K
Event: 14.140 GC heap after
Heap after GC invocations=12 (full 2):
 PSYoungGen      total 252416K, used 11191K [0x00000000d5f80000, 0x00000000e6700000, 0x0000000100000000)
  eden space 235008K, 0% used [0x00000000d5f80000,0x00000000d5f80000,0x00000000e4500000)
  from space 17408K, 64% used [0x00000000e5600000,0x00000000e60edf98,0x00000000e6700000)
  to   space 17408K, 0% used [0x00000000e4500000,0x00000000e4500000,0x00000000e5600000)
 ParOldGen       total 81920K, used 27208K [0x0000000081e00000, 0x0000000086e00000, 0x00000000d5f80000)
  object space 81920K, 33% used [0x0000000081e00000,0x00000000838923f8,0x0000000086e00000)
 Metaspace       used 56314K, capacity 58970K, committed 59008K, reserved 1099776K
  class space    used 7577K, capacity 8053K, committed 8064K, reserved 1048576K
}
Event: 14.140 GC heap before
{Heap before GC invocations=13 (full 3):
 PSYoungGen      total 252416K, used 11191K [0x00000000d5f80000, 0x00000000e6700000, 0x0000000100000000)
  eden space 235008K, 0% used [0x00000000d5f80000,0x00000000d5f80000,0x00000000e4500000)
  from space 17408K, 64% used [0x00000000e5600000,0x00000000e60edf98,0x00000000e6700000)
  to   space 17408K, 0% used [0x00000000e4500000,0x00000000e4500000,0x00000000e5600000)
 ParOldGen       total 81920K, used 27208K [0x0000000081e00000, 0x0000000086e00000, 0x00000000d5f80000)
  object space 81920K, 33% used [0x0000000081e00000,0x00000000838923f8,0x0000000086e00000)
 Metaspace       used 56314K, capacity 58970K, committed 59008K, reserved 1099776K
  class space    used 7577K, capacity 8053K, committed 8064K, reserved 1048576K
Event: 14.264 GC heap after
Heap after GC invocations=13 (full 3):
 PSYoungGen      total 252416K, used 0K [0x00000000d5f80000, 0x00000000e6700000, 0x0000000100000000)
  eden space 235008K, 0% used [0x00000000d5f80000,0x00000000d5f80000,0x00000000e4500000)
  from space 17408K, 0% used [0x00000000e5600000,0x00000000e5600000,0x00000000e6700000)
  to   space 17408K, 0% used [0x00000000e4500000,0x00000000e4500000,0x00000000e5600000)
 ParOldGen       total 112128K, used 21602K [0x0000000081e00000, 0x0000000088b80000, 0x00000000d5f80000)
  object space 112128K, 19% used [0x0000000081e00000,0x0000000083318a90,0x0000000088b80000)
 Metaspace       used 56314K, capacity 58970K, committed 59008K, reserved 1099776K
  class space    used 7577K, capacity 8053K, committed 8064K, reserved 1048576K
}
Event: 65.722 GC heap before
{Heap before GC invocations=14 (full 3):
 PSYoungGen      total 252416K, used 166233K [0x00000000d5f80000, 0x00000000e6700000, 0x0000000100000000)
  eden space 235008K, 70% used [0x00000000d5f80000,0x00000000e01d6630,0x00000000e4500000)
  from space 17408K, 0% used [0x00000000e5600000,0x00000000e5600000,0x00000000e6700000)
  to   space 17408K, 0% used [0x00000000e4500000,0x00000000e4500000,0x00000000e5600000)
 ParOldGen       total 243712K, used 152674K [0x0000000081e00000, 0x0000000090c00000, 0x00000000d5f80000)
  object space 243712K, 62% used [0x0000000081e00000,0x000000008b318aa0,0x0000000090c00000)
 Metaspace       used 57531K, capacity 60304K, committed 60544K, reserved 1101824K
  class space    used 7746K, capacity 8235K, committed 8320K, reserved 1048576K
Event: 65.732 GC heap after
Heap after GC invocations=14 (full 3):
 PSYoungGen      total 252416K, used 2055K [0x00000000d5f80000, 0x00000000ea400000, 0x0000000100000000)
  eden space 235008K, 0% used [0x00000000d5f80000,0x00000000d5f80000,0x00000000e4500000)
  from space 17408K, 11% used [0x00000000e4500000,0x00000000e4701de8,0x00000000e5600000)
  to   space 17920K, 0% used [0x00000000e9280000,0x00000000e9280000,0x00000000ea400000)
 ParOldGen       total 243712K, used 152682K [0x0000000081e00000, 0x0000000090c00000, 0x00000000d5f80000)
  object space 243712K, 62% used [0x0000000081e00000,0x000000008b31aaa0,0x0000000090c00000)
 Metaspace       used 57531K, capacity 60304K, committed 60544K, reserved 1101824K
  class space    used 7746K, capacity 8235K, committed 8320K, reserved 1048576K
}

Deoptimization events (0 events):
No events

Classes redefined (0 events):
No events

Internal exceptions (10 events):
Event: 14.462 Thread 0x000000001dab7000 Exception <a 'java/lang/ClassNotFoundException': java/lang/ObjectCustomizer> (0x00000000d6f33360) thrown at [C:\jenkins\workspace\8-2-build-windows-amd64-cygwin\jdk8u251\737\hotspot\src\share\vm\classfile\systemDictionary.cpp, line 210]
Event: 14.462 Thread 0x000000001dab7000 Exception <a 'java/lang/ArrayIndexOutOfBoundsException'> (0x00000000d6f36a78) thrown at [C:\jenkins\workspace\8-2-build-windows-amd64-cygwin\jdk8u251\737\hotspot\src\share\vm\runtime\sharedRuntime.cpp, line 605]
Event: 14.464 Thread 0x000000001dab7000 Exception <a 'java/lang/ClassNotFoundException': com/online/videostreaming/classrooms/onlineclassrooms/forms/VideoUploadFormCustomizer> (0x00000000d6f62200) thrown at [C:\jenkins\workspace\8-2-build-windows-amd64-cygwin\jdk8u251\737\hotspot\src\share\vm\c
Event: 65.433 Thread 0x000000001daba000 Exception <a 'sun/nio/fs/WindowsException'> (0x00000000d80f1338) thrown at [C:\jenkins\workspace\8-2-build-windows-amd64-cygwin\jdk8u251\737\hotspot\src\share\vm\prims\jni.cpp, line 710]
Event: 65.434 Thread 0x000000001daba000 Exception <a 'sun/nio/fs/WindowsException'> (0x00000000d80f2468) thrown at [C:\jenkins\workspace\8-2-build-windows-amd64-cygwin\jdk8u251\737\hotspot\src\share\vm\prims\jni.cpp, line 710]
Event: 65.434 Thread 0x000000001daba000 Exception <a 'sun/nio/fs/WindowsException'> (0x00000000d80f2da8) thrown at [C:\jenkins\workspace\8-2-build-windows-amd64-cygwin\jdk8u251\737\hotspot\src\share\vm\prims\jni.cpp, line 710]
Event: 65.434 Thread 0x000000001daba000 Exception <a 'sun/nio/fs/WindowsException'> (0x00000000d80f44b8) thrown at [C:\jenkins\workspace\8-2-build-windows-amd64-cygwin\jdk8u251\737\hotspot\src\share\vm\prims\jni.cpp, line 710]
Event: 65.434 Thread 0x000000001daba000 Exception <a 'sun/nio/fs/WindowsException'> (0x00000000d80f4e38) thrown at [C:\jenkins\workspace\8-2-build-windows-amd64-cygwin\jdk8u251\737\hotspot\src\share\vm\prims\jni.cpp, line 710]
Event: 65.435 Thread 0x000000001daba000 Exception <a 'sun/nio/fs/WindowsException'> (0x00000000d80f6468) thrown at [C:\jenkins\workspace\8-2-build-windows-amd64-cygwin\jdk8u251\737\hotspot\src\share\vm\prims\jni.cpp, line 710]
Event: 65.435 Thread 0x000000001daba000 Exception <a 'sun/nio/fs/WindowsException'> (0x00000000d80f6e08) thrown at [C:\jenkins\workspace\8-2-build-windows-amd64-cygwin\jdk8u251\737\hotspot\src\share\vm\prims\jni.cpp, line 710]

Events (10 events):
Event: 68.896 loading class com/xuggle/mediatool/IMediaListener
Event: 68.896 loading class com/xuggle/mediatool/IMediaListener done
Event: 68.896 loading class com/xuggle/mediatool/AMediaListenerMixin
Event: 68.896 loading class com/xuggle/mediatool/AMediaListenerMixin done
Event: 68.896 loading class com/xuggle/xuggler/IContainer$Type
Event: 68.896 loading class com/xuggle/xuggler/IContainer$Type done
Event: 68.897 loading class com/xuggle/xuggler/IContainer$Type$SwigNext
Event: 68.897 loading class com/xuggle/xuggler/IContainer$Type$SwigNext done
Event: 68.897 loading class com/xuggle/xuggler/IContainerFormat
Event: 68.897 loading class com/xuggle/xuggler/IContainerFormat done


Dynamic libraries:
0x00007ff7439c0000 - 0x00007ff7439f7000 	C:\Program Files\Java\jre1.8.0_251\bin\javaw.exe
0x00007ff8eb6b0000 - 0x00007ff8eb8a5000 	C:\WINDOWS\SYSTEM32\ntdll.dll
0x00007ff8e97d0000 - 0x00007ff8e988d000 	C:\WINDOWS\System32\KERNEL32.DLL
0x00007ff8e9280000 - 0x00007ff8e9548000 	C:\WINDOWS\System32\KERNELBASE.dll
0x00007ff8e9930000 - 0x00007ff8e99dc000 	C:\WINDOWS\System32\ADVAPI32.dll
0x00007ff8ead80000 - 0x00007ff8eae1e000 	C:\WINDOWS\System32\msvcrt.dll
0x00007ff8e9890000 - 0x00007ff8e992b000 	C:\WINDOWS\System32\sechost.dll
0x00007ff8e9bc0000 - 0x00007ff8e9ceb000 	C:\WINDOWS\System32\RPCRT4.dll
0x00007ff8eb080000 - 0x00007ff8eb220000 	C:\WINDOWS\System32\USER32.dll
0x00007ff8e9680000 - 0x00007ff8e96a2000 	C:\WINDOWS\System32\win32u.dll
0x00007ff8eaf70000 - 0x00007ff8eaf9a000 	C:\WINDOWS\System32\GDI32.dll
0x00007ff8e8df0000 - 0x00007ff8e8efb000 	C:\WINDOWS\System32\gdi32full.dll
0x00007ff8e91e0000 - 0x00007ff8e927d000 	C:\WINDOWS\System32\msvcp_win.dll
0x00007ff8e90b0000 - 0x00007ff8e91b0000 	C:\WINDOWS\System32\ucrtbase.dll
0x00007ff8c3cf0000 - 0x00007ff8c3f8a000 	C:\WINDOWS\WinSxS\amd64_microsoft.windows.common-controls_6595b64144ccf1df_6.0.19041.844_none_ca00b6081b84eb1d\COMCTL32.dll
0x00007ff8e99e0000 - 0x00007ff8e9a10000 	C:\WINDOWS\System32\IMM32.DLL
0x0000000066880000 - 0x0000000066952000 	C:\Program Files\Java\jre1.8.0_251\bin\msvcr100.dll
0x0000000066a40000 - 0x00000000672eb000 	C:\Program Files\Java\jre1.8.0_251\bin\server\jvm.dll
0x00007ff8eb580000 - 0x00007ff8eb588000 	C:\WINDOWS\System32\PSAPI.DLL
0x00007ff8d3970000 - 0x00007ff8d3979000 	C:\WINDOWS\SYSTEM32\WSOCK32.dll
0x00007ff8eac60000 - 0x00007ff8eaccb000 	C:\WINDOWS\System32\WS2_32.dll
0x00007ff8d3df0000 - 0x00007ff8d3e17000 	C:\WINDOWS\SYSTEM32\WINMM.dll
0x00007ff8dcd40000 - 0x00007ff8dcd4a000 	C:\WINDOWS\SYSTEM32\VERSION.dll
0x00007ff8e6390000 - 0x00007ff8e639f000 	C:\Program Files\Java\jre1.8.0_251\bin\verify.dll
0x00007ff8db7a0000 - 0x00007ff8db7c9000 	C:\Program Files\Java\jre1.8.0_251\bin\java.dll
0x00007ff8df280000 - 0x00007ff8df296000 	C:\Program Files\Java\jre1.8.0_251\bin\zip.dll
0x00007ff8e9cf0000 - 0x00007ff8ea432000 	C:\WINDOWS\System32\SHELL32.dll
0x00007ff8e6c00000 - 0x00007ff8e7390000 	C:\WINDOWS\SYSTEM32\windows.storage.dll
0x00007ff8eb220000 - 0x00007ff8eb575000 	C:\WINDOWS\System32\combase.dll
0x00007ff8e8790000 - 0x00007ff8e87bc000 	C:\WINDOWS\SYSTEM32\Wldp.dll
0x00007ff8eacd0000 - 0x00007ff8ead7e000 	C:\WINDOWS\System32\SHCORE.dll
0x00007ff8eb590000 - 0x00007ff8eb5e5000 	C:\WINDOWS\System32\shlwapi.dll
0x00007ff8e8d30000 - 0x00007ff8e8d4f000 	C:\WINDOWS\SYSTEM32\profapi.dll
0x00007ff8e63a0000 - 0x00007ff8e63ad000 	C:\Program Files\Java\jre1.8.0_251\bin\management.dll
0x00007ff8dd770000 - 0x00007ff8dd78a000 	C:\Program Files\Java\jre1.8.0_251\bin\net.dll
0x00007ff8e8500000 - 0x00007ff8e856a000 	C:\WINDOWS\system32\mswsock.dll
0x00007ff8d5b70000 - 0x00007ff8d5b82000 	C:\Program Files\Java\jre1.8.0_251\bin\nio.dll
0x00007ff8d21d0000 - 0x00007ff8d21e7000 	C:\WINDOWS\system32\napinsp.dll
0x00007ff8d2180000 - 0x00007ff8d219b000 	C:\WINDOWS\system32\pnrpnsp.dll
0x00007ff8e2300000 - 0x00007ff8e2315000 	C:\WINDOWS\system32\wshbth.dll
0x00007ff8e3fb0000 - 0x00007ff8e3fcd000 	C:\WINDOWS\system32\NLAapi.dll
0x00007ff8e81f0000 - 0x00007ff8e822b000 	C:\WINDOWS\SYSTEM32\IPHLPAPI.DLL
0x00007ff8e8240000 - 0x00007ff8e830c000 	C:\WINDOWS\SYSTEM32\DNSAPI.dll
0x00007ff8eaf60000 - 0x00007ff8eaf68000 	C:\WINDOWS\System32\NSI.dll
0x00007ff8d2040000 - 0x00007ff8d2052000 	C:\WINDOWS\System32\winrnr.dll
0x00007ff8ddc20000 - 0x00007ff8ddc2a000 	C:\Windows\System32\rasadhlp.dll
0x00007ff8df180000 - 0x00007ff8df1ff000 	C:\WINDOWS\System32\fwpuclnt.dll
0x00007ff8e91b0000 - 0x00007ff8e91d7000 	C:\WINDOWS\System32\bcrypt.dll
0x00007ff8e86e0000 - 0x00007ff8e86f8000 	C:\WINDOWS\SYSTEM32\CRYPTSP.dll
0x00007ff8e7ea0000 - 0x00007ff8e7ed4000 	C:\WINDOWS\system32\rsaenh.dll
0x00007ff8e8ca0000 - 0x00007ff8e8cce000 	C:\WINDOWS\SYSTEM32\USERENV.dll
0x00007ff8e9550000 - 0x00007ff8e95d0000 	C:\WINDOWS\System32\bcryptprimitives.dll
0x00007ff8e86d0000 - 0x00007ff8e86dc000 	C:\WINDOWS\SYSTEM32\CRYPTBASE.dll
0x00007ff8e0ed0000 - 0x00007ff8e0ee7000 	C:\WINDOWS\SYSTEM32\dhcpcsvc6.DLL
0x00007ff8e1430000 - 0x00007ff8e144d000 	C:\WINDOWS\SYSTEM32\dhcpcsvc.DLL
0x000000006e740000 - 0x000000006fda5000 	C:\Users\Ganpati_IshaanNmj\AppData\Local\Temp\xuggle\xuggle4590699431888870988.dll
0x00007ff8eab30000 - 0x00007ff8eac5a000 	C:\WINDOWS\System32\ole32.dll
0x00007ff8e6360000 - 0x00007ff8e6379000 	C:\WINDOWS\SYSTEM32\AVICAP32.dll
0x00007ff8dbb90000 - 0x00007ff8dbbbb000 	C:\WINDOWS\SYSTEM32\MSVFW32.dll
0x00007ff8e7720000 - 0x00007ff8e7904000 	C:\WINDOWS\SYSTEM32\dbghelp.dll

VM Arguments:
jvm_args: -Dcom.sun.management.jmxremote -Dcom.sun.management.jmxremote.port=64356 -Dcom.sun.management.jmxremote.authenticate=false -Dcom.sun.management.jmxremote.ssl=false -Djava.rmi.server.hostname=localhost -Dspring.jmx.enabled=true -Dspring.liveBeansView.mbeanDomain -Dspring.application.admin.enabled=true -Xverify:none -XX:TieredStopAtLevel=1 -Dspring.boot.project.name=online-classrooms -Dfile.encoding=UTF-8 
java_command: com.online.videostreaming.classrooms.onlineclassrooms.OnlineClassroomsApplication
java_class_path (initial): M:\SourceCode\Online-Video-Streaming-Directory\online-classrooms\target\classes;C:\Users\Ganpati_IshaanNmj\.m2\repository\org\springframework\boot\spring-boot-starter-data-jpa\2.4.5\spring-boot-starter-data-jpa-2.4.5.jar;C:\Users\Ganpati_IshaanNmj\.m2\repository\org\springframework\boot\spring-boot-starter-aop\2.4.5\spring-boot-starter-aop-2.4.5.jar;C:\Users\Ganpati_IshaanNmj\.m2\repository\org\aspectj\aspectjweaver\1.9.6\aspectjweaver-1.9.6.jar;C:\Users\Ganpati_IshaanNmj\.m2\repository\org\springframework\boot\spring-boot-starter-jdbc\2.4.5\spring-boot-starter-jdbc-2.4.5.jar;C:\Users\Ganpati_IshaanNmj\.m2\repository\com\zaxxer\HikariCP\3.4.5\HikariCP-3.4.5.jar;C:\Users\Ganpati_IshaanNmj\.m2\repository\org\springframework\spring-jdbc\5.3.6\spring-jdbc-5.3.6.jar;C:\Users\Ganpati_IshaanNmj\.m2\repository\jakarta\transaction\jakarta.transaction-api\1.3.3\jakarta.transaction-api-1.3.3.jar;C:\Users\Ganpati_IshaanNmj\.m2\repository\jakarta\persistence\jakarta.persistence-api\2.2.3\jakarta.persistence-api-2.2.3.jar;C:\Users\Ganpati_IshaanNmj\.m2\repository\org\hibernate\hibernate-core\5.4.30.Final\hibernate-core-5.4.30.Final.jar;C:\Users\Ganpati_IshaanNmj\.m2\repository\org\javassist\javassist\3.27.0-GA\javassist-3.27.0-GA.jar;C:\Users\Ganpati_IshaanNmj\.m2\repository\net\bytebuddy\byte-buddy\1.10.22\byte-buddy-1.10.22.jar;C:\Users\Ganpati_IshaanNmj\.m2\repository\antlr\antlr\2.7.7\antlr-2.7.7.jar;C:\Users\Ganpati_IshaanNmj\.m2\repository\org\jboss\jandex\2.2.3.Final\jandex-2.2.3.Final.jar;C:\Users\Ganpati_IshaanNmj\.m2\repository\org\dom4j\dom4j\2.1.3\dom4j-2.1.3.jar;C:\Users\Ganpati_IshaanNmj\.m2\repository\org\hibernate\common\hibernate-commons-annotations\5.1.2.Final\hibernate-commons-annotations-5.1.2.Final.jar;C:\Users\Ganpati_IshaanNmj\.m2\repository\org\glassfish\jaxb\jaxb-runtime\2.3.4\jaxb-runtime-2.3.4.jar;C:\Users\Ganpati_IshaanNmj\.m2\repository\org\glassfish\jaxb\txw2\2.3.4\txw2-2.3.4.jar;C:\Users\Ganpati_IshaanNmj\.m2\repository\
Launcher Type: SUN_STANDARD

Environment Variables:
JAVA_HOME=C:\Program Files\Java\jdk1.8.0_251
JRE_HOME=C:\Program Files\Java\jre1.8.0_251
PATH=C:/Program Files/Java/jre1.8.0_251/bin/server;C:/Program Files/Java/jre1.8.0_251/bin;C:/Program Files/Java/jre1.8.0_251/lib/amd64;C:\Program Files (x86)\Common Files\Oracle\Java\javapath;C:\WINDOWS\system32;C:\WINDOWS;C:\WINDOWS\System32\Wbem;C:\WINDOWS\System32\WindowsPowerShell\v1.0\;C:\WINDOWS\System32\OpenSSH\;C:\Program Files\Intel\WiFi\bin\;C:\Program Files\Common Files\Intel\WirelessCommon\;C:\Program Files (x86)\Intel\Intel(R) Management Engine Components\DAL;C:\Program Files\Intel\Intel(R) Management Engine Components\DAL;M:\SourceCode\SpringBootCli\apache-maven-3.5.2-bin\apache-maven-3.5.2\bin;M:\SourceCode\SpringBootCli\spring-boot-cli-2.1.8.RELEASE-bin\spring-2.1.8.RELEASE\bin;C:\Program Files\Java\jdk1.8.0_251\bin;C:\Program Files\Git\cmd;M:\Software\Redis-x64-3.0.504;C:\Gradle\gradle-6.8\bin;C:\Program Files\MySQL\MySQL Shell 8.0\bin\;C:\Program Files\JSONBuddy;C:\Users\Ganpati_IshaanNmj\AppData\Local\Microsoft\WindowsApps;C:\Users\Ganpati_IshaanNmj\AppData\Roaming\npm;C:\Program Files\Java\jre1.8.0_291\bin;;M:\Software\eclipse-jee-2020-03-R-incubation-win32-x86_64\eclipse;
USERNAME=Ganpati_IshaanNmj
OS=Windows_NT
PROCESSOR_IDENTIFIER=Intel64 Family 6 Model 158 Stepping 11, GenuineIntel



---------------  S Y S T E M  ---------------

OS: Windows 10.0 , 64 bit Build 19041 (10.0.19041.928)

CPU:total 4 (initial active 4) (4 cores per cpu, 1 threads per core) family 6 model 158 stepping 11, cmov, cx8, fxsr, mmx, sse, sse2, sse3, ssse3, sse4.1, sse4.2, popcnt, avx, avx2, aes, clmul, erms, 3dnowpref, lzcnt, tsc, tscinvbit, bmi1, bmi2, adx

Memory: 4k page, physical 8258120k(927988k free), swap 14748176k(2443216k free)

vm_info: Java HotSpot(TM) 64-Bit Server VM (25.251-b08) for windows-amd64 JRE (1.8.0_251-b08), built on Mar 12 2020 06:31:49 by "" with MS VC++ 10.0 (VS2010)

time: Mon May 24 08:20:24 2021
timezone: India Standard Time
elapsed time: 69 seconds (0d 0h 1m 9s)

