#
# A fatal error has been detected by the Java Runtime Environment:
#
#  EXCEPTION_ACCESS_VIOLATION (0xc0000005) at pc=0x000000006ee76520, pid=7056, tid=0x0000000000003ca4
#
# JRE version: Java(TM) SE Runtime Environment (8.0_251-b08) (build 1.8.0_251-b08)
# Java VM: Java HotSpot(TM) 64-Bit Server VM (25.251-b08 mixed mode windows-amd64 compressed oops)
# Problematic frame:
# C  [xuggle3687232924911483967.dll+0x736520]
#
# Failed to write core dump. Minidumps are not enabled by default on client versions of Windows
#
# If you would like to submit a bug report, please visit:
#   http://bugreport.java.com/bugreport/crash.jsp
# The crash happened outside the Java Virtual Machine in native code.
# See problematic frame for where to report the bug.
#

---------------  T H R E A D  ---------------

Current thread (0x000000001cdf4800):  JavaThread "http-nio-8080-exec-8" daemon [_thread_in_native, id=15524, stack(0x000000001f730000,0x000000001f830000)]

siginfo: ExceptionCode=0xc0000005, reading address 0xffffffffffffffff

Registers:
RAX=0x000000001ea013b0, RBX=0x00000000215b3f90, RCX=0x000000001ea013b0, RDX=0x0000000000000009
RSP=0x000000001f82ba90, RBP=0x000000001ea00af0, RSI=0x000000001ea023b0, RDI=0x0000000000000004
R8 =0x000000006ee77580, R9 =0x000000006ee76490, R10=0x000000001e9413b0, R11=0x000000001e95abe0
R12=0x000000001e95b3e0, R13=0x0000000000000004, R14=0x0000000000000184, R15=0x000000006fab8f20
RIP=0x000000006ee76520, EFLAGS=0x0000000000010202

Top of Stack: (sp=0x000000001f82ba90)
0x000000001f82ba90:   000000006ee76665 000000006ee774c5
0x000000001f82baa0:   000000006ee77505 000000006ee77545
0x000000001f82bab0:   000000006ee77585 000000006ee79426
0x000000001f82bac0:   000000006fab8f20 000000001ea013b0
0x000000001f82bad0:   00000000215b6450 0000000016de2c20
0x000000001f82bae0:   3fe0000000000000 0000000000000000
0x000000001f82baf0:   40c7760000000000 0000000000000000
0x000000001f82bb00:   3fe0000000000000 0000000000000001
0x000000001f82bb10:   00000000215b7450 000000006ea45d24
0x000000001f82bb20:   3f40624dd2f1a9fc 0000000000000000
0x000000001f82bb30:   0000000000000000 0000000000000000
0x000000001f82bb40:   0000000000000000 0000000000000000
0x000000001f82bb50:   00000000215c0350 000000006fab7320
0x000000001f82bb60:   0000000000000000 00000000215b3ef0
0x000000001f82bb70:   0000000000000001 000000001ea00af0
0x000000001f82bb80:   000000001ea00b70 0000000000000000 

Instructions: (pc=0x000000006ee76520)
0x000000006ee76500:   c4 e3 5d 0c c0 55 c5 e4 5c c8 c5 e4 58 c0 c5 fc
0x000000006ee76510:   29 01 c5 fc 29 49 20 c3 0f 1f 84 00 00 00 00 00
0x000000006ee76520:   c5 fc 28 51 40 c5 fc 28 59 60 c5 ec 5c fb c5 ec
0x000000006ee76530:   58 d3 c5 c4 57 3d 26 41 84 00 c5 ec c6 df be c5 


Register to memory mapping:

RAX=0x000000001ea013b0 is an unknown value
RBX=0x00000000215b3f90 is an unknown value
RCX=0x000000001ea013b0 is an unknown value
RDX=0x0000000000000009 is an unknown value
RSP=0x000000001f82ba90 is pointing into the stack for thread: 0x000000001cdf4800
RBP=0x000000001ea00af0 is an unknown value
RSI=0x000000001ea023b0 is an unknown value
RDI=0x0000000000000004 is an unknown value
R8 =0x000000006ee77580 is an unknown value
R9 =0x000000006ee76490 is an unknown value
R10=0x000000001e9413b0 is an unknown value
R11=0x000000001e95abe0 is an unknown value
R12=0x000000001e95b3e0 is an unknown value
R13=0x0000000000000004 is an unknown value
R14=0x0000000000000184 is an unknown value
R15=0x000000006fab8f20 is an unknown value


Stack: [0x000000001f730000,0x000000001f830000],  sp=0x000000001f82ba90,  free space=1006k
Native frames: (J=compiled Java code, j=interpreted, Vv=VM code, C=native code)
C  [xuggle3687232924911483967.dll+0x736520]

Java frames: (J=compiled Java code, j=interpreted, Vv=VM code)
j  com.xuggle.xuggler.XugglerJNI.IContainer_open__SWIG_1(JLcom/xuggle/xuggler/IContainer;Ljava/lang/String;IJLcom/xuggle/xuggler/IContainerFormat;ZZ)I+0
j  com.xuggle.xuggler.IContainer.open(Ljava/lang/String;Lcom/xuggle/xuggler/IContainer$Type;Lcom/xuggle/xuggler/IContainerFormat;ZZ)I+19
j  com.xuggle.mediatool.MediaReader.open()V+20
j  com.xuggle.mediatool.MediaReader.readPacket()Lcom/xuggle/xuggler/IError;+8
j  com.online.videostreaming.classrooms.onlineclassrooms.utils.Thumbnail.generateThumbnail(Ljava/lang/String;Ljava/lang/String;Ljava/lang/String;)V+72
j  com.online.videostreaming.classrooms.onlineclassrooms.controller.VideoController.uploadVideoPost(Lcom/online/videostreaming/classrooms/onlineclassrooms/forms/VideoUploadForm;Lorg/springframework/ui/Model;Ljavax/servlet/http/HttpServletRequest;Ljavax/servlet/http/HttpServletResponse;Lorg/springframework/web/servlet/mvc/support/RedirectAttributes;Lorg/springframework/validation/BindingResult;)Ljava/lang/String;+446
v  ~StubRoutines::call_stub
J 2261  sun.reflect.NativeMethodAccessorImpl.invoke0(Ljava/lang/reflect/Method;Ljava/lang/Object;[Ljava/lang/Object;)Ljava/lang/Object; (0 bytes) @ 0x0000000002a038ff [0x0000000002a03880+0x7f]
J 2260 C1 sun.reflect.NativeMethodAccessorImpl.invoke(Ljava/lang/Object;[Ljava/lang/Object;)Ljava/lang/Object; (104 bytes) @ 0x0000000002a0405c [0x0000000002a03ce0+0x37c]
J 2226 C1 sun.reflect.DelegatingMethodAccessorImpl.invoke(Ljava/lang/Object;[Ljava/lang/Object;)Ljava/lang/Object; (10 bytes) @ 0x00000000029f6f24 [0x00000000029f6ee0+0x44]
J 2225 C1 java.lang.reflect.Method.invoke(Ljava/lang/Object;[Ljava/lang/Object;)Ljava/lang/Object; (62 bytes) @ 0x00000000029f6b54 [0x00000000029f6a60+0xf4]
j  org.springframework.web.method.support.InvocableHandlerMethod.doInvoke([Ljava/lang/Object;)Ljava/lang/Object;+32
j  org.springframework.web.method.support.InvocableHandlerMethod.invokeForRequest(Lorg/springframework/web/context/request/NativeWebRequest;Lorg/springframework/web/method/support/ModelAndViewContainer;[Ljava/lang/Object;)Ljava/lang/Object;+54
j  org.springframework.web.servlet.mvc.method.annotation.ServletInvocableHandlerMethod.invokeAndHandle(Lorg/springframework/web/context/request/ServletWebRequest;Lorg/springframework/web/method/support/ModelAndViewContainer;[Ljava/lang/Object;)V+4
j  org.springframework.web.servlet.mvc.method.annotation.RequestMappingHandlerAdapter.invokeHandlerMethod(Ljavax/servlet/http/HttpServletRequest;Ljavax/servlet/http/HttpServletResponse;Lorg/springframework/web/method/HandlerMethod;)Lorg/springframework/web/servlet/ModelAndView;+244
j  org.springframework.web.servlet.mvc.method.annotation.RequestMappingHandlerAdapter.handleInternal(Ljavax/servlet/http/HttpServletRequest;Ljavax/servlet/http/HttpServletResponse;Lorg/springframework/web/method/HandlerMethod;)Lorg/springframework/web/servlet/ModelAndView;+81
j  org.springframework.web.servlet.mvc.method.AbstractHandlerMethodAdapter.handle(Ljavax/servlet/http/HttpServletRequest;Ljavax/servlet/http/HttpServletResponse;Ljava/lang/Object;)Lorg/springframework/web/servlet/ModelAndView;+7
j  org.springframework.web.servlet.DispatcherServlet.doDispatch(Ljavax/servlet/http/HttpServletRequest;Ljavax/servlet/http/HttpServletResponse;)V+257
j  org.springframework.web.servlet.DispatcherServlet.doService(Ljavax/servlet/http/HttpServletRequest;Ljavax/servlet/http/HttpServletResponse;)V+241
j  org.springframework.web.servlet.FrameworkServlet.processRequest(Ljavax/servlet/http/HttpServletRequest;Ljavax/servlet/http/HttpServletResponse;)V+71
j  org.springframework.web.servlet.FrameworkServlet.doPost(Ljavax/servlet/http/HttpServletRequest;Ljavax/servlet/http/HttpServletResponse;)V+3
j  javax.servlet.http.HttpServlet.service(Ljavax/servlet/http/HttpServletRequest;Ljavax/servlet/http/HttpServletResponse;)V+131
j  org.springframework.web.servlet.FrameworkServlet.service(Ljavax/servlet/http/HttpServletRequest;Ljavax/servlet/http/HttpServletResponse;)V+33
j  javax.servlet.http.HttpServlet.service(Ljavax/servlet/ServletRequest;Ljavax/servlet/ServletResponse;)V+39
J 5919 C1 org.apache.catalina.core.ApplicationFilterChain.internalDoFilter(Ljavax/servlet/ServletRequest;Ljavax/servlet/ServletResponse;)V (388 bytes) @ 0x0000000002efa894 [0x0000000002efa680+0x214]
J 5918 C1 org.apache.catalina.core.ApplicationFilterChain.doFilter(Ljavax/servlet/ServletRequest;Ljavax/servlet/ServletResponse;)V (103 bytes) @ 0x0000000002ee6b14 [0x0000000002ee6ae0+0x34]
j  org.springframework.web.filter.RequestContextFilter.doFilterInternal(Ljavax/servlet/http/HttpServletRequest;Ljavax/servlet/http/HttpServletResponse;Ljavax/servlet/FilterChain;)V+21
j  org.springframework.web.filter.OncePerRequestFilter.doFilter(Ljavax/servlet/ServletRequest;Ljavax/servlet/ServletResponse;Ljavax/servlet/FilterChain;)V+147
J 5919 C1 org.apache.catalina.core.ApplicationFilterChain.internalDoFilter(Ljavax/servlet/ServletRequest;Ljavax/servlet/ServletResponse;)V (388 bytes) @ 0x0000000002efaab4 [0x0000000002efa680+0x434]
J 5918 C1 org.apache.catalina.core.ApplicationFilterChain.doFilter(Ljavax/servlet/ServletRequest;Ljavax/servlet/ServletResponse;)V (103 bytes) @ 0x0000000002ee6b14 [0x0000000002ee6ae0+0x34]
j  org.springframework.web.filter.FormContentFilter.doFilterInternal(Ljavax/servlet/http/HttpServletRequest;Ljavax/servlet/http/HttpServletResponse;Ljavax/servlet/FilterChain;)V+38
j  org.springframework.web.filter.OncePerRequestFilter.doFilter(Ljavax/servlet/ServletRequest;Ljavax/servlet/ServletResponse;Ljavax/servlet/FilterChain;)V+147
J 5919 C1 org.apache.catalina.core.ApplicationFilterChain.internalDoFilter(Ljavax/servlet/ServletRequest;Ljavax/servlet/ServletResponse;)V (388 bytes) @ 0x0000000002efaab4 [0x0000000002efa680+0x434]
J 5918 C1 org.apache.catalina.core.ApplicationFilterChain.doFilter(Ljavax/servlet/ServletRequest;Ljavax/servlet/ServletResponse;)V (103 bytes) @ 0x0000000002ee6b14 [0x0000000002ee6ae0+0x34]
j  org.springframework.web.filter.CharacterEncodingFilter.doFilterInternal(Ljavax/servlet/http/HttpServletRequest;Ljavax/servlet/http/HttpServletResponse;Ljavax/servlet/FilterChain;)V+53
j  org.springframework.web.filter.OncePerRequestFilter.doFilter(Ljavax/servlet/ServletRequest;Ljavax/servlet/ServletResponse;Ljavax/servlet/FilterChain;)V+147
J 5919 C1 org.apache.catalina.core.ApplicationFilterChain.internalDoFilter(Ljavax/servlet/ServletRequest;Ljavax/servlet/ServletResponse;)V (388 bytes) @ 0x0000000002efaab4 [0x0000000002efa680+0x434]
J 5918 C1 org.apache.catalina.core.ApplicationFilterChain.doFilter(Ljavax/servlet/ServletRequest;Ljavax/servlet/ServletResponse;)V (103 bytes) @ 0x0000000002ee6b14 [0x0000000002ee6ae0+0x34]
j  org.apache.catalina.core.StandardWrapperValve.invoke(Lorg/apache/catalina/connector/Request;Lorg/apache/catalina/connector/Response;)V+694
j  org.apache.catalina.core.StandardContextValve.invoke(Lorg/apache/catalina/connector/Request;Lorg/apache/catalina/connector/Response;)V+169
j  org.apache.catalina.authenticator.AuthenticatorBase.invoke(Lorg/apache/catalina/connector/Request;Lorg/apache/catalina/connector/Response;)V+260
j  org.apache.catalina.core.StandardHostValve.invoke(Lorg/apache/catalina/connector/Request;Lorg/apache/catalina/connector/Response;)V+128
j  org.apache.catalina.valves.ErrorReportValve.invoke(Lorg/apache/catalina/connector/Request;Lorg/apache/catalina/connector/Response;)V+6
j  org.apache.catalina.core.StandardEngineValve.invoke(Lorg/apache/catalina/connector/Request;Lorg/apache/catalina/connector/Response;)V+59
j  org.apache.catalina.connector.CoyoteAdapter.service(Lorg/apache/coyote/Request;Lorg/apache/coyote/Response;)V+199
j  org.apache.coyote.http11.Http11Processor.service(Lorg/apache/tomcat/util/net/SocketWrapperBase;)Lorg/apache/tomcat/util/net/AbstractEndpoint$Handler$SocketState;+737
j  org.apache.coyote.AbstractProcessorLight.process(Lorg/apache/tomcat/util/net/SocketWrapperBase;Lorg/apache/tomcat/util/net/SocketEvent;)Lorg/apache/tomcat/util/net/AbstractEndpoint$Handler$SocketState;+170
j  org.apache.coyote.AbstractProtocol$ConnectionHandler.process(Lorg/apache/tomcat/util/net/SocketWrapperBase;Lorg/apache/tomcat/util/net/SocketEvent;)Lorg/apache/tomcat/util/net/AbstractEndpoint$Handler$SocketState;+505
j  org.apache.tomcat.util.net.NioEndpoint$SocketProcessor.doRun()V+216
j  org.apache.tomcat.util.net.SocketProcessorBase.run()V+21
j  java.util.concurrent.ThreadPoolExecutor.runWorker(Ljava/util/concurrent/ThreadPoolExecutor$Worker;)V+95
j  java.util.concurrent.ThreadPoolExecutor$Worker.run()V+5
j  org.apache.tomcat.util.threads.TaskThread$WrappingRunnable.run()V+4
j  java.lang.Thread.run()V+11
v  ~StubRoutines::call_stub

---------------  P R O C E S S  ---------------

Java Threads: ( => current thread )
  0x000000001cdfb800 JavaThread "DestroyJavaVM" [_thread_blocked, id=4636, stack(0x0000000002330000,0x0000000002430000)]
  0x000000001cdf4000 JavaThread "http-nio-8080-Acceptor" daemon [_thread_in_native, id=4440, stack(0x000000001fb30000,0x000000001fc30000)]
  0x000000001cdfa000 JavaThread "http-nio-8080-ClientPoller" daemon [_thread_in_native, id=660, stack(0x000000001fa30000,0x000000001fb30000)]
  0x000000001cdfa800 JavaThread "http-nio-8080-exec-10" daemon [_thread_blocked, id=10552, stack(0x000000001f930000,0x000000001fa30000)]
  0x000000001cdf2800 JavaThread "http-nio-8080-exec-9" daemon [_thread_blocked, id=13432, stack(0x000000001f830000,0x000000001f930000)]
=>0x000000001cdf4800 JavaThread "http-nio-8080-exec-8" daemon [_thread_in_native, id=15524, stack(0x000000001f730000,0x000000001f830000)]
  0x000000001cdf3000 JavaThread "http-nio-8080-exec-7" daemon [_thread_blocked, id=11472, stack(0x000000001f630000,0x000000001f730000)]
  0x0000000019654000 JavaThread "http-nio-8080-exec-6" daemon [_thread_blocked, id=16040, stack(0x000000001f530000,0x000000001f630000)]
  0x000000001964f800 JavaThread "http-nio-8080-exec-5" daemon [_thread_blocked, id=5492, stack(0x000000001f430000,0x000000001f530000)]
  0x0000000019653000 JavaThread "http-nio-8080-exec-4" daemon [_thread_blocked, id=1732, stack(0x000000001f330000,0x000000001f430000)]
  0x000000001964d000 JavaThread "http-nio-8080-exec-3" daemon [_thread_blocked, id=6340, stack(0x000000001f230000,0x000000001f330000)]
  0x0000000019652800 JavaThread "http-nio-8080-exec-2" daemon [_thread_blocked, id=7188, stack(0x000000001f130000,0x000000001f230000)]
  0x000000001964e800 JavaThread "http-nio-8080-exec-1" daemon [_thread_blocked, id=8024, stack(0x000000001f030000,0x000000001f130000)]
  0x0000000019650000 JavaThread "http-nio-8080-BlockPoller" daemon [_thread_in_native, id=9932, stack(0x000000001ef30000,0x000000001f030000)]
  0x0000000019651800 JavaThread "File Watcher" daemon [_thread_blocked, id=13712, stack(0x000000001ee30000,0x000000001ef30000)]
  0x000000001964e000 JavaThread "Live Reload Server" daemon [_thread_in_native, id=12740, stack(0x000000001e830000,0x000000001e930000)]
  0x0000000019848000 JavaThread "HikariPool-1 housekeeper" daemon [_thread_blocked, id=1040, stack(0x000000001e030000,0x000000001e130000)]
  0x0000000018aa5000 JavaThread "PostgreSQL-JDBC-SharedTimer-1" daemon [_thread_blocked, id=16288, stack(0x000000001df30000,0x000000001e030000)]
  0x000000001c944000 JavaThread "container-0" [_thread_blocked, id=4884, stack(0x000000001d730000,0x000000001d830000)]
  0x000000001c943800 JavaThread "Catalina-utility-2" [_thread_blocked, id=12508, stack(0x000000001bc60000,0x000000001bd60000)]
  0x000000001c942800 JavaThread "Catalina-utility-1" [_thread_blocked, id=15336, stack(0x000000001b560000,0x000000001b660000)]
  0x000000001987d800 JavaThread "RMI TCP Accept-0" daemon [_thread_in_native, id=12232, stack(0x0000000019c50000,0x0000000019d50000)]
  0x0000000019872800 JavaThread "RMI TCP Accept-55561" daemon [_thread_in_native, id=4944, stack(0x0000000019b50000,0x0000000019c50000)]
  0x0000000019863000 JavaThread "RMI TCP Accept-0" daemon [_thread_in_native, id=14956, stack(0x0000000019a50000,0x0000000019b50000)]
  0x0000000018823800 JavaThread "Service Thread" daemon [_thread_blocked, id=3984, stack(0x0000000018e10000,0x0000000018f10000)]
  0x00000000170fe000 JavaThread "C1 CompilerThread2" daemon [_thread_blocked, id=9732, stack(0x0000000018d10000,0x0000000018e10000)]
  0x00000000170fb000 JavaThread "C2 CompilerThread1" daemon [_thread_blocked, id=664, stack(0x0000000018c10000,0x0000000018d10000)]
  0x00000000170af000 JavaThread "C2 CompilerThread0" daemon [_thread_blocked, id=12976, stack(0x0000000018710000,0x0000000018810000)]
  0x00000000170ad800 JavaThread "Attach Listener" daemon [_thread_blocked, id=10400, stack(0x0000000018610000,0x0000000018710000)]
  0x00000000170ac800 JavaThread "Signal Dispatcher" daemon [_thread_blocked, id=3896, stack(0x0000000018510000,0x0000000018610000)]
  0x0000000017090000 JavaThread "Finalizer" daemon [_thread_blocked, id=12872, stack(0x0000000018310000,0x0000000018410000)]
  0x0000000017069000 JavaThread "Reference Handler" daemon [_thread_blocked, id=14268, stack(0x0000000018210000,0x0000000018310000)]

Other Threads:
  0x0000000017067000 VMThread [stack: 0x0000000018110000,0x0000000018210000] [id=16248]
  0x000000001987e800 WatcherThread [stack: 0x0000000019d50000,0x0000000019e50000] [id=3668]

VM state:not at safepoint (normal execution)

VM Mutex/Monitor currently owned by a thread: None

heap address: 0x0000000081e00000, size: 2018 MB, Compressed Oops mode: 32-bit
Narrow klass base: 0x0000000000000000, Narrow klass shift: 3
Compressed class space size: 1073741824 Address: 0x0000000100000000

Heap:
 PSYoungGen      total 416256K, used 262541K [0x00000000d5f80000, 0x00000000f2500000, 0x0000000100000000)
  eden space 398848K, 65% used [0x00000000d5f80000,0x00000000e5fe37b8,0x00000000ee500000)
  from space 17408K, 0% used [0x00000000ef500000,0x00000000ef500000,0x00000000f0600000)
  to   space 16384K, 0% used [0x00000000ee500000,0x00000000ee500000,0x00000000ef500000)
 ParOldGen       total 216576K, used 92921K [0x0000000081e00000, 0x000000008f180000, 0x00000000d5f80000)
  object space 216576K, 42% used [0x0000000081e00000,0x00000000878be530,0x000000008f180000)
 Metaspace       used 60217K, capacity 63334K, committed 63488K, reserved 1103872K
  class space    used 8104K, capacity 8636K, committed 8704K, reserved 1048576K

Card table byte_map: [0x0000000011940000,0x0000000011d40000] byte_map_base: 0x0000000011531000

Marking Bits: (ParMarkBitMap*) 0x000000006719af90
 Begin Bits: [0x00000000123f0000, 0x0000000014378000)
 End Bits:   [0x0000000014378000, 0x0000000016300000)

Polling page: 0x0000000000a30000

CodeCache: size=245760Kb used=12916Kb max_used=12936Kb free=232843Kb
 bounds [0x0000000002580000, 0x0000000003230000, 0x0000000011580000]
 total_blobs=7000 nmethods=6391 adapters=520
 compilation: enabled

Compilation events (10 events):
Event: 62.165 Thread 0x00000000170fe000 6533       1       java.util.regex.Pattern$Node::study (21 bytes)
Event: 62.165 Thread 0x00000000170fe000 nmethod 6533 0x000000000321e350 code [0x000000000321e4c0, 0x000000000321e628]
Event: 62.228 Thread 0x00000000170fe000 6534       1       sun.misc.URLClassPath$1::nextElement (5 bytes)
Event: 62.228 Thread 0x00000000170fe000 nmethod 6534 0x0000000003223ad0 code [0x0000000003223c40, 0x0000000003223e58]
Event: 62.228 Thread 0x00000000170fe000 6535       1       sun.misc.URLClassPath$1::nextElement (27 bytes)
Event: 62.228 Thread 0x00000000170fe000 nmethod 6535 0x0000000003223f90 code [0x0000000003224100, 0x0000000003224318]
Event: 62.229 Thread 0x00000000170fe000 6536       1       java.net.URL::openStream (8 bytes)
Event: 62.229 Thread 0x00000000170fe000 nmethod 6536 0x0000000002755f90 code [0x0000000002756100, 0x0000000002756258]
Event: 62.249 Thread 0x00000000170fe000 6537       1       java.util.jar.Manifest::<init> (7 bytes)
Event: 62.249 Thread 0x00000000170fe000 nmethod 6537 0x0000000002755c90 code [0x0000000002755de0, 0x0000000002755f28]

GC Heap History (10 events):
Event: 13.027 GC heap before
{Heap before GC invocations=12 (full 2):
 PSYoungGen      total 249344K, used 237568K [0x00000000d5f80000, 0x00000000ecd80000, 0x0000000100000000)
  eden space 237568K, 100% used [0x00000000d5f80000,0x00000000e4780000,0x00000000e4780000)
  from space 11776K, 0% used [0x00000000e4780000,0x00000000e4780000,0x00000000e5300000)
  to   space 13312K, 0% used [0x00000000ec080000,0x00000000ec080000,0x00000000ecd80000)
 ParOldGen       total 76800K, used 18149K [0x0000000081e00000, 0x0000000086900000, 0x00000000d5f80000)
  object space 76800K, 23% used [0x0000000081e00000,0x0000000082fb94e0,0x0000000086900000)
 Metaspace       used 46251K, capacity 48606K, committed 48896K, reserved 1091584K
  class space    used 6632K, capacity 7066K, committed 7168K, reserved 1048576K
Event: 13.056 GC heap after
Heap after GC invocations=12 (full 2):
 PSYoungGen      total 325632K, used 13296K [0x00000000d5f80000, 0x00000000ecd80000, 0x0000000100000000)
  eden space 312320K, 0% used [0x00000000d5f80000,0x00000000d5f80000,0x00000000e9080000)
  from space 13312K, 99% used [0x00000000ec080000,0x00000000ecd7c130,0x00000000ecd80000)
  to   space 15872K, 0% used [0x00000000eae80000,0x00000000eae80000,0x00000000ebe00000)
 ParOldGen       total 76800K, used 20586K [0x0000000081e00000, 0x0000000086900000, 0x00000000d5f80000)
  object space 76800K, 26% used [0x0000000081e00000,0x000000008321a920,0x0000000086900000)
 Metaspace       used 46251K, capacity 48606K, committed 48896K, reserved 1091584K
  class space    used 6632K, capacity 7066K, committed 7168K, reserved 1048576K
}
Event: 23.348 GC heap before
{Heap before GC invocations=13 (full 2):
 PSYoungGen      total 325632K, used 149430K [0x00000000d5f80000, 0x00000000ecd80000, 0x0000000100000000)
  eden space 312320K, 43% used [0x00000000d5f80000,0x00000000de471738,0x00000000e9080000)
  from space 13312K, 99% used [0x00000000ec080000,0x00000000ecd7c130,0x00000000ecd80000)
  to   space 15872K, 0% used [0x00000000eae80000,0x00000000eae80000,0x00000000ebe00000)
 ParOldGen       total 76800K, used 20586K [0x0000000081e00000, 0x0000000086900000, 0x00000000d5f80000)
  object space 76800K, 26% used [0x0000000081e00000,0x000000008321a920,0x0000000086900000)
 Metaspace       used 56074K, capacity 58940K, committed 59028K, reserved 1099776K
  class space    used 7632K, capacity 8149K, committed 8192K, reserved 1048576K
Event: 23.363 GC heap after
Heap after GC invocations=13 (full 2):
 PSYoungGen      total 358912K, used 13690K [0x00000000d5f80000, 0x00000000f0600000, 0x0000000100000000)
  eden space 343040K, 0% used [0x00000000d5f80000,0x00000000d5f80000,0x00000000eae80000)
  from space 15872K, 86% used [0x00000000eae80000,0x00000000ebbdeae0,0x00000000ebe00000)
  to   space 17408K, 0% used [0x00000000ef500000,0x00000000ef500000,0x00000000f0600000)
 ParOldGen       total 76800K, used 25531K [0x0000000081e00000, 0x0000000086900000, 0x00000000d5f80000)
  object space 76800K, 33% used [0x0000000081e00000,0x00000000836eeee0,0x0000000086900000)
 Metaspace       used 56074K, capacity 58940K, committed 59028K, reserved 1099776K
  class space    used 7632K, capacity 8149K, committed 8192K, reserved 1048576K
}
Event: 23.363 GC heap before
{Heap before GC invocations=14 (full 3):
 PSYoungGen      total 358912K, used 13690K [0x00000000d5f80000, 0x00000000f0600000, 0x0000000100000000)
  eden space 343040K, 0% used [0x00000000d5f80000,0x00000000d5f80000,0x00000000eae80000)
  from space 15872K, 86% used [0x00000000eae80000,0x00000000ebbdeae0,0x00000000ebe00000)
  to   space 17408K, 0% used [0x00000000ef500000,0x00000000ef500000,0x00000000f0600000)
 ParOldGen       total 76800K, used 25531K [0x0000000081e00000, 0x0000000086900000, 0x00000000d5f80000)
  object space 76800K, 33% used [0x0000000081e00000,0x00000000836eeee0,0x0000000086900000)
 Metaspace       used 56074K, capacity 58940K, committed 59028K, reserved 1099776K
  class space    used 7632K, capacity 8149K, committed 8192K, reserved 1048576K
Event: 23.515 GC heap after
Heap after GC invocations=14 (full 3):
 PSYoungGen      total 358912K, used 0K [0x00000000d5f80000, 0x00000000f0600000, 0x0000000100000000)
  eden space 343040K, 0% used [0x00000000d5f80000,0x00000000d5f80000,0x00000000eae80000)
  from space 15872K, 0% used [0x00000000eae80000,0x00000000eae80000,0x00000000ebe00000)
  to   space 17408K, 0% used [0x00000000ef500000,0x00000000ef500000,0x00000000f0600000)
 ParOldGen       total 107520K, used 29580K [0x0000000081e00000, 0x0000000088700000, 0x00000000d5f80000)
  object space 107520K, 27% used [0x0000000081e00000,0x0000000083ae31b0,0x0000000088700000)
 Metaspace       used 56066K, capacity 58928K, committed 59028K, reserved 1099776K
  class space    used 7630K, capacity 8147K, committed 8192K, reserved 1048576K
}
Event: 61.928 GC heap before
{Heap before GC invocations=15 (full 3):
 PSYoungGen      total 358912K, used 279871K [0x00000000d5f80000, 0x00000000f0600000, 0x0000000100000000)
  eden space 343040K, 81% used [0x00000000d5f80000,0x00000000e70cfdd8,0x00000000eae80000)
  from space 15872K, 0% used [0x00000000eae80000,0x00000000eae80000,0x00000000ebe00000)
  to   space 17408K, 0% used [0x00000000ef500000,0x00000000ef500000,0x00000000f0600000)
 ParOldGen       total 107520K, used 29580K [0x0000000081e00000, 0x0000000088700000, 0x00000000d5f80000)
  object space 107520K, 27% used [0x0000000081e00000,0x0000000083ae31b0,0x0000000088700000)
 Metaspace       used 59800K, capacity 62924K, committed 63232K, reserved 1103872K
  class space    used 8068K, capacity 8605K, committed 8704K, reserved 1048576K
Event: 61.971 GC heap after
Heap after GC invocations=15 (full 3):
 PSYoungGen      total 416256K, used 8155K [0x00000000d5f80000, 0x00000000f2500000, 0x0000000100000000)
  eden space 398848K, 0% used [0x00000000d5f80000,0x00000000d5f80000,0x00000000ee500000)
  from space 17408K, 46% used [0x00000000ef500000,0x00000000efcf6f40,0x00000000f0600000)
  to   space 16384K, 0% used [0x00000000ee500000,0x00000000ee500000,0x00000000ef500000)
 ParOldGen       total 107520K, used 95124K [0x0000000081e00000, 0x0000000088700000, 0x00000000d5f80000)
  object space 107520K, 88% used [0x0000000081e00000,0x0000000087ae51c0,0x0000000088700000)
 Metaspace       used 59800K, capacity 62924K, committed 63232K, reserved 1103872K
  class space    used 8068K, capacity 8605K, committed 8704K, reserved 1048576K
}
Event: 61.971 GC heap before
{Heap before GC invocations=16 (full 4):
 PSYoungGen      total 416256K, used 8155K [0x00000000d5f80000, 0x00000000f2500000, 0x0000000100000000)
  eden space 398848K, 0% used [0x00000000d5f80000,0x00000000d5f80000,0x00000000ee500000)
  from space 17408K, 46% used [0x00000000ef500000,0x00000000efcf6f40,0x00000000f0600000)
  to   space 16384K, 0% used [0x00000000ee500000,0x00000000ee500000,0x00000000ef500000)
 ParOldGen       total 107520K, used 95124K [0x0000000081e00000, 0x0000000088700000, 0x00000000d5f80000)
  object space 107520K, 88% used [0x0000000081e00000,0x0000000087ae51c0,0x0000000088700000)
 Metaspace       used 59800K, capacity 62924K, committed 63232K, reserved 1103872K
  class space    used 8068K, capacity 8605K, committed 8704K, reserved 1048576K
Event: 62.033 GC heap after
Heap after GC invocations=16 (full 4):
 PSYoungGen      total 416256K, used 0K [0x00000000d5f80000, 0x00000000f2500000, 0x0000000100000000)
  eden space 398848K, 0% used [0x00000000d5f80000,0x00000000d5f80000,0x00000000ee500000)
  from space 17408K, 0% used [0x00000000ef500000,0x00000000ef500000,0x00000000f0600000)
  to   space 16384K, 0% used [0x00000000ee500000,0x00000000ee500000,0x00000000ef500000)
 ParOldGen       total 216576K, used 92921K [0x0000000081e00000, 0x000000008f180000, 0x00000000d5f80000)
  object space 216576K, 42% used [0x0000000081e00000,0x00000000878be530,0x000000008f180000)
 Metaspace       used 59798K, capacity 62918K, committed 63232K, reserved 1103872K
  class space    used 8068K, capacity 8604K, committed 8704K, reserved 1048576K
}

Deoptimization events (0 events):
No events

Classes redefined (0 events):
No events

Internal exceptions (10 events):
Event: 27.510 Thread 0x0000000019653000 Exception <a 'java/lang/ClassNotFoundException': java/lang/ObjectCustomizer> (0x00000000dcb22d88) thrown at [C:\jenkins\workspace\8-2-build-windows-amd64-cygwin\jdk8u251\737\hotspot\src\share\vm\classfile\systemDictionary.cpp, line 210]
Event: 27.510 Thread 0x0000000019653000 Exception <a 'java/lang/ArrayIndexOutOfBoundsException'> (0x00000000dcb264a0) thrown at [C:\jenkins\workspace\8-2-build-windows-amd64-cygwin\jdk8u251\737\hotspot\src\share\vm\runtime\sharedRuntime.cpp, line 605]
Event: 27.512 Thread 0x0000000019653000 Exception <a 'java/lang/ClassNotFoundException': com/online/videostreaming/classrooms/onlineclassrooms/forms/VideoUploadFormCustomizer> (0x00000000dcb652d0) thrown at [C:\jenkins\workspace\8-2-build-windows-amd64-cygwin\jdk8u251\737\hotspot\src\share\vm\c
Event: 60.947 Thread 0x000000001cdf4800 Exception <a 'sun/nio/fs/WindowsException'> (0x00000000df080958) thrown at [C:\jenkins\workspace\8-2-build-windows-amd64-cygwin\jdk8u251\737\hotspot\src\share\vm\prims\jni.cpp, line 710]
Event: 60.947 Thread 0x000000001cdf4800 Exception <a 'sun/nio/fs/WindowsException'> (0x00000000df0816c8) thrown at [C:\jenkins\workspace\8-2-build-windows-amd64-cygwin\jdk8u251\737\hotspot\src\share\vm\prims\jni.cpp, line 710]
Event: 60.947 Thread 0x000000001cdf4800 Exception <a 'sun/nio/fs/WindowsException'> (0x00000000df081dc0) thrown at [C:\jenkins\workspace\8-2-build-windows-amd64-cygwin\jdk8u251\737\hotspot\src\share\vm\prims\jni.cpp, line 710]
Event: 60.948 Thread 0x000000001cdf4800 Exception <a 'sun/nio/fs/WindowsException'> (0x00000000df0847a8) thrown at [C:\jenkins\workspace\8-2-build-windows-amd64-cygwin\jdk8u251\737\hotspot\src\share\vm\prims\jni.cpp, line 710]
Event: 60.948 Thread 0x000000001cdf4800 Exception <a 'sun/nio/fs/WindowsException'> (0x00000000df084ee8) thrown at [C:\jenkins\workspace\8-2-build-windows-amd64-cygwin\jdk8u251\737\hotspot\src\share\vm\prims\jni.cpp, line 710]
Event: 60.949 Thread 0x000000001cdf4800 Exception <a 'sun/nio/fs/WindowsException'> (0x00000000df0862d8) thrown at [C:\jenkins\workspace\8-2-build-windows-amd64-cygwin\jdk8u251\737\hotspot\src\share\vm\prims\jni.cpp, line 710]
Event: 60.949 Thread 0x000000001cdf4800 Exception <a 'sun/nio/fs/WindowsException'> (0x00000000df086a38) thrown at [C:\jenkins\workspace\8-2-build-windows-amd64-cygwin\jdk8u251\737\hotspot\src\share\vm\prims\jni.cpp, line 710]

Events (10 events):
Event: 63.574 loading class com/xuggle/mediatool/IMediaListener
Event: 63.574 loading class com/xuggle/mediatool/IMediaListener done
Event: 63.574 loading class com/xuggle/mediatool/AMediaListenerMixin
Event: 63.574 loading class com/xuggle/mediatool/AMediaListenerMixin done
Event: 63.585 loading class com/xuggle/xuggler/IContainer$Type
Event: 63.585 loading class com/xuggle/xuggler/IContainer$Type done
Event: 63.585 loading class com/xuggle/xuggler/IContainer$Type$SwigNext
Event: 63.585 loading class com/xuggle/xuggler/IContainer$Type$SwigNext done
Event: 63.586 loading class com/xuggle/xuggler/IContainerFormat
Event: 63.586 loading class com/xuggle/xuggler/IContainerFormat done


Dynamic libraries:
0x00007ff68d080000 - 0x00007ff68d0b7000 	C:\Program Files\Java\jre1.8.0_251\bin\javaw.exe
0x00007ff8eb6b0000 - 0x00007ff8eb8a5000 	C:\WINDOWS\SYSTEM32\ntdll.dll
0x00007ff8e97d0000 - 0x00007ff8e988d000 	C:\WINDOWS\System32\KERNEL32.DLL
0x00007ff8e9280000 - 0x00007ff8e9548000 	C:\WINDOWS\System32\KERNELBASE.dll
0x00007ff8e6460000 - 0x00007ff8e64f0000 	C:\WINDOWS\SYSTEM32\apphelp.dll
0x00007ff8e9930000 - 0x00007ff8e99dc000 	C:\WINDOWS\System32\ADVAPI32.dll
0x00007ff8ead80000 - 0x00007ff8eae1e000 	C:\WINDOWS\System32\msvcrt.dll
0x00007ff8e9890000 - 0x00007ff8e992b000 	C:\WINDOWS\System32\sechost.dll
0x00007ff8e9bc0000 - 0x00007ff8e9ceb000 	C:\WINDOWS\System32\RPCRT4.dll
0x00007ff8eb080000 - 0x00007ff8eb220000 	C:\WINDOWS\System32\USER32.dll
0x00007ff8e9680000 - 0x00007ff8e96a2000 	C:\WINDOWS\System32\win32u.dll
0x00007ff8eaf70000 - 0x00007ff8eaf9a000 	C:\WINDOWS\System32\GDI32.dll
0x00007ff8e8df0000 - 0x00007ff8e8efb000 	C:\WINDOWS\System32\gdi32full.dll
0x00007ff8e91e0000 - 0x00007ff8e927d000 	C:\WINDOWS\System32\msvcp_win.dll
0x00007ff8e90b0000 - 0x00007ff8e91b0000 	C:\WINDOWS\System32\ucrtbase.dll
0x00007ff8c2700000 - 0x00007ff8c299a000 	C:\WINDOWS\WinSxS\amd64_microsoft.windows.common-controls_6595b64144ccf1df_6.0.19041.844_none_ca00b6081b84eb1d\COMCTL32.dll
0x00007ff8e99e0000 - 0x00007ff8e9a10000 	C:\WINDOWS\System32\IMM32.DLL
0x00000000667b0000 - 0x0000000066882000 	C:\Program Files\Java\jre1.8.0_251\bin\msvcr100.dll
0x0000000066970000 - 0x000000006721b000 	C:\Program Files\Java\jre1.8.0_251\bin\server\jvm.dll
0x00007ff8eb580000 - 0x00007ff8eb588000 	C:\WINDOWS\System32\PSAPI.DLL
0x00007ff8d3970000 - 0x00007ff8d3979000 	C:\WINDOWS\SYSTEM32\WSOCK32.dll
0x00007ff8eac60000 - 0x00007ff8eaccb000 	C:\WINDOWS\System32\WS2_32.dll
0x00007ff8d3df0000 - 0x00007ff8d3e17000 	C:\WINDOWS\SYSTEM32\WINMM.dll
0x00007ff8dcd40000 - 0x00007ff8dcd4a000 	C:\WINDOWS\SYSTEM32\VERSION.dll
0x00007ff8e0810000 - 0x00007ff8e081f000 	C:\Program Files\Java\jre1.8.0_251\bin\verify.dll
0x00007ff8be570000 - 0x00007ff8be599000 	C:\Program Files\Java\jre1.8.0_251\bin\java.dll
0x00007ff8c8000000 - 0x00007ff8c8016000 	C:\Program Files\Java\jre1.8.0_251\bin\zip.dll
0x00007ff8e9cf0000 - 0x00007ff8ea432000 	C:\WINDOWS\System32\SHELL32.dll
0x00007ff8e6c00000 - 0x00007ff8e7390000 	C:\WINDOWS\SYSTEM32\windows.storage.dll
0x00007ff8eb220000 - 0x00007ff8eb575000 	C:\WINDOWS\System32\combase.dll
0x00007ff8e8790000 - 0x00007ff8e87bc000 	C:\WINDOWS\SYSTEM32\Wldp.dll
0x00007ff8eacd0000 - 0x00007ff8ead7e000 	C:\WINDOWS\System32\SHCORE.dll
0x00007ff8eb590000 - 0x00007ff8eb5e5000 	C:\WINDOWS\System32\shlwapi.dll
0x00007ff8e8d30000 - 0x00007ff8e8d4f000 	C:\WINDOWS\SYSTEM32\profapi.dll
0x00007ff8e2f30000 - 0x00007ff8e2f3d000 	C:\Program Files\Java\jre1.8.0_251\bin\management.dll
0x00007ff8e4980000 - 0x00007ff8e499a000 	C:\Program Files\Java\jre1.8.0_251\bin\net.dll
0x00007ff8e8500000 - 0x00007ff8e856a000 	C:\WINDOWS\system32\mswsock.dll
0x00007ff8e4960000 - 0x00007ff8e4972000 	C:\Program Files\Java\jre1.8.0_251\bin\nio.dll
0x00007ff8d21d0000 - 0x00007ff8d21e7000 	C:\WINDOWS\system32\napinsp.dll
0x00007ff8d2180000 - 0x00007ff8d219b000 	C:\WINDOWS\system32\pnrpnsp.dll
0x00007ff8e2300000 - 0x00007ff8e2315000 	C:\WINDOWS\system32\wshbth.dll
0x00007ff8e3fb0000 - 0x00007ff8e3fcd000 	C:\WINDOWS\system32\NLAapi.dll
0x00007ff8e81f0000 - 0x00007ff8e822b000 	C:\WINDOWS\SYSTEM32\IPHLPAPI.DLL
0x00007ff8e8240000 - 0x00007ff8e830c000 	C:\WINDOWS\SYSTEM32\DNSAPI.dll
0x00007ff8eaf60000 - 0x00007ff8eaf68000 	C:\WINDOWS\System32\NSI.dll
0x00007ff8d2040000 - 0x00007ff8d2052000 	C:\WINDOWS\System32\winrnr.dll
0x00007ff8ddc20000 - 0x00007ff8ddc2a000 	C:\Windows\System32\rasadhlp.dll
0x00007ff8df180000 - 0x00007ff8df1ff000 	C:\WINDOWS\System32\fwpuclnt.dll
0x00007ff8e91b0000 - 0x00007ff8e91d7000 	C:\WINDOWS\System32\bcrypt.dll
0x00007ff8e86e0000 - 0x00007ff8e86f8000 	C:\WINDOWS\SYSTEM32\CRYPTSP.dll
0x00007ff8e7ea0000 - 0x00007ff8e7ed4000 	C:\WINDOWS\system32\rsaenh.dll
0x00007ff8e8ca0000 - 0x00007ff8e8cce000 	C:\WINDOWS\SYSTEM32\USERENV.dll
0x00007ff8e9550000 - 0x00007ff8e95d0000 	C:\WINDOWS\System32\bcryptprimitives.dll
0x00007ff8e86d0000 - 0x00007ff8e86dc000 	C:\WINDOWS\SYSTEM32\CRYPTBASE.dll
0x00007ff8e0ed0000 - 0x00007ff8e0ee7000 	C:\WINDOWS\SYSTEM32\dhcpcsvc6.DLL
0x00007ff8e1430000 - 0x00007ff8e144d000 	C:\WINDOWS\SYSTEM32\dhcpcsvc.DLL
0x000000006e740000 - 0x000000006fda5000 	C:\Users\Ganpati_IshaanNmj\AppData\Local\Temp\xuggle\xuggle3687232924911483967.dll
0x00007ff8eab30000 - 0x00007ff8eac5a000 	C:\WINDOWS\System32\ole32.dll
0x00007ff8e2f10000 - 0x00007ff8e2f29000 	C:\WINDOWS\SYSTEM32\AVICAP32.dll
0x00007ff8c8320000 - 0x00007ff8c834b000 	C:\WINDOWS\SYSTEM32\MSVFW32.dll
0x00007ff8e7720000 - 0x00007ff8e7904000 	C:\WINDOWS\SYSTEM32\dbghelp.dll

VM Arguments:
jvm_args: -Dcom.sun.management.jmxremote -Dcom.sun.management.jmxremote.port=55561 -Dcom.sun.management.jmxremote.authenticate=false -Dcom.sun.management.jmxremote.ssl=false -Djava.rmi.server.hostname=localhost -Dspring.jmx.enabled=true -Dspring.liveBeansView.mbeanDomain -Dspring.application.admin.enabled=true -Xverify:none -XX:TieredStopAtLevel=1 -Dspring.boot.project.name=online-classrooms -Dfile.encoding=UTF-8 
java_command: com.online.videostreaming.classrooms.onlineclassrooms.OnlineClassroomsApplication
java_class_path (initial): M:\SourceCode\Online-Video-Streaming-Directory\online-classrooms\target\classes;C:\Users\Ganpati_IshaanNmj\.m2\repository\io\netty\netty\3.6.3.Final\netty-3.6.3.Final.jar;C:\Users\Ganpati_IshaanNmj\.m2\repository\net\java\dev\jna\jna-platform\5.6.0\jna-platform-5.6.0.jar;C:\Users\Ganpati_IshaanNmj\.m2\repository\net\java\dev\jna\jna\5.6.0\jna-5.6.0.jar;C:\Users\Ganpati_IshaanNmj\.m2\repository\commons-fileupload\commons-fileupload\1.4\commons-fileupload-1.4.jar;C:\Users\Ganpati_IshaanNmj\.m2\repository\commons-io\commons-io\2.2\commons-io-2.2.jar;C:\Users\Ganpati_IshaanNmj\.m2\repository\org\eclipse\jetty\aggregate\jetty-all\9.2.7.v20150116\jetty-all-9.2.7.v20150116.jar;C:\Users\Ganpati_IshaanNmj\.m2\repository\javax\websocket\javax.websocket-api\1.1\javax.websocket-api-1.1.jar;C:\Users\Ganpati_IshaanNmj\.m2\repository\javax\servlet\javax.servlet-api\4.0.1\javax.servlet-api-4.0.1.jar;C:\Users\Ganpati_IshaanNmj\.m2\repository\com\github\sarxos\webcam-capture-driver-ipcam\0.3.12\webcam-capture-driver-ipcam-0.3.12.jar;C:\Users\Ganpati_IshaanNmj\.m2\repository\org\apache\httpcomponents\httpclient\4.5.13\httpclient-4.5.13.jar;C:\Users\Ganpati_IshaanNmj\.m2\repository\org\apache\httpcomponents\httpcore\4.4.14\httpcore-4.4.14.jar;C:\Users\Ganpati_IshaanNmj\.m2\repository\org\apache\httpcomponents\httpmime\4.5.13\httpmime-4.5.13.jar;C:\Users\Ganpati_IshaanNmj\.m2\repository\net\coobird\thumbnailator\0.4.3\thumbnailator-0.4.3.jar;C:\Users\Ganpati_IshaanNmj\.m2\repository\xuggle\xuggle-xuggler\5.4\xuggle-xuggler-5.4.jar;C:\Users\Ganpati_IshaanNmj\.m2\repository\com\google\code\gson\gson\2.8.6\gson-2.8.6.jar;C:\Users\Ganpati_IshaanNmj\.m2\repository\com\github\lwfwind\common\java-common-helper\1.8\java-common-helper-1.8.jar;C:\Users\Ganpati_IshaanNmj\.m2\repository\log4j\log4j\1.2.16\log4j-1.2.16.jar;C:\Users\Ganpati_IshaanNmj\.m2\repository\org\apache\commons\commons-collections4\4.1\commons-collections4-4.1.jar;C:\Users\Ganpati_IshaanNmj\.m2\repo
Launcher Type: SUN_STANDARD

Environment Variables:
JAVA_HOME=C:\Program Files\Java\jdk1.8.0_251
JRE_HOME=C:\Program Files\Java\jre1.8.0_251
PATH=C:/Program Files/Java/jre1.8.0_251/bin/server;C:/Program Files/Java/jre1.8.0_251/bin;C:/Program Files/Java/jre1.8.0_251/lib/amd64;C:\Program Files (x86)\Common Files\Oracle\Java\javapath;C:\WINDOWS\system32;C:\WINDOWS;C:\WINDOWS\System32\Wbem;C:\WINDOWS\System32\WindowsPowerShell\v1.0\;C:\WINDOWS\System32\OpenSSH\;C:\Program Files\Intel\WiFi\bin\;C:\Program Files\Common Files\Intel\WirelessCommon\;C:\Program Files (x86)\Intel\Intel(R) Management Engine Components\DAL;C:\Program Files\Intel\Intel(R) Management Engine Components\DAL;M:\SourceCode\SpringBootCli\apache-maven-3.5.2-bin\apache-maven-3.5.2\bin;M:\SourceCode\SpringBootCli\spring-boot-cli-2.1.8.RELEASE-bin\spring-2.1.8.RELEASE\bin;C:\Program Files\Java\jdk1.8.0_251\bin;C:\Program Files\Git\cmd;M:\Software\Redis-x64-3.0.504;C:\Gradle\gradle-6.8\bin;C:\Program Files\MySQL\MySQL Shell 8.0\bin\;C:\Program Files\JSONBuddy;C:\Users\Ganpati_IshaanNmj\AppData\Local\Microsoft\WindowsApps;C:\Users\Ganpati_IshaanNmj\AppData\Roaming\npm;C:\Program Files\Java\jre1.8.0_291\bin;;M:\Software\eclipse\eclipse;
USERNAME=Ganpati_IshaanNmj
OS=Windows_NT
PROCESSOR_IDENTIFIER=Intel64 Family 6 Model 158 Stepping 11, GenuineIntel



---------------  S Y S T E M  ---------------

OS: Windows 10.0 , 64 bit Build 19041 (10.0.19041.928)

CPU:total 4 (initial active 4) (4 cores per cpu, 1 threads per core) family 6 model 158 stepping 11, cmov, cx8, fxsr, mmx, sse, sse2, sse3, ssse3, sse4.1, sse4.2, popcnt, avx, avx2, aes, clmul, erms, 3dnowpref, lzcnt, tsc, tscinvbit, bmi1, bmi2, adx

Memory: 4k page, physical 8258120k(1700384k free), swap 13763144k(5407652k free)

vm_info: Java HotSpot(TM) 64-Bit Server VM (25.251-b08) for windows-amd64 JRE (1.8.0_251-b08), built on Mar 12 2020 06:31:49 by "" with MS VC++ 10.0 (VS2010)

time: Sun May 23 23:00:30 2021
timezone: India Standard Time
elapsed time: 63 seconds (0d 0h 1m 3s)

