#
# A fatal error has been detected by the Java Runtime Environment:
#
#  EXCEPTION_ACCESS_VIOLATION (0xc0000005) at pc=0x000000006ee76520, pid=17620, tid=0x0000000000003a8c
#
# JRE version: Java(TM) SE Runtime Environment (8.0_251-b08) (build 1.8.0_251-b08)
# Java VM: Java HotSpot(TM) 64-Bit Server VM (25.251-b08 mixed mode windows-amd64 compressed oops)
# Problematic frame:
# C  [xuggle5465625910859607708.dll+0x736520]
#
# Failed to write core dump. Minidumps are not enabled by default on client versions of Windows
#
# If you would like to submit a bug report, please visit:
#   http://bugreport.java.com/bugreport/crash.jsp
# The crash happened outside the Java Virtual Machine in native code.
# See problematic frame for where to report the bug.
#

---------------  T H R E A D  ---------------

Current thread (0x000000001d631000):  JavaThread "http-nio-8080-exec-8" daemon [_thread_in_native, id=14988, stack(0x000000001fc30000,0x000000001fd30000)]

siginfo: ExceptionCode=0xc0000005, reading address 0xffffffffffffffff

Registers:
RAX=0x000000001ea013b0, RBX=0x0000000020bd3630, RCX=0x000000001ea013b0, RDX=0x0000000000000009
RSP=0x000000001fd2be80, RBP=0x000000001ea00af0, RSI=0x000000001ea023b0, RDI=0x0000000000000004
R8 =0x000000006ee77580, R9 =0x000000006ee76490, R10=0x0000000020fb0c70, R11=0x000000001e95abe0
R12=0x000000001e95b3e0, R13=0x0000000000000004, R14=0x0000000000000184, R15=0x000000006fab8f20
RIP=0x000000006ee76520, EFLAGS=0x0000000000010202

Top of Stack: (sp=0x000000001fd2be80)
0x000000001fd2be80:   000000006ee76665 000000006ee774c5
0x000000001fd2be90:   000000006ee77505 000000006ee77545
0x000000001fd2bea0:   000000006ee77585 000000006ee79426
0x000000001fd2beb0:   000000006fab8f20 000000001ea013b0
0x000000001fd2bec0:   0000000020bd5af0 000000001a766a98
0x000000001fd2bed0:   3fe0000000000000 0000000000000000
0x000000001fd2bee0:   40c7760000000000 0000000000000000
0x000000001fd2bef0:   3fe0000000000000 0000000000000001
0x000000001fd2bf00:   0000000020bd6af0 000000006ea45d24
0x000000001fd2bf10:   3f40624dd2f1a9fc 0000000000000000
0x000000001fd2bf20:   0000000000000000 0000000000000000
0x000000001fd2bf30:   0000000000000000 0000000000000000
0x000000001fd2bf40:   0000000020bdf9f0 000000006fab7320
0x000000001fd2bf50:   0000000000000000 0000000020bd3590
0x000000001fd2bf60:   0000000000000001 000000001ea00af0
0x000000001fd2bf70:   000000001ea00b70 0000000000000000 

Instructions: (pc=0x000000006ee76520)
0x000000006ee76500:   c4 e3 5d 0c c0 55 c5 e4 5c c8 c5 e4 58 c0 c5 fc
0x000000006ee76510:   29 01 c5 fc 29 49 20 c3 0f 1f 84 00 00 00 00 00
0x000000006ee76520:   c5 fc 28 51 40 c5 fc 28 59 60 c5 ec 5c fb c5 ec
0x000000006ee76530:   58 d3 c5 c4 57 3d 26 41 84 00 c5 ec c6 df be c5 


Register to memory mapping:

RAX=0x000000001ea013b0 is an unknown value
RBX=0x0000000020bd3630 is an unknown value
RCX=0x000000001ea013b0 is an unknown value
RDX=0x0000000000000009 is an unknown value
RSP=0x000000001fd2be80 is pointing into the stack for thread: 0x000000001d631000
RBP=0x000000001ea00af0 is an unknown value
RSI=0x000000001ea023b0 is an unknown value
RDI=0x0000000000000004 is an unknown value
R8 =0x000000006ee77580 is an unknown value
R9 =0x000000006ee76490 is an unknown value
R10=0x0000000020fb0c70 is an unknown value
R11=0x000000001e95abe0 is an unknown value
R12=0x000000001e95b3e0 is an unknown value
R13=0x0000000000000004 is an unknown value
R14=0x0000000000000184 is an unknown value
R15=0x000000006fab8f20 is an unknown value


Stack: [0x000000001fc30000,0x000000001fd30000],  sp=0x000000001fd2be80,  free space=1007k
Native frames: (J=compiled Java code, j=interpreted, Vv=VM code, C=native code)
C  [xuggle5465625910859607708.dll+0x736520]

Java frames: (J=compiled Java code, j=interpreted, Vv=VM code)
j  com.xuggle.xuggler.XugglerJNI.IContainer_open__SWIG_1(JLcom/xuggle/xuggler/IContainer;Ljava/lang/String;IJLcom/xuggle/xuggler/IContainerFormat;ZZ)I+0
j  com.xuggle.xuggler.IContainer.open(Ljava/lang/String;Lcom/xuggle/xuggler/IContainer$Type;Lcom/xuggle/xuggler/IContainerFormat;ZZ)I+19
j  com.xuggle.mediatool.MediaReader.open()V+20
j  com.xuggle.mediatool.MediaReader.readPacket()Lcom/xuggle/xuggler/IError;+8
j  com.online.videostreaming.classrooms.onlineclassrooms.utils.Thumbnail.generateThumbnail(Ljava/lang/String;Ljava/lang/String;Ljava/lang/String;)V+72
j  com.online.videostreaming.classrooms.onlineclassrooms.controller.VideoController.uploadVideoPost(Lcom/online/videostreaming/classrooms/onlineclassrooms/forms/VideoUploadForm;Lorg/springframework/ui/Model;Ljavax/servlet/http/HttpServletRequest;Ljavax/servlet/http/HttpServletResponse;Lorg/springframework/web/servlet/mvc/support/RedirectAttributes;Lorg/springframework/validation/BindingResult;)Ljava/lang/String;+445
v  ~StubRoutines::call_stub
J 1966  sun.reflect.NativeMethodAccessorImpl.invoke0(Ljava/lang/reflect/Method;Ljava/lang/Object;[Ljava/lang/Object;)Ljava/lang/Object; (0 bytes) @ 0x0000000002fdc47f [0x0000000002fdc400+0x7f]
j  sun.reflect.NativeMethodAccessorImpl.invoke(Ljava/lang/Object;[Ljava/lang/Object;)Ljava/lang/Object;+100
j  sun.reflect.DelegatingMethodAccessorImpl.invoke(Ljava/lang/Object;[Ljava/lang/Object;)Ljava/lang/Object;+6
j  java.lang.reflect.Method.invoke(Ljava/lang/Object;[Ljava/lang/Object;)Ljava/lang/Object;+56
j  org.springframework.web.method.support.InvocableHandlerMethod.doInvoke([Ljava/lang/Object;)Ljava/lang/Object;+32
j  org.springframework.web.method.support.InvocableHandlerMethod.invokeForRequest(Lorg/springframework/web/context/request/NativeWebRequest;Lorg/springframework/web/method/support/ModelAndViewContainer;[Ljava/lang/Object;)Ljava/lang/Object;+54
j  org.springframework.web.servlet.mvc.method.annotation.ServletInvocableHandlerMethod.invokeAndHandle(Lorg/springframework/web/context/request/ServletWebRequest;Lorg/springframework/web/method/support/ModelAndViewContainer;[Ljava/lang/Object;)V+4
j  org.springframework.web.servlet.mvc.method.annotation.RequestMappingHandlerAdapter.invokeHandlerMethod(Ljavax/servlet/http/HttpServletRequest;Ljavax/servlet/http/HttpServletResponse;Lorg/springframework/web/method/HandlerMethod;)Lorg/springframework/web/servlet/ModelAndView;+244
j  org.springframework.web.servlet.mvc.method.annotation.RequestMappingHandlerAdapter.handleInternal(Ljavax/servlet/http/HttpServletRequest;Ljavax/servlet/http/HttpServletResponse;Lorg/springframework/web/method/HandlerMethod;)Lorg/springframework/web/servlet/ModelAndView;+81
j  org.springframework.web.servlet.mvc.method.AbstractHandlerMethodAdapter.handle(Ljavax/servlet/http/HttpServletRequest;Ljavax/servlet/http/HttpServletResponse;Ljava/lang/Object;)Lorg/springframework/web/servlet/ModelAndView;+7
j  org.springframework.web.servlet.DispatcherServlet.doDispatch(Ljavax/servlet/http/HttpServletRequest;Ljavax/servlet/http/HttpServletResponse;)V+259
j  org.springframework.web.servlet.DispatcherServlet.doService(Ljavax/servlet/http/HttpServletRequest;Ljavax/servlet/http/HttpServletResponse;)V+241
j  org.springframework.web.servlet.FrameworkServlet.processRequest(Ljavax/servlet/http/HttpServletRequest;Ljavax/servlet/http/HttpServletResponse;)V+71
j  org.springframework.web.servlet.FrameworkServlet.doPost(Ljavax/servlet/http/HttpServletRequest;Ljavax/servlet/http/HttpServletResponse;)V+3
j  javax.servlet.http.HttpServlet.service(Ljavax/servlet/http/HttpServletRequest;Ljavax/servlet/http/HttpServletResponse;)V+149
j  org.springframework.web.servlet.FrameworkServlet.service(Ljavax/servlet/http/HttpServletRequest;Ljavax/servlet/http/HttpServletResponse;)V+33
j  javax.servlet.http.HttpServlet.service(Ljavax/servlet/ServletRequest;Ljavax/servlet/ServletResponse;)V+37
j  org.apache.catalina.core.ApplicationFilterChain.internalDoFilter(Ljavax/servlet/ServletRequest;Ljavax/servlet/ServletResponse;)V+304
j  org.apache.catalina.core.ApplicationFilterChain.doFilter(Ljavax/servlet/ServletRequest;Ljavax/servlet/ServletResponse;)V+99
j  org.apache.tomcat.websocket.server.WsFilter.doFilter(Ljavax/servlet/ServletRequest;Ljavax/servlet/ServletResponse;Ljavax/servlet/FilterChain;)V+21
j  org.apache.catalina.core.ApplicationFilterChain.internalDoFilter(Ljavax/servlet/ServletRequest;Ljavax/servlet/ServletResponse;)V+135
j  org.apache.catalina.core.ApplicationFilterChain.doFilter(Ljavax/servlet/ServletRequest;Ljavax/servlet/ServletResponse;)V+99
j  org.springframework.web.filter.RequestContextFilter.doFilterInternal(Ljavax/servlet/http/HttpServletRequest;Ljavax/servlet/http/HttpServletResponse;Ljavax/servlet/FilterChain;)V+21
j  org.springframework.web.filter.OncePerRequestFilter.doFilter(Ljavax/servlet/ServletRequest;Ljavax/servlet/ServletResponse;Ljavax/servlet/FilterChain;)V+147
j  org.apache.catalina.core.ApplicationFilterChain.internalDoFilter(Ljavax/servlet/ServletRequest;Ljavax/servlet/ServletResponse;)V+135
j  org.apache.catalina.core.ApplicationFilterChain.doFilter(Ljavax/servlet/ServletRequest;Ljavax/servlet/ServletResponse;)V+99
j  org.springframework.web.filter.FormContentFilter.doFilterInternal(Ljavax/servlet/http/HttpServletRequest;Ljavax/servlet/http/HttpServletResponse;Ljavax/servlet/FilterChain;)V+38
j  org.springframework.web.filter.OncePerRequestFilter.doFilter(Ljavax/servlet/ServletRequest;Ljavax/servlet/ServletResponse;Ljavax/servlet/FilterChain;)V+147
j  org.apache.catalina.core.ApplicationFilterChain.internalDoFilter(Ljavax/servlet/ServletRequest;Ljavax/servlet/ServletResponse;)V+135
j  org.apache.catalina.core.ApplicationFilterChain.doFilter(Ljavax/servlet/ServletRequest;Ljavax/servlet/ServletResponse;)V+99
j  org.springframework.web.filter.CharacterEncodingFilter.doFilterInternal(Ljavax/servlet/http/HttpServletRequest;Ljavax/servlet/http/HttpServletResponse;Ljavax/servlet/FilterChain;)V+53
j  org.springframework.web.filter.OncePerRequestFilter.doFilter(Ljavax/servlet/ServletRequest;Ljavax/servlet/ServletResponse;Ljavax/servlet/FilterChain;)V+147
j  org.apache.catalina.core.ApplicationFilterChain.internalDoFilter(Ljavax/servlet/ServletRequest;Ljavax/servlet/ServletResponse;)V+135
j  org.apache.catalina.core.ApplicationFilterChain.doFilter(Ljavax/servlet/ServletRequest;Ljavax/servlet/ServletResponse;)V+99
j  org.apache.catalina.core.StandardWrapperValve.invoke(Lorg/apache/catalina/connector/Request;Lorg/apache/catalina/connector/Response;)V+694
j  org.apache.catalina.core.StandardContextValve.invoke(Lorg/apache/catalina/connector/Request;Lorg/apache/catalina/connector/Response;)V+169
j  org.apache.catalina.authenticator.AuthenticatorBase.invoke(Lorg/apache/catalina/connector/Request;Lorg/apache/catalina/connector/Response;)V+262
j  org.apache.catalina.core.StandardHostValve.invoke(Lorg/apache/catalina/connector/Request;Lorg/apache/catalina/connector/Response;)V+128
j  org.apache.catalina.valves.ErrorReportValve.invoke(Lorg/apache/catalina/connector/Request;Lorg/apache/catalina/connector/Response;)V+6
j  org.apache.catalina.core.StandardEngineValve.invoke(Lorg/apache/catalina/connector/Request;Lorg/apache/catalina/connector/Response;)V+59
j  org.apache.catalina.connector.CoyoteAdapter.service(Lorg/apache/coyote/Request;Lorg/apache/coyote/Response;)V+200
j  org.apache.coyote.http11.Http11Processor.service(Lorg/apache/tomcat/util/net/SocketWrapperBase;)Lorg/apache/tomcat/util/net/AbstractEndpoint$Handler$SocketState;+747
j  org.apache.coyote.AbstractProcessorLight.process(Lorg/apache/tomcat/util/net/SocketWrapperBase;Lorg/apache/tomcat/util/net/SocketEvent;)Lorg/apache/tomcat/util/net/AbstractEndpoint$Handler$SocketState;+170
j  org.apache.coyote.AbstractProtocol$ConnectionHandler.process(Lorg/apache/tomcat/util/net/SocketWrapperBase;Lorg/apache/tomcat/util/net/SocketEvent;)Lorg/apache/tomcat/util/net/AbstractEndpoint$Handler$SocketState;+505
j  org.apache.tomcat.util.net.NioEndpoint$SocketProcessor.doRun()V+216
j  org.apache.tomcat.util.net.SocketProcessorBase.run()V+21
j  java.util.concurrent.ThreadPoolExecutor.runWorker(Ljava/util/concurrent/ThreadPoolExecutor$Worker;)V+95
j  java.util.concurrent.ThreadPoolExecutor$Worker.run()V+5
j  org.apache.tomcat.util.threads.TaskThread$WrappingRunnable.run()V+4
j  java.lang.Thread.run()V+11
v  ~StubRoutines::call_stub

---------------  P R O C E S S  ---------------

Java Threads: ( => current thread )
  0x000000001d638000 JavaThread "DestroyJavaVM" [_thread_blocked, id=15392, stack(0x0000000002790000,0x0000000002890000)]
  0x000000001d630800 JavaThread "http-nio-8080-Acceptor" daemon [_thread_in_native, id=15548, stack(0x0000000020030000,0x0000000020130000)]
  0x000000001d633800 JavaThread "http-nio-8080-ClientPoller" daemon [_thread_in_native, id=7468, stack(0x000000001ff30000,0x0000000020030000)]
  0x000000001d634000 JavaThread "http-nio-8080-exec-10" daemon [_thread_blocked, id=13184, stack(0x000000001fe30000,0x000000001ff30000)]
  0x000000001d637000 JavaThread "http-nio-8080-exec-9" daemon [_thread_blocked, id=8964, stack(0x000000001fd30000,0x000000001fe30000)]
=>0x000000001d631000 JavaThread "http-nio-8080-exec-8" daemon [_thread_in_native, id=14988, stack(0x000000001fc30000,0x000000001fd30000)]
  0x000000001d635800 JavaThread "http-nio-8080-exec-7" daemon [_thread_blocked, id=13772, stack(0x000000001fb30000,0x000000001fc30000)]
  0x000000001d636800 JavaThread "http-nio-8080-exec-6" daemon [_thread_blocked, id=15256, stack(0x000000001fa30000,0x000000001fb30000)]
  0x000000001d632800 JavaThread "http-nio-8080-exec-5" daemon [_thread_blocked, id=16316, stack(0x000000001f930000,0x000000001fa30000)]
  0x000000001d632000 JavaThread "http-nio-8080-exec-4" daemon [_thread_blocked, id=14136, stack(0x000000001f830000,0x000000001f930000)]
  0x000000001d270800 JavaThread "http-nio-8080-exec-3" daemon [_thread_blocked, id=16560, stack(0x000000001f730000,0x000000001f830000)]
  0x000000001d271800 JavaThread "http-nio-8080-exec-2" daemon [_thread_blocked, id=7392, stack(0x000000001f630000,0x000000001f730000)]
  0x000000001d270000 JavaThread "http-nio-8080-exec-1" daemon [_thread_blocked, id=10300, stack(0x000000001f530000,0x000000001f630000)]
  0x000000001d26f000 JavaThread "http-nio-8080-BlockPoller" daemon [_thread_in_native, id=4688, stack(0x000000001f430000,0x000000001f530000)]
  0x000000001cfd0000 JavaThread "HikariPool-1 housekeeper" daemon [_thread_blocked, id=17020, stack(0x000000001e730000,0x000000001e830000)]
  0x0000000019370000 JavaThread "PostgreSQL-JDBC-SharedTimer-1" daemon [_thread_blocked, id=7500, stack(0x000000001e630000,0x000000001e730000)]
  0x000000001ce0c000 JavaThread "container-0" [_thread_blocked, id=9804, stack(0x000000001e030000,0x000000001e130000)]
  0x000000001ce07800 JavaThread "Catalina-utility-2" [_thread_blocked, id=3720, stack(0x000000001df30000,0x000000001e030000)]
  0x000000001ce07000 JavaThread "Catalina-utility-1" [_thread_blocked, id=12792, stack(0x000000001be60000,0x000000001bf60000)]
  0x0000000019c4e800 JavaThread "RMI TCP Accept-0" daemon [_thread_in_native, id=9132, stack(0x000000001a550000,0x000000001a650000)]
  0x0000000019bf6800 JavaThread "RMI TCP Accept-56436" daemon [_thread_in_native, id=15808, stack(0x000000001a450000,0x000000001a550000)]
  0x0000000019beb800 JavaThread "RMI TCP Accept-0" daemon [_thread_in_native, id=3872, stack(0x000000001a350000,0x000000001a450000)]
  0x000000001990b000 JavaThread "Service Thread" daemon [_thread_blocked, id=7640, stack(0x000000001a250000,0x000000001a350000)]
  0x0000000019908000 JavaThread "C1 CompilerThread2" daemon [_thread_blocked, id=17960, stack(0x000000001a150000,0x000000001a250000)]
  0x0000000019901000 JavaThread "C2 CompilerThread1" daemon [_thread_blocked, id=15192, stack(0x000000001a050000,0x000000001a150000)]
  0x00000000198ee000 JavaThread "C2 CompilerThread0" daemon [_thread_blocked, id=17388, stack(0x0000000019f50000,0x000000001a050000)]
  0x00000000176bd000 JavaThread "JDWP Command Reader" daemon [_thread_in_native, id=17808, stack(0x0000000019250000,0x0000000019350000)]
  0x00000000176b2000 JavaThread "JDWP Event Helper Thread" daemon [_thread_blocked, id=10796, stack(0x0000000019150000,0x0000000019250000)]
  0x00000000176ae800 JavaThread "JDWP Transport Listener: dt_socket" daemon [_thread_blocked, id=12152, stack(0x0000000019050000,0x0000000019150000)]
  0x000000001769a800 JavaThread "Attach Listener" daemon [_thread_blocked, id=2660, stack(0x0000000018c10000,0x0000000018d10000)]
  0x0000000017699000 JavaThread "Signal Dispatcher" daemon [_thread_blocked, id=16516, stack(0x0000000018b10000,0x0000000018c10000)]
  0x00000000029ad800 JavaThread "Finalizer" daemon [_thread_blocked, id=7688, stack(0x0000000018910000,0x0000000018a10000)]
  0x0000000017659800 JavaThread "Reference Handler" daemon [_thread_blocked, id=6416, stack(0x0000000018810000,0x0000000018910000)]

Other Threads:
  0x0000000017657800 VMThread [stack: 0x0000000018710000,0x0000000018810000] [id=17840]
  0x0000000019c54800 WatcherThread [stack: 0x000000001a650000,0x000000001a750000] [id=16160]

VM state:not at safepoint (normal execution)

VM Mutex/Monitor currently owned by a thread: None

heap address: 0x0000000081e00000, size: 2018 MB, Compressed Oops mode: 32-bit
Narrow klass base: 0x0000000000000000, Narrow klass shift: 3
Compressed class space size: 1073741824 Address: 0x0000000100000000

Heap:
 PSYoungGen      total 395264K, used 263235K [0x00000000d5f80000, 0x00000000f5880000, 0x0000000100000000)
  eden space 379904K, 69% used [0x00000000d5f80000,0x00000000e6090d08,0x00000000ed280000)
  from space 15360K, 0% used [0x00000000ed280000,0x00000000ed280000,0x00000000ee180000)
  to   space 15872K, 0% used [0x00000000f4900000,0x00000000f4900000,0x00000000f5880000)
 ParOldGen       total 301568K, used 85639K [0x0000000081e00000, 0x0000000094480000, 0x00000000d5f80000)
  object space 301568K, 28% used [0x0000000081e00000,0x00000000871a1e38,0x0000000094480000)
 Metaspace       used 59736K, capacity 62508K, committed 62720K, reserved 1103872K
  class space    used 7901K, capacity 8397K, committed 8448K, reserved 1048576K

Card table byte_map: [0x0000000011f30000,0x0000000012330000] byte_map_base: 0x0000000011b21000

Marking Bits: (ParMarkBitMap*) 0x000000006726af90
 Begin Bits: [0x00000000129e0000, 0x0000000014968000)
 End Bits:   [0x0000000014968000, 0x00000000168f0000)

Polling page: 0x0000000000da0000

CodeCache: size=245760Kb used=11218Kb max_used=11334Kb free=234541Kb
 bounds [0x0000000002b70000, 0x0000000003690000, 0x0000000011b70000]
 total_blobs=5816 nmethods=5217 adapters=518
 compilation: enabled

Compilation events (10 events):
Event: 135.799 Thread 0x0000000019908000 5314       1       java.util.regex.Pattern$SliceI::match (96 bytes)
Event: 135.799 Thread 0x0000000019908000 nmethod 5314 0x0000000003208dd0 code [0x0000000003208f40, 0x00000000032091d8]
Event: 135.799 Thread 0x0000000019908000 5315       1       sun.security.util.DerValue::isPrintableStringChar (184 bytes)
Event: 135.799 Thread 0x0000000019908000 nmethod 5315 0x0000000003208a90 code [0x0000000003208be0, 0x0000000003208d70]
Event: 135.799 Thread 0x0000000019908000 5316       1       java.math.MutableBigInteger::unsignedLongCompare (20 bytes)
Event: 135.799 Thread 0x0000000019908000 nmethod 5316 0x0000000003208750 code [0x00000000032088a0, 0x00000000032089d0]
Event: 137.225 Thread 0x0000000019908000 5317   !   1       sun.misc.Resource::getBytes (242 bytes)
Event: 137.226 Thread 0x0000000019908000 nmethod 5317 0x0000000003242e10 code [0x0000000003243060, 0x0000000003243ee8]
Event: 138.193 Thread 0x0000000019908000 5318       1       java.lang.Thread::getThreadGroup (5 bytes)
Event: 138.193 Thread 0x0000000019908000 nmethod 5318 0x0000000003206fd0 code [0x0000000003207120, 0x0000000003207230]

GC Heap History (10 events):
Event: 11.740 GC heap before
{Heap before GC invocations=14 (full 3):
 PSYoungGen      total 322048K, used 12384K [0x00000000d5f80000, 0x00000000ef080000, 0x0000000100000000)
  eden space 307712K, 0% used [0x00000000d5f80000,0x00000000d5f80000,0x00000000e8c00000)
  from space 14336K, 86% used [0x00000000e8c00000,0x00000000e9818338,0x00000000e9a00000)
  to   space 15360K, 0% used [0x00000000ee180000,0x00000000ee180000,0x00000000ef080000)
 ParOldGen       total 76288K, used 22406K [0x0000000081e00000, 0x0000000086880000, 0x00000000d5f80000)
  object space 76288K, 29% used [0x0000000081e00000,0x00000000833e1a78,0x0000000086880000)
 Metaspace       used 56377K, capacity 58986K, committed 59096K, reserved 1099776K
  class space    used 7535K, capacity 8020K, committed 8064K, reserved 1048576K
Event: 11.854 GC heap after
Heap after GC invocations=14 (full 3):
 PSYoungGen      total 322048K, used 0K [0x00000000d5f80000, 0x00000000ef080000, 0x0000000100000000)
  eden space 307712K, 0% used [0x00000000d5f80000,0x00000000d5f80000,0x00000000e8c00000)
  from space 14336K, 0% used [0x00000000e8c00000,0x00000000e8c00000,0x00000000e9a00000)
  to   space 15360K, 0% used [0x00000000ee180000,0x00000000ee180000,0x00000000ef080000)
 ParOldGen       total 108544K, used 26963K [0x0000000081e00000, 0x0000000088800000, 0x00000000d5f80000)
  object space 108544K, 24% used [0x0000000081e00000,0x0000000083854db8,0x0000000088800000)
 Metaspace       used 56377K, capacity 58986K, committed 59096K, reserved 1099776K
  class space    used 7535K, capacity 8020K, committed 8064K, reserved 1048576K
}
Event: 76.639 GC heap before
{Heap before GC invocations=15 (full 3):
 PSYoungGen      total 322048K, used 225934K [0x00000000d5f80000, 0x00000000ef080000, 0x0000000100000000)
  eden space 307712K, 73% used [0x00000000d5f80000,0x00000000e3c23a68,0x00000000e8c00000)
  from space 14336K, 0% used [0x00000000e8c00000,0x00000000e8c00000,0x00000000e9a00000)
  to   space 15360K, 0% used [0x00000000ee180000,0x00000000ee180000,0x00000000ef080000)
 ParOldGen       total 108544K, used 26963K [0x0000000081e00000, 0x0000000088800000, 0x00000000d5f80000)
  object space 108544K, 24% used [0x0000000081e00000,0x0000000083854db8,0x0000000088800000)
 Metaspace       used 59339K, capacity 62156K, committed 62464K, reserved 1103872K
  class space    used 7867K, capacity 8365K, committed 8448K, reserved 1048576K
Event: 76.678 GC heap after
Heap after GC invocations=15 (full 3):
 PSYoungGen      total 395264K, used 4418K [0x00000000d5f80000, 0x00000000ef900000, 0x0000000100000000)
  eden space 379904K, 0% used [0x00000000d5f80000,0x00000000d5f80000,0x00000000ed280000)
  from space 15360K, 28% used [0x00000000ee180000,0x00000000ee5d0828,0x00000000ef080000)
  to   space 15360K, 0% used [0x00000000ed280000,0x00000000ed280000,0x00000000ee180000)
 ParOldGen       total 108544K, used 92507K [0x0000000081e00000, 0x0000000088800000, 0x00000000d5f80000)
  object space 108544K, 85% used [0x0000000081e00000,0x0000000087856dc8,0x0000000088800000)
 Metaspace       used 59339K, capacity 62156K, committed 62464K, reserved 1103872K
  class space    used 7867K, capacity 8365K, committed 8448K, reserved 1048576K
}
Event: 76.678 GC heap before
{Heap before GC invocations=16 (full 4):
 PSYoungGen      total 395264K, used 4418K [0x00000000d5f80000, 0x00000000ef900000, 0x0000000100000000)
  eden space 379904K, 0% used [0x00000000d5f80000,0x00000000d5f80000,0x00000000ed280000)
  from space 15360K, 28% used [0x00000000ee180000,0x00000000ee5d0828,0x00000000ef080000)
  to   space 15360K, 0% used [0x00000000ed280000,0x00000000ed280000,0x00000000ee180000)
 ParOldGen       total 108544K, used 92507K [0x0000000081e00000, 0x0000000088800000, 0x00000000d5f80000)
  object space 108544K, 85% used [0x0000000081e00000,0x0000000087856dc8,0x0000000088800000)
 Metaspace       used 59339K, capacity 62156K, committed 62464K, reserved 1103872K
  class space    used 7867K, capacity 8365K, committed 8448K, reserved 1048576K
Event: 76.738 GC heap after
Heap after GC invocations=16 (full 4):
 PSYoungGen      total 395264K, used 0K [0x00000000d5f80000, 0x00000000ef900000, 0x0000000100000000)
  eden space 379904K, 0% used [0x00000000d5f80000,0x00000000d5f80000,0x00000000ed280000)
  from space 15360K, 0% used [0x00000000ee180000,0x00000000ee180000,0x00000000ef080000)
  to   space 15360K, 0% used [0x00000000ed280000,0x00000000ed280000,0x00000000ee180000)
 ParOldGen       total 216576K, used 87939K [0x0000000081e00000, 0x000000008f180000, 0x00000000d5f80000)
  object space 216576K, 40% used [0x0000000081e00000,0x00000000873e0dc8,0x000000008f180000)
 Metaspace       used 59339K, capacity 62156K, committed 62464K, reserved 1103872K
  class space    used 7867K, capacity 8365K, committed 8448K, reserved 1048576K
}
Event: 133.421 GC heap before
{Heap before GC invocations=17 (full 4):
 PSYoungGen      total 395264K, used 356135K [0x00000000d5f80000, 0x00000000ef900000, 0x0000000100000000)
  eden space 379904K, 93% used [0x00000000d5f80000,0x00000000ebb49dc8,0x00000000ed280000)
  from space 15360K, 0% used [0x00000000ee180000,0x00000000ee180000,0x00000000ef080000)
  to   space 15360K, 0% used [0x00000000ed280000,0x00000000ed280000,0x00000000ee180000)
 ParOldGen       total 216576K, used 87939K [0x0000000081e00000, 0x000000008f180000, 0x00000000d5f80000)
  object space 216576K, 40% used [0x0000000081e00000,0x00000000873e0dc8,0x000000008f180000)
 Metaspace       used 59390K, capacity 62156K, committed 62464K, reserved 1103872K
  class space    used 7874K, capacity 8365K, committed 8448K, reserved 1048576K
Event: 133.724 GC heap after
Heap after GC invocations=17 (full 4):
 PSYoungGen      total 395264K, used 208K [0x00000000d5f80000, 0x00000000f5880000, 0x0000000100000000)
  eden space 379904K, 0% used [0x00000000d5f80000,0x00000000d5f80000,0x00000000ed280000)
  from space 15360K, 1% used [0x00000000ed280000,0x00000000ed2b4010,0x00000000ee180000)
  to   space 15872K, 0% used [0x00000000f4900000,0x00000000f4900000,0x00000000f5880000)
 ParOldGen       total 348160K, used 284555K [0x0000000081e00000, 0x0000000097200000, 0x00000000d5f80000)
  object space 348160K, 81% used [0x0000000081e00000,0x00000000933e2de8,0x0000000097200000)
 Metaspace       used 59390K, capacity 62156K, committed 62464K, reserved 1103872K
  class space    used 7874K, capacity 8365K, committed 8448K, reserved 1048576K
}
Event: 133.724 GC heap before
{Heap before GC invocations=18 (full 5):
 PSYoungGen      total 395264K, used 208K [0x00000000d5f80000, 0x00000000f5880000, 0x0000000100000000)
  eden space 379904K, 0% used [0x00000000d5f80000,0x00000000d5f80000,0x00000000ed280000)
  from space 15360K, 1% used [0x00000000ed280000,0x00000000ed2b4010,0x00000000ee180000)
  to   space 15872K, 0% used [0x00000000f4900000,0x00000000f4900000,0x00000000f5880000)
 ParOldGen       total 348160K, used 284555K [0x0000000081e00000, 0x0000000097200000, 0x00000000d5f80000)
  object space 348160K, 81% used [0x0000000081e00000,0x00000000933e2de8,0x0000000097200000)
 Metaspace       used 59390K, capacity 62156K, committed 62464K, reserved 1103872K
  class space    used 7874K, capacity 8365K, committed 8448K, reserved 1048576K
Event: 133.801 GC heap after
Heap after GC invocations=18 (full 5):
 PSYoungGen      total 395264K, used 0K [0x00000000d5f80000, 0x00000000f5880000, 0x0000000100000000)
  eden space 379904K, 0% used [0x00000000d5f80000,0x00000000d5f80000,0x00000000ed280000)
  from space 15360K, 0% used [0x00000000ed280000,0x00000000ed280000,0x00000000ee180000)
  to   space 15872K, 0% used [0x00000000f4900000,0x00000000f4900000,0x00000000f5880000)
 ParOldGen       total 301568K, used 85639K [0x0000000081e00000, 0x0000000094480000, 0x00000000d5f80000)
  object space 301568K, 28% used [0x0000000081e00000,0x00000000871a1e38,0x0000000094480000)
 Metaspace       used 59390K, capacity 62156K, committed 62464K, reserved 1103872K
  class space    used 7874K, capacity 8365K, committed 8448K, reserved 1048576K
}

Deoptimization events (0 events):
No events

Classes redefined (1 events):
Event: 107.600 Thread 0x0000000017657800 redefined class name=com.online.videostreaming.classrooms.onlineclassrooms.controller.VideoController, count=1

Internal exceptions (10 events):
Event: 71.065 Thread 0x000000001d632800 Exception <a 'sun/nio/fs/WindowsException'> (0x00000000dbb986e8) thrown at [C:\jenkins\workspace\8-2-build-windows-amd64-cygwin\jdk8u251\737\hotspot\src\share\vm\prims\jni.cpp, line 710]
Event: 73.673 Thread 0x000000001d632800 Exception <a 'sun/nio/fs/WindowsException'> (0x00000000dbb99d18) thrown at [C:\jenkins\workspace\8-2-build-windows-amd64-cygwin\jdk8u251\737\hotspot\src\share\vm\prims\jni.cpp, line 710]
Event: 73.673 Thread 0x000000001d632800 Exception <a 'sun/nio/fs/WindowsException'> (0x00000000dbb9a6b8) thrown at [C:\jenkins\workspace\8-2-build-windows-amd64-cygwin\jdk8u251\737\hotspot\src\share\vm\prims\jni.cpp, line 710]
Event: 128.629 Thread 0x000000001d631000 Exception <a 'sun/nio/fs/WindowsException'> (0x00000000e3a46940) thrown at [C:\jenkins\workspace\8-2-build-windows-amd64-cygwin\jdk8u251\737\hotspot\src\share\vm\prims\jni.cpp, line 710]
Event: 128.630 Thread 0x000000001d631000 Exception <a 'sun/nio/fs/WindowsException'> (0x00000000e3a47a70) thrown at [C:\jenkins\workspace\8-2-build-windows-amd64-cygwin\jdk8u251\737\hotspot\src\share\vm\prims\jni.cpp, line 710]
Event: 128.631 Thread 0x000000001d631000 Exception <a 'sun/nio/fs/WindowsException'> (0x00000000e3a483b0) thrown at [C:\jenkins\workspace\8-2-build-windows-amd64-cygwin\jdk8u251\737\hotspot\src\share\vm\prims\jni.cpp, line 710]
Event: 128.632 Thread 0x000000001d631000 Exception <a 'sun/nio/fs/WindowsException'> (0x00000000e3a49970) thrown at [C:\jenkins\workspace\8-2-build-windows-amd64-cygwin\jdk8u251\737\hotspot\src\share\vm\prims\jni.cpp, line 710]
Event: 128.632 Thread 0x000000001d631000 Exception <a 'sun/nio/fs/WindowsException'> (0x00000000e3a4a2f0) thrown at [C:\jenkins\workspace\8-2-build-windows-amd64-cygwin\jdk8u251\737\hotspot\src\share\vm\prims\jni.cpp, line 710]
Event: 128.633 Thread 0x000000001d631000 Exception <a 'sun/nio/fs/WindowsException'> (0x00000000e3a4b8e0) thrown at [C:\jenkins\workspace\8-2-build-windows-amd64-cygwin\jdk8u251\737\hotspot\src\share\vm\prims\jni.cpp, line 710]
Event: 128.633 Thread 0x000000001d631000 Exception <a 'sun/nio/fs/WindowsException'> (0x00000000e3a4c280) thrown at [C:\jenkins\workspace\8-2-build-windows-amd64-cygwin\jdk8u251\737\hotspot\src\share\vm\prims\jni.cpp, line 710]

Events (10 events):
Event: 137.263 Thread 0x000000001d631000 DEOPT PACKING pc=0x000000000342b5b4 sp=0x000000001fd2b470
Event: 137.263 Thread 0x000000001d631000 DEOPT UNPACKING pc=0x0000000002bb7890 sp=0x000000001fd2b280 mode 1
Event: 137.264 loading class com/xuggle/xuggler/IContainerFormat
Event: 137.264 loading class com/xuggle/xuggler/IContainerFormat done
Event: 137.264 Thread 0x000000001d631000 DEOPT PACKING pc=0x0000000002e23e09 sp=0x000000001fd2bb70
Event: 137.264 Thread 0x000000001d631000 DEOPT UNPACKING pc=0x0000000002bb7890 sp=0x000000001fd2b8c0 mode 1
Event: 137.265 Thread 0x000000001d631000 DEOPT PACKING pc=0x000000000342b66c sp=0x000000001fd2bbf0
Event: 137.265 Thread 0x000000001d631000 DEOPT UNPACKING pc=0x0000000002bb7890 sp=0x000000001fd2ba00 mode 1
Event: 137.265 Thread 0x000000001d631000 DEOPT PACKING pc=0x000000000342b5b4 sp=0x000000001fd2bd70
Event: 137.265 Thread 0x000000001d631000 DEOPT UNPACKING pc=0x0000000002bb7890 sp=0x000000001fd2bb80 mode 1


Dynamic libraries:
0x00007ff7439c0000 - 0x00007ff7439f7000 	C:\Program Files\Java\jre1.8.0_251\bin\javaw.exe
0x00007ff8eb6b0000 - 0x00007ff8eb8a5000 	C:\WINDOWS\SYSTEM32\ntdll.dll
0x00007ff8e97d0000 - 0x00007ff8e988d000 	C:\WINDOWS\System32\KERNEL32.DLL
0x00007ff8e9280000 - 0x00007ff8e9548000 	C:\WINDOWS\System32\KERNELBASE.dll
0x00007ff8e9930000 - 0x00007ff8e99dc000 	C:\WINDOWS\System32\ADVAPI32.dll
0x00007ff8ead80000 - 0x00007ff8eae1e000 	C:\WINDOWS\System32\msvcrt.dll
0x00007ff8e9890000 - 0x00007ff8e992b000 	C:\WINDOWS\System32\sechost.dll
0x00007ff8e9bc0000 - 0x00007ff8e9ceb000 	C:\WINDOWS\System32\RPCRT4.dll
0x00007ff8eb080000 - 0x00007ff8eb220000 	C:\WINDOWS\System32\USER32.dll
0x00007ff8e9680000 - 0x00007ff8e96a2000 	C:\WINDOWS\System32\win32u.dll
0x00007ff8eaf70000 - 0x00007ff8eaf9a000 	C:\WINDOWS\System32\GDI32.dll
0x00007ff8e8df0000 - 0x00007ff8e8efb000 	C:\WINDOWS\System32\gdi32full.dll
0x00007ff8e91e0000 - 0x00007ff8e927d000 	C:\WINDOWS\System32\msvcp_win.dll
0x00007ff8e90b0000 - 0x00007ff8e91b0000 	C:\WINDOWS\System32\ucrtbase.dll
0x00007ff8c3cf0000 - 0x00007ff8c3f8a000 	C:\WINDOWS\WinSxS\amd64_microsoft.windows.common-controls_6595b64144ccf1df_6.0.19041.844_none_ca00b6081b84eb1d\COMCTL32.dll
0x00007ff8e99e0000 - 0x00007ff8e9a10000 	C:\WINDOWS\System32\IMM32.DLL
0x0000000066880000 - 0x0000000066952000 	C:\Program Files\Java\jre1.8.0_251\bin\msvcr100.dll
0x0000000066a40000 - 0x00000000672eb000 	C:\Program Files\Java\jre1.8.0_251\bin\server\jvm.dll
0x00007ff8eb580000 - 0x00007ff8eb588000 	C:\WINDOWS\System32\PSAPI.DLL
0x00007ff8d3970000 - 0x00007ff8d3979000 	C:\WINDOWS\SYSTEM32\WSOCK32.dll
0x00007ff8d3df0000 - 0x00007ff8d3e17000 	C:\WINDOWS\SYSTEM32\WINMM.dll
0x00007ff8dcd40000 - 0x00007ff8dcd4a000 	C:\WINDOWS\SYSTEM32\VERSION.dll
0x00007ff8eac60000 - 0x00007ff8eaccb000 	C:\WINDOWS\System32\WS2_32.dll
0x00007ff8e6390000 - 0x00007ff8e639f000 	C:\Program Files\Java\jre1.8.0_251\bin\verify.dll
0x00007ff8db7a0000 - 0x00007ff8db7c9000 	C:\Program Files\Java\jre1.8.0_251\bin\java.dll
0x00007ff8dfe70000 - 0x00007ff8dfea5000 	C:\Program Files\Java\jre1.8.0_251\bin\jdwp.dll
0x00007ff8e63a0000 - 0x00007ff8e63a8000 	C:\Program Files\Java\jre1.8.0_251\bin\npt.dll
0x00007ff8d5f50000 - 0x00007ff8d5f73000 	C:\Program Files\Java\jre1.8.0_251\bin\instrument.dll
0x00007ff8df280000 - 0x00007ff8df296000 	C:\Program Files\Java\jre1.8.0_251\bin\zip.dll
0x00007ff8e9cf0000 - 0x00007ff8ea432000 	C:\WINDOWS\System32\SHELL32.dll
0x00007ff8e6c00000 - 0x00007ff8e7390000 	C:\WINDOWS\SYSTEM32\windows.storage.dll
0x00007ff8eb220000 - 0x00007ff8eb575000 	C:\WINDOWS\System32\combase.dll
0x00007ff8e8790000 - 0x00007ff8e87bc000 	C:\WINDOWS\SYSTEM32\Wldp.dll
0x00007ff8eacd0000 - 0x00007ff8ead7e000 	C:\WINDOWS\System32\SHCORE.dll
0x00007ff8eb590000 - 0x00007ff8eb5e5000 	C:\WINDOWS\System32\shlwapi.dll
0x00007ff8e8d30000 - 0x00007ff8e8d4f000 	C:\WINDOWS\SYSTEM32\profapi.dll
0x00007ff8e6370000 - 0x00007ff8e6379000 	C:\Program Files\Java\jre1.8.0_251\bin\dt_socket.dll
0x00007ff8d21d0000 - 0x00007ff8d21e7000 	C:\WINDOWS\system32\napinsp.dll
0x00007ff8d2180000 - 0x00007ff8d219b000 	C:\WINDOWS\system32\pnrpnsp.dll
0x00007ff8e2300000 - 0x00007ff8e2315000 	C:\WINDOWS\system32\wshbth.dll
0x00007ff8e3fb0000 - 0x00007ff8e3fcd000 	C:\WINDOWS\system32\NLAapi.dll
0x00007ff8e81f0000 - 0x00007ff8e822b000 	C:\WINDOWS\SYSTEM32\IPHLPAPI.DLL
0x00007ff8e8500000 - 0x00007ff8e856a000 	C:\WINDOWS\System32\mswsock.dll
0x00007ff8e8240000 - 0x00007ff8e830c000 	C:\WINDOWS\SYSTEM32\DNSAPI.dll
0x00007ff8eaf60000 - 0x00007ff8eaf68000 	C:\WINDOWS\System32\NSI.dll
0x00007ff8d2040000 - 0x00007ff8d2052000 	C:\WINDOWS\System32\winrnr.dll
0x00007ff8df180000 - 0x00007ff8df1ff000 	C:\WINDOWS\System32\fwpuclnt.dll
0x00007ff8e91b0000 - 0x00007ff8e91d7000 	C:\WINDOWS\System32\bcrypt.dll
0x00007ff8ddc20000 - 0x00007ff8ddc2a000 	C:\Windows\System32\rasadhlp.dll
0x00007ff8e6360000 - 0x00007ff8e636d000 	C:\Program Files\Java\jre1.8.0_251\bin\management.dll
0x00007ff8dd770000 - 0x00007ff8dd78a000 	C:\Program Files\Java\jre1.8.0_251\bin\net.dll
0x00007ff8d5b70000 - 0x00007ff8d5b82000 	C:\Program Files\Java\jre1.8.0_251\bin\nio.dll
0x00007ff8e86e0000 - 0x00007ff8e86f8000 	C:\WINDOWS\SYSTEM32\CRYPTSP.dll
0x00007ff8e7ea0000 - 0x00007ff8e7ed4000 	C:\WINDOWS\system32\rsaenh.dll
0x00007ff8e8ca0000 - 0x00007ff8e8cce000 	C:\WINDOWS\SYSTEM32\USERENV.dll
0x00007ff8e9550000 - 0x00007ff8e95d0000 	C:\WINDOWS\System32\bcryptprimitives.dll
0x00007ff8e86d0000 - 0x00007ff8e86dc000 	C:\WINDOWS\SYSTEM32\CRYPTBASE.dll
0x00007ff8e0ed0000 - 0x00007ff8e0ee7000 	C:\WINDOWS\SYSTEM32\dhcpcsvc6.DLL
0x00007ff8e1430000 - 0x00007ff8e144d000 	C:\WINDOWS\SYSTEM32\dhcpcsvc.DLL
0x000000006e740000 - 0x000000006fda5000 	C:\Users\Ganpati_IshaanNmj\AppData\Local\Temp\xuggle\xuggle5465625910859607708.dll
0x00007ff8eab30000 - 0x00007ff8eac5a000 	C:\WINDOWS\System32\ole32.dll
0x00007ff8e4070000 - 0x00007ff8e4089000 	C:\WINDOWS\SYSTEM32\AVICAP32.dll
0x00007ff8dbb90000 - 0x00007ff8dbbbb000 	C:\WINDOWS\SYSTEM32\MSVFW32.dll
0x00007ff8e7720000 - 0x00007ff8e7904000 	C:\WINDOWS\SYSTEM32\dbghelp.dll

VM Arguments:
jvm_args: -agentlib:jdwp=transport=dt_socket,suspend=y,address=localhost:56437 -Dcom.sun.management.jmxremote -Dcom.sun.management.jmxremote.port=56436 -Dcom.sun.management.jmxremote.authenticate=false -Dcom.sun.management.jmxremote.ssl=false -Djava.rmi.server.hostname=localhost -Dspring.jmx.enabled=true -Dspring.liveBeansView.mbeanDomain -Dspring.application.admin.enabled=true -Xverify:none -XX:TieredStopAtLevel=1 -Dspring.boot.project.name=online-classrooms -javaagent:M:\Software\eclipse-jee-2020-03-R-incubation-win32-x86_64\eclipse\configuration\org.eclipse.osgi\411\0\.cp\lib\javaagent-shaded.jar -Dfile.encoding=UTF-8 
java_command: com.online.videostreaming.classrooms.onlineclassrooms.OnlineClassroomsApplication
java_class_path (initial): M:\SourceCode\Online-Video-Streaming-Directory\online-classrooms\target\classes;C:\Users\Ganpati_IshaanNmj\.m2\repository\org\springframework\boot\spring-boot-starter-data-jpa\2.4.5\spring-boot-starter-data-jpa-2.4.5.jar;C:\Users\Ganpati_IshaanNmj\.m2\repository\org\springframework\boot\spring-boot-starter-aop\2.4.5\spring-boot-starter-aop-2.4.5.jar;C:\Users\Ganpati_IshaanNmj\.m2\repository\org\aspectj\aspectjweaver\1.9.6\aspectjweaver-1.9.6.jar;C:\Users\Ganpati_IshaanNmj\.m2\repository\org\springframework\boot\spring-boot-starter-jdbc\2.4.5\spring-boot-starter-jdbc-2.4.5.jar;C:\Users\Ganpati_IshaanNmj\.m2\repository\com\zaxxer\HikariCP\3.4.5\HikariCP-3.4.5.jar;C:\Users\Ganpati_IshaanNmj\.m2\repository\org\springframework\spring-jdbc\5.3.6\spring-jdbc-5.3.6.jar;C:\Users\Ganpati_IshaanNmj\.m2\repository\jakarta\transaction\jakarta.transaction-api\1.3.3\jakarta.transaction-api-1.3.3.jar;C:\Users\Ganpati_IshaanNmj\.m2\repository\jakarta\persistence\jakarta.persistence-api\2.2.3\jakarta.persistence-api-2.2.3.jar;C:\Users\Ganpati_IshaanNmj\.m2\repository\org\hibernate\hibernate-core\5.4.30.Final\hibernate-core-5.4.30.Final.jar;C:\Users\Ganpati_IshaanNmj\.m2\repository\org\javassist\javassist\3.27.0-GA\javassist-3.27.0-GA.jar;C:\Users\Ganpati_IshaanNmj\.m2\repository\net\bytebuddy\byte-buddy\1.10.22\byte-buddy-1.10.22.jar;C:\Users\Ganpati_IshaanNmj\.m2\repository\antlr\antlr\2.7.7\antlr-2.7.7.jar;C:\Users\Ganpati_IshaanNmj\.m2\repository\org\jboss\jandex\2.2.3.Final\jandex-2.2.3.Final.jar;C:\Users\Ganpati_IshaanNmj\.m2\repository\org\dom4j\dom4j\2.1.3\dom4j-2.1.3.jar;C:\Users\Ganpati_IshaanNmj\.m2\repository\org\hibernate\common\hibernate-commons-annotations\5.1.2.Final\hibernate-commons-annotations-5.1.2.Final.jar;C:\Users\Ganpati_IshaanNmj\.m2\repository\org\glassfish\jaxb\jaxb-runtime\2.3.4\jaxb-runtime-2.3.4.jar;C:\Users\Ganpati_IshaanNmj\.m2\repository\org\glassfish\jaxb\txw2\2.3.4\txw2-2.3.4.jar;C:\Users\Ganpati_IshaanNmj\.m2\repository\
Launcher Type: SUN_STANDARD

Environment Variables:
JAVA_HOME=C:\Program Files\Java\jdk1.8.0_251
JRE_HOME=C:\Program Files\Java\jre1.8.0_251
PATH=C:/Program Files/Java/jre1.8.0_251/bin/server;C:/Program Files/Java/jre1.8.0_251/bin;C:/Program Files/Java/jre1.8.0_251/lib/amd64;C:\Program Files (x86)\Common Files\Oracle\Java\javapath;C:\WINDOWS\system32;C:\WINDOWS;C:\WINDOWS\System32\Wbem;C:\WINDOWS\System32\WindowsPowerShell\v1.0\;C:\WINDOWS\System32\OpenSSH\;C:\Program Files\Intel\WiFi\bin\;C:\Program Files\Common Files\Intel\WirelessCommon\;C:\Program Files (x86)\Intel\Intel(R) Management Engine Components\DAL;C:\Program Files\Intel\Intel(R) Management Engine Components\DAL;M:\SourceCode\SpringBootCli\apache-maven-3.5.2-bin\apache-maven-3.5.2\bin;M:\SourceCode\SpringBootCli\spring-boot-cli-2.1.8.RELEASE-bin\spring-2.1.8.RELEASE\bin;C:\Program Files\Java\jdk1.8.0_251\bin;C:\Program Files\Git\cmd;M:\Software\Redis-x64-3.0.504;C:\Gradle\gradle-6.8\bin;C:\Program Files\MySQL\MySQL Shell 8.0\bin\;C:\Program Files\JSONBuddy;C:\Users\Ganpati_IshaanNmj\AppData\Local\Microsoft\WindowsApps;C:\Users\Ganpati_IshaanNmj\AppData\Roaming\npm;C:\Program Files\Java\jre1.8.0_291\bin;;M:\Software\eclipse-jee-2020-03-R-incubation-win32-x86_64\eclipse;
USERNAME=Ganpati_IshaanNmj
OS=Windows_NT
PROCESSOR_IDENTIFIER=Intel64 Family 6 Model 158 Stepping 11, GenuineIntel



---------------  S Y S T E M  ---------------

OS: Windows 10.0 , 64 bit Build 19041 (10.0.19041.928)

CPU:total 4 (initial active 4) (4 cores per cpu, 1 threads per core) family 6 model 158 stepping 11, cmov, cx8, fxsr, mmx, sse, sse2, sse3, ssse3, sse4.1, sse4.2, popcnt, avx, avx2, aes, clmul, erms, 3dnowpref, lzcnt, tsc, tscinvbit, bmi1, bmi2, adx

Memory: 4k page, physical 8258120k(517024k free), swap 14748176k(2093256k free)

vm_info: Java HotSpot(TM) 64-Bit Server VM (25.251-b08) for windows-amd64 JRE (1.8.0_251-b08), built on Mar 12 2020 06:31:49 by "" with MS VC++ 10.0 (VS2010)

time: Mon May 24 08:04:58 2021
timezone: India Standard Time
elapsed time: 138 seconds (0d 0h 2m 18s)

