#
# A fatal error has been detected by the Java Runtime Environment:
#
#  EXCEPTION_ACCESS_VIOLATION (0xc0000005) at pc=0x000000006ee76520, pid=18828, tid=0x00000000000045c4
#
# JRE version: Java(TM) SE Runtime Environment (8.0_251-b08) (build 1.8.0_251-b08)
# Java VM: Java HotSpot(TM) 64-Bit Server VM (25.251-b08 mixed mode windows-amd64 compressed oops)
# Problematic frame:
# C  [xuggle1688686005759796757.dll+0x736520]
#
# Failed to write core dump. Minidumps are not enabled by default on client versions of Windows
#
# If you would like to submit a bug report, please visit:
#   http://bugreport.java.com/bugreport/crash.jsp
# The crash happened outside the Java Virtual Machine in native code.
# See problematic frame for where to report the bug.
#

---------------  T H R E A D  ---------------

Current thread (0x000000001d490000):  JavaThread "http-nio-8080-exec-9" daemon [_thread_in_native, id=17860, stack(0x000000001fcb0000,0x000000001fdb0000)]

siginfo: ExceptionCode=0xc0000005, reading address 0xffffffffffffffff

Registers:
RAX=0x000000001e5813b0, RBX=0x0000000021d23f50, RCX=0x000000001e5813b0, RDX=0x0000000000000009
RSP=0x000000001fdab8c0, RBP=0x000000001e580af0, RSI=0x000000001e5823b0, RDI=0x0000000000000004
R8 =0x000000006ee77580, R9 =0x000000006ee76490, R10=0x000000001e4c13b0, R11=0x000000001e4dabe0
R12=0x000000001e4db3e0, R13=0x0000000000000004, R14=0x0000000000000184, R15=0x000000006fab8f20
RIP=0x000000006ee76520, EFLAGS=0x0000000000010202

Top of Stack: (sp=0x000000001fdab8c0)
0x000000001fdab8c0:   000000006ee76665 000000006ee774c5
0x000000001fdab8d0:   000000006ee77505 000000006ee77545
0x000000001fdab8e0:   000000006ee77585 000000006ee79426
0x000000001fdab8f0:   000000006fab8f20 000000001e5813b0
0x000000001fdab900:   0000000021d26410 0000000016f5ebc0
0x000000001fdab910:   3fe0000000000000 0000000000000000
0x000000001fdab920:   40c7760000000000 0000000000000000
0x000000001fdab930:   3fe0000000000000 0000000000000001
0x000000001fdab940:   0000000021d27410 000000006ea45d24
0x000000001fdab950:   3f40624dd2f1a9fc 0000000000000000
0x000000001fdab960:   0000000000000000 0000000000000000
0x000000001fdab970:   0000000000000000 0000000000000000
0x000000001fdab980:   0000000021d30310 000000006fab7320
0x000000001fdab990:   0000000000000000 0000000021d23eb0
0x000000001fdab9a0:   0000000000000001 000000001e580af0
0x000000001fdab9b0:   000000001e580b70 0000000000000000 

Instructions: (pc=0x000000006ee76520)
0x000000006ee76500:   c4 e3 5d 0c c0 55 c5 e4 5c c8 c5 e4 58 c0 c5 fc
0x000000006ee76510:   29 01 c5 fc 29 49 20 c3 0f 1f 84 00 00 00 00 00
0x000000006ee76520:   c5 fc 28 51 40 c5 fc 28 59 60 c5 ec 5c fb c5 ec
0x000000006ee76530:   58 d3 c5 c4 57 3d 26 41 84 00 c5 ec c6 df be c5 


Register to memory mapping:

RAX=0x000000001e5813b0 is an unknown value
RBX=0x0000000021d23f50 is an unknown value
RCX=0x000000001e5813b0 is an unknown value
RDX=0x0000000000000009 is an unknown value
RSP=0x000000001fdab8c0 is pointing into the stack for thread: 0x000000001d490000
RBP=0x000000001e580af0 is an unknown value
RSI=0x000000001e5823b0 is an unknown value
RDI=0x0000000000000004 is an unknown value
R8 =0x000000006ee77580 is an unknown value
R9 =0x000000006ee76490 is an unknown value
R10=0x000000001e4c13b0 is an unknown value
R11=0x000000001e4dabe0 is an unknown value
R12=0x000000001e4db3e0 is an unknown value
R13=0x0000000000000004 is an unknown value
R14=0x0000000000000184 is an unknown value
R15=0x000000006fab8f20 is an unknown value


Stack: [0x000000001fcb0000,0x000000001fdb0000],  sp=0x000000001fdab8c0,  free space=1006k
Native frames: (J=compiled Java code, j=interpreted, Vv=VM code, C=native code)
C  [xuggle1688686005759796757.dll+0x736520]

Java frames: (J=compiled Java code, j=interpreted, Vv=VM code)
j  com.xuggle.xuggler.XugglerJNI.IContainer_open__SWIG_1(JLcom/xuggle/xuggler/IContainer;Ljava/lang/String;IJLcom/xuggle/xuggler/IContainerFormat;ZZ)I+0
j  com.xuggle.xuggler.IContainer.open(Ljava/lang/String;Lcom/xuggle/xuggler/IContainer$Type;Lcom/xuggle/xuggler/IContainerFormat;ZZ)I+19
j  com.xuggle.mediatool.MediaReader.open()V+20
j  com.xuggle.mediatool.MediaReader.readPacket()Lcom/xuggle/xuggler/IError;+8
j  com.online.videostreaming.classrooms.onlineclassrooms.utils.Thumbnail.generateThumbnail(Ljava/lang/String;Ljava/lang/String;Ljava/lang/String;)V+72
j  com.online.videostreaming.classrooms.onlineclassrooms.controller.VideoController.uploadVideoPost(Lcom/online/videostreaming/classrooms/onlineclassrooms/forms/VideoUploadForm;Lorg/springframework/ui/Model;Ljavax/servlet/http/HttpServletRequest;Ljavax/servlet/http/HttpServletResponse;Lorg/springframework/web/servlet/mvc/support/RedirectAttributes;Lorg/springframework/validation/BindingResult;)Ljava/lang/String;+446
v  ~StubRoutines::call_stub
J 2081  sun.reflect.NativeMethodAccessorImpl.invoke0(Ljava/lang/reflect/Method;Ljava/lang/Object;[Ljava/lang/Object;)Ljava/lang/Object; (0 bytes) @ 0x0000000002b4f9ff [0x0000000002b4f980+0x7f]
J 2080 C1 sun.reflect.NativeMethodAccessorImpl.invoke(Ljava/lang/Object;[Ljava/lang/Object;)Ljava/lang/Object; (104 bytes) @ 0x0000000002b5015c [0x0000000002b4fde0+0x37c]
J 2214 C1 sun.reflect.DelegatingMethodAccessorImpl.invoke(Ljava/lang/Object;[Ljava/lang/Object;)Ljava/lang/Object; (10 bytes) @ 0x0000000002b96c64 [0x0000000002b96c20+0x44]
J 2213 C1 java.lang.reflect.Method.invoke(Ljava/lang/Object;[Ljava/lang/Object;)Ljava/lang/Object; (62 bytes) @ 0x0000000002b96894 [0x0000000002b967a0+0xf4]
j  org.springframework.web.method.support.InvocableHandlerMethod.doInvoke([Ljava/lang/Object;)Ljava/lang/Object;+32
j  org.springframework.web.method.support.InvocableHandlerMethod.invokeForRequest(Lorg/springframework/web/context/request/NativeWebRequest;Lorg/springframework/web/method/support/ModelAndViewContainer;[Ljava/lang/Object;)Ljava/lang/Object;+54
j  org.springframework.web.servlet.mvc.method.annotation.ServletInvocableHandlerMethod.invokeAndHandle(Lorg/springframework/web/context/request/ServletWebRequest;Lorg/springframework/web/method/support/ModelAndViewContainer;[Ljava/lang/Object;)V+4
j  org.springframework.web.servlet.mvc.method.annotation.RequestMappingHandlerAdapter.invokeHandlerMethod(Ljavax/servlet/http/HttpServletRequest;Ljavax/servlet/http/HttpServletResponse;Lorg/springframework/web/method/HandlerMethod;)Lorg/springframework/web/servlet/ModelAndView;+244
j  org.springframework.web.servlet.mvc.method.annotation.RequestMappingHandlerAdapter.handleInternal(Ljavax/servlet/http/HttpServletRequest;Ljavax/servlet/http/HttpServletResponse;Lorg/springframework/web/method/HandlerMethod;)Lorg/springframework/web/servlet/ModelAndView;+81
j  org.springframework.web.servlet.mvc.method.AbstractHandlerMethodAdapter.handle(Ljavax/servlet/http/HttpServletRequest;Ljavax/servlet/http/HttpServletResponse;Ljava/lang/Object;)Lorg/springframework/web/servlet/ModelAndView;+7
j  org.springframework.web.servlet.DispatcherServlet.doDispatch(Ljavax/servlet/http/HttpServletRequest;Ljavax/servlet/http/HttpServletResponse;)V+257
j  org.springframework.web.servlet.DispatcherServlet.doService(Ljavax/servlet/http/HttpServletRequest;Ljavax/servlet/http/HttpServletResponse;)V+241
j  org.springframework.web.servlet.FrameworkServlet.processRequest(Ljavax/servlet/http/HttpServletRequest;Ljavax/servlet/http/HttpServletResponse;)V+71
j  org.springframework.web.servlet.FrameworkServlet.doPost(Ljavax/servlet/http/HttpServletRequest;Ljavax/servlet/http/HttpServletResponse;)V+3
j  javax.servlet.http.HttpServlet.service(Ljavax/servlet/http/HttpServletRequest;Ljavax/servlet/http/HttpServletResponse;)V+131
j  org.springframework.web.servlet.FrameworkServlet.service(Ljavax/servlet/http/HttpServletRequest;Ljavax/servlet/http/HttpServletResponse;)V+33
j  javax.servlet.http.HttpServlet.service(Ljavax/servlet/ServletRequest;Ljavax/servlet/ServletResponse;)V+39
J 5904 C1 org.apache.catalina.core.ApplicationFilterChain.internalDoFilter(Ljavax/servlet/ServletRequest;Ljavax/servlet/ServletResponse;)V (388 bytes) @ 0x000000000327dd94 [0x000000000327db80+0x214]
J 5903 C1 org.apache.catalina.core.ApplicationFilterChain.doFilter(Ljavax/servlet/ServletRequest;Ljavax/servlet/ServletResponse;)V (103 bytes) @ 0x000000000327d754 [0x000000000327d720+0x34]
j  org.springframework.web.filter.RequestContextFilter.doFilterInternal(Ljavax/servlet/http/HttpServletRequest;Ljavax/servlet/http/HttpServletResponse;Ljavax/servlet/FilterChain;)V+21
j  org.springframework.web.filter.OncePerRequestFilter.doFilter(Ljavax/servlet/ServletRequest;Ljavax/servlet/ServletResponse;Ljavax/servlet/FilterChain;)V+147
J 5904 C1 org.apache.catalina.core.ApplicationFilterChain.internalDoFilter(Ljavax/servlet/ServletRequest;Ljavax/servlet/ServletResponse;)V (388 bytes) @ 0x000000000327dfb4 [0x000000000327db80+0x434]
J 5903 C1 org.apache.catalina.core.ApplicationFilterChain.doFilter(Ljavax/servlet/ServletRequest;Ljavax/servlet/ServletResponse;)V (103 bytes) @ 0x000000000327d754 [0x000000000327d720+0x34]
j  org.springframework.web.filter.FormContentFilter.doFilterInternal(Ljavax/servlet/http/HttpServletRequest;Ljavax/servlet/http/HttpServletResponse;Ljavax/servlet/FilterChain;)V+38
j  org.springframework.web.filter.OncePerRequestFilter.doFilter(Ljavax/servlet/ServletRequest;Ljavax/servlet/ServletResponse;Ljavax/servlet/FilterChain;)V+147
J 5904 C1 org.apache.catalina.core.ApplicationFilterChain.internalDoFilter(Ljavax/servlet/ServletRequest;Ljavax/servlet/ServletResponse;)V (388 bytes) @ 0x000000000327dfb4 [0x000000000327db80+0x434]
J 5903 C1 org.apache.catalina.core.ApplicationFilterChain.doFilter(Ljavax/servlet/ServletRequest;Ljavax/servlet/ServletResponse;)V (103 bytes) @ 0x000000000327d754 [0x000000000327d720+0x34]
j  org.springframework.web.filter.CharacterEncodingFilter.doFilterInternal(Ljavax/servlet/http/HttpServletRequest;Ljavax/servlet/http/HttpServletResponse;Ljavax/servlet/FilterChain;)V+53
j  org.springframework.web.filter.OncePerRequestFilter.doFilter(Ljavax/servlet/ServletRequest;Ljavax/servlet/ServletResponse;Ljavax/servlet/FilterChain;)V+147
J 5904 C1 org.apache.catalina.core.ApplicationFilterChain.internalDoFilter(Ljavax/servlet/ServletRequest;Ljavax/servlet/ServletResponse;)V (388 bytes) @ 0x000000000327dfb4 [0x000000000327db80+0x434]
J 5903 C1 org.apache.catalina.core.ApplicationFilterChain.doFilter(Ljavax/servlet/ServletRequest;Ljavax/servlet/ServletResponse;)V (103 bytes) @ 0x000000000327d754 [0x000000000327d720+0x34]
j  org.apache.catalina.core.StandardWrapperValve.invoke(Lorg/apache/catalina/connector/Request;Lorg/apache/catalina/connector/Response;)V+694
j  org.apache.catalina.core.StandardContextValve.invoke(Lorg/apache/catalina/connector/Request;Lorg/apache/catalina/connector/Response;)V+169
j  org.apache.catalina.authenticator.AuthenticatorBase.invoke(Lorg/apache/catalina/connector/Request;Lorg/apache/catalina/connector/Response;)V+260
j  org.apache.catalina.core.StandardHostValve.invoke(Lorg/apache/catalina/connector/Request;Lorg/apache/catalina/connector/Response;)V+128
j  org.apache.catalina.valves.ErrorReportValve.invoke(Lorg/apache/catalina/connector/Request;Lorg/apache/catalina/connector/Response;)V+6
j  org.apache.catalina.core.StandardEngineValve.invoke(Lorg/apache/catalina/connector/Request;Lorg/apache/catalina/connector/Response;)V+59
j  org.apache.catalina.connector.CoyoteAdapter.service(Lorg/apache/coyote/Request;Lorg/apache/coyote/Response;)V+199
j  org.apache.coyote.http11.Http11Processor.service(Lorg/apache/tomcat/util/net/SocketWrapperBase;)Lorg/apache/tomcat/util/net/AbstractEndpoint$Handler$SocketState;+737
j  org.apache.coyote.AbstractProcessorLight.process(Lorg/apache/tomcat/util/net/SocketWrapperBase;Lorg/apache/tomcat/util/net/SocketEvent;)Lorg/apache/tomcat/util/net/AbstractEndpoint$Handler$SocketState;+170
j  org.apache.coyote.AbstractProtocol$ConnectionHandler.process(Lorg/apache/tomcat/util/net/SocketWrapperBase;Lorg/apache/tomcat/util/net/SocketEvent;)Lorg/apache/tomcat/util/net/AbstractEndpoint$Handler$SocketState;+505
j  org.apache.tomcat.util.net.NioEndpoint$SocketProcessor.doRun()V+216
j  org.apache.tomcat.util.net.SocketProcessorBase.run()V+21
j  java.util.concurrent.ThreadPoolExecutor.runWorker(Ljava/util/concurrent/ThreadPoolExecutor$Worker;)V+95
j  java.util.concurrent.ThreadPoolExecutor$Worker.run()V+5
j  org.apache.tomcat.util.threads.TaskThread$WrappingRunnable.run()V+4
j  java.lang.Thread.run()V+11
v  ~StubRoutines::call_stub

---------------  P R O C E S S  ---------------

Java Threads: ( => current thread )
  0x000000001d493000 JavaThread "DestroyJavaVM" [_thread_blocked, id=5828, stack(0x0000000002510000,0x0000000002610000)]
  0x000000001d495800 JavaThread "http-nio-8080-Acceptor" daemon [_thread_in_native, id=13244, stack(0x000000001ffb0000,0x00000000200b0000)]
  0x000000001d491000 JavaThread "http-nio-8080-ClientPoller" daemon [_thread_in_native, id=11532, stack(0x000000001feb0000,0x000000001ffb0000)]
  0x000000001d497000 JavaThread "http-nio-8080-exec-10" daemon [_thread_blocked, id=14140, stack(0x000000001fdb0000,0x000000001feb0000)]
=>0x000000001d490000 JavaThread "http-nio-8080-exec-9" daemon [_thread_in_native, id=17860, stack(0x000000001fcb0000,0x000000001fdb0000)]
  0x000000001d48f800 JavaThread "http-nio-8080-exec-8" daemon [_thread_blocked, id=13224, stack(0x000000001fbb0000,0x000000001fcb0000)]
  0x000000001d492800 JavaThread "http-nio-8080-exec-7" daemon [_thread_blocked, id=2868, stack(0x000000001fab0000,0x000000001fbb0000)]
  0x000000001d48d000 JavaThread "http-nio-8080-exec-6" daemon [_thread_blocked, id=16340, stack(0x000000001f9b0000,0x000000001fab0000)]
  0x000000001d48e800 JavaThread "http-nio-8080-exec-5" daemon [_thread_blocked, id=1824, stack(0x000000001f8b0000,0x000000001f9b0000)]
  0x000000001d48e000 JavaThread "http-nio-8080-exec-4" daemon [_thread_blocked, id=8968, stack(0x000000001f7b0000,0x000000001f8b0000)]
  0x000000001ce10800 JavaThread "http-nio-8080-exec-3" daemon [_thread_blocked, id=10980, stack(0x000000001f6b0000,0x000000001f7b0000)]
  0x000000001ce0d800 JavaThread "http-nio-8080-exec-2" daemon [_thread_blocked, id=18976, stack(0x000000001f5b0000,0x000000001f6b0000)]
  0x000000001ce0d000 JavaThread "http-nio-8080-exec-1" daemon [_thread_blocked, id=13596, stack(0x000000001f4b0000,0x000000001f5b0000)]
  0x000000001ce0c000 JavaThread "http-nio-8080-BlockPoller" daemon [_thread_in_native, id=8900, stack(0x000000001f3b0000,0x000000001f4b0000)]
  0x000000001ce10000 JavaThread "File Watcher" daemon [_thread_blocked, id=5800, stack(0x000000001edb0000,0x000000001eeb0000)]
  0x000000001ce0f000 JavaThread "Live Reload Server" daemon [_thread_in_native, id=11352, stack(0x000000001eeb0000,0x000000001efb0000)]
  0x000000001ce12000 JavaThread "HikariPool-1 housekeeper" daemon [_thread_blocked, id=15228, stack(0x000000001e5b0000,0x000000001e6b0000)]
  0x000000001ce13000 JavaThread "PostgreSQL-JDBC-SharedTimer-1" daemon [_thread_blocked, id=10880, stack(0x000000001e3b0000,0x000000001e4b0000)]
  0x000000001ce0e800 JavaThread "container-0" [_thread_blocked, id=12448, stack(0x000000001ddb0000,0x000000001deb0000)]
  0x000000001ce15000 JavaThread "Catalina-utility-2" [_thread_blocked, id=5468, stack(0x000000001dcb0000,0x000000001ddb0000)]
  0x000000001ce14000 JavaThread "Catalina-utility-1" [_thread_blocked, id=15288, stack(0x000000001dbb0000,0x000000001dcb0000)]
  0x000000001acf7800 JavaThread "RMI Scheduler(0)" daemon [_thread_blocked, id=1880, stack(0x000000001c3e0000,0x000000001c4e0000)]
  0x0000000019a09000 JavaThread "RMI TCP Accept-0" daemon [_thread_in_native, id=21180, stack(0x0000000019dd0000,0x0000000019ed0000)]
  0x00000000199fc800 JavaThread "RMI TCP Accept-57164" daemon [_thread_in_native, id=20308, stack(0x0000000019cd0000,0x0000000019dd0000)]
  0x00000000199e6800 JavaThread "RMI TCP Accept-0" daemon [_thread_in_native, id=1744, stack(0x0000000019bd0000,0x0000000019cd0000)]
  0x0000000018bd0000 JavaThread "Service Thread" daemon [_thread_blocked, id=792, stack(0x0000000018f90000,0x0000000019090000)]
  0x000000001724a000 JavaThread "C1 CompilerThread2" daemon [_thread_blocked, id=10372, stack(0x0000000018a90000,0x0000000018b90000)]
  0x0000000017242800 JavaThread "C2 CompilerThread1" daemon [_thread_blocked, id=6372, stack(0x0000000018990000,0x0000000018a90000)]
  0x0000000017240800 JavaThread "C2 CompilerThread0" daemon [_thread_blocked, id=10048, stack(0x0000000018890000,0x0000000018990000)]
  0x000000001723f800 JavaThread "Attach Listener" daemon [_thread_blocked, id=20088, stack(0x0000000018790000,0x0000000018890000)]
  0x000000001723c800 JavaThread "Signal Dispatcher" daemon [_thread_blocked, id=20532, stack(0x0000000018690000,0x0000000018790000)]
  0x000000001721f800 JavaThread "Finalizer" daemon [_thread_blocked, id=10248, stack(0x0000000018490000,0x0000000018590000)]
  0x00000000171f9000 JavaThread "Reference Handler" daemon [_thread_blocked, id=11184, stack(0x0000000018390000,0x0000000018490000)]

Other Threads:
  0x00000000171f7000 VMThread [stack: 0x0000000018290000,0x0000000018390000] [id=9896]
  0x0000000019a0c000 WatcherThread [stack: 0x0000000019ed0000,0x0000000019fd0000] [id=13688]

VM state:not at safepoint (normal execution)

VM Mutex/Monitor currently owned by a thread: None

heap address: 0x0000000081e00000, size: 2018 MB, Compressed Oops mode: 32-bit
Narrow klass base: 0x0000000000000000, Narrow klass shift: 3
Compressed class space size: 1073741824 Address: 0x0000000100000000

Heap:
 PSYoungGen      total 460288K, used 264463K [0x00000000d5f80000, 0x00000000f3600000, 0x0000000100000000)
  eden space 443904K, 59% used [0x00000000d5f80000,0x00000000e61c3ec8,0x00000000f1100000)
  from space 16384K, 0% used [0x00000000f2100000,0x00000000f2100000,0x00000000f3100000)
  to   space 16384K, 0% used [0x00000000f1100000,0x00000000f1100000,0x00000000f2100000)
 ParOldGen       total 205312K, used 93710K [0x0000000081e00000, 0x000000008e680000, 0x00000000d5f80000)
  object space 205312K, 45% used [0x0000000081e00000,0x0000000087983858,0x000000008e680000)
 Metaspace       used 61003K, capacity 64144K, committed 64384K, reserved 1105920K
  class space    used 8183K, capacity 8738K, committed 8832K, reserved 1048576K

Card table byte_map: [0x0000000011ad0000,0x0000000011ed0000] byte_map_base: 0x00000000116c1000

Marking Bits: (ParMarkBitMap*) 0x000000006e43af90
 Begin Bits: [0x0000000012580000, 0x0000000014508000)
 End Bits:   [0x0000000014508000, 0x0000000016490000)

Polling page: 0x00000000023b0000

CodeCache: size=245760Kb used=12939Kb max_used=12939Kb free=232820Kb
 bounds [0x0000000002710000, 0x00000000033c0000, 0x0000000011710000]
 total_blobs=6986 nmethods=6374 adapters=522
 compilation: enabled

Compilation events (10 events):
Event: 121.585 Thread 0x000000001724a000 6500       1       java.net.URLClassLoader$3::nextElement (27 bytes)
Event: 121.585 Thread 0x000000001724a000 nmethod 6500 0x00000000033b3150 code [0x00000000033b32c0, 0x00000000033b34d8]
Event: 121.586 Thread 0x000000001724a000 6501       1       java.net.URL::openStream (8 bytes)
Event: 121.587 Thread 0x000000001724a000 nmethod 6501 0x00000000033b35d0 code [0x00000000033b3740, 0x00000000033b3898]
Event: 121.621 Thread 0x000000001724a000 6502       1       java.util.jar.Manifest::<init> (7 bytes)
Event: 121.621 Thread 0x000000001724a000 nmethod 6502 0x00000000033b3950 code [0x00000000033b3aa0, 0x00000000033b3be8]
Event: 121.748 Thread 0x000000001724a000 6503       1       org.apache.coyote.AbstractProtocol$ConnectionHandler::getLog (8 bytes)
Event: 121.748 Thread 0x000000001724a000 nmethod 6503 0x00000000033b3c50 code [0x00000000033b3da0, 0x00000000033b3ee8]
Event: 122.758 Thread 0x000000001724a000 6504       1       java.util.EventObject::getSource (5 bytes)
Event: 122.758 Thread 0x000000001724a000 nmethod 6504 0x00000000033b3f90 code [0x00000000033b40e0, 0x00000000033b41f0]

GC Heap History (10 events):
Event: 4.859 GC heap before
{Heap before GC invocations=12 (full 2):
 PSYoungGen      total 274432K, used 264192K [0x00000000d5f80000, 0x00000000ec580000, 0x0000000100000000)
  eden space 264192K, 100% used [0x00000000d5f80000,0x00000000e6180000,0x00000000e6180000)
  from space 10240K, 0% used [0x00000000e6180000,0x00000000e6180000,0x00000000e6b80000)
  to   space 13312K, 0% used [0x00000000eb880000,0x00000000eb880000,0x00000000ec580000)
 ParOldGen       total 78848K, used 20559K [0x0000000081e00000, 0x0000000086b00000, 0x00000000d5f80000)
  object space 78848K, 26% used [0x0000000081e00000,0x0000000083213c58,0x0000000086b00000)
 Metaspace       used 48195K, capacity 50962K, committed 51200K, reserved 1093632K
  class space    used 6885K, capacity 7400K, committed 7424K, reserved 1048576K
Event: 4.874 GC heap after
Heap after GC invocations=12 (full 2):
 PSYoungGen      total 349696K, used 13306K [0x00000000d5f80000, 0x00000000ee000000, 0x0000000100000000)
  eden space 336384K, 0% used [0x00000000d5f80000,0x00000000d5f80000,0x00000000ea800000)
  from space 13312K, 99% used [0x00000000eb880000,0x00000000ec57e860,0x00000000ec580000)
  to   space 16896K, 0% used [0x00000000ea800000,0x00000000ea800000,0x00000000eb880000)
 ParOldGen       total 78848K, used 25988K [0x0000000081e00000, 0x0000000086b00000, 0x00000000d5f80000)
  object space 78848K, 32% used [0x0000000081e00000,0x0000000083761360,0x0000000086b00000)
 Metaspace       used 48195K, capacity 50962K, committed 51200K, reserved 1093632K
  class space    used 6885K, capacity 7400K, committed 7424K, reserved 1048576K
}
Event: 78.181 GC heap before
{Heap before GC invocations=13 (full 2):
 PSYoungGen      total 349696K, used 164799K [0x00000000d5f80000, 0x00000000ee000000, 0x0000000100000000)
  eden space 336384K, 45% used [0x00000000d5f80000,0x00000000df3715a0,0x00000000ea800000)
  from space 13312K, 99% used [0x00000000eb880000,0x00000000ec57e860,0x00000000ec580000)
  to   space 16896K, 0% used [0x00000000ea800000,0x00000000ea800000,0x00000000eb880000)
 ParOldGen       total 78848K, used 25988K [0x0000000081e00000, 0x0000000086b00000, 0x00000000d5f80000)
  object space 78848K, 32% used [0x0000000081e00000,0x0000000083761360,0x0000000086b00000)
 Metaspace       used 55982K, capacity 58988K, committed 59028K, reserved 1099776K
  class space    used 7639K, capacity 8188K, committed 8192K, reserved 1048576K
Event: 78.196 GC heap after
Heap after GC invocations=13 (full 2):
 PSYoungGen      total 353280K, used 9280K [0x00000000d5f80000, 0x00000000f3100000, 0x0000000100000000)
  eden space 336384K, 0% used [0x00000000d5f80000,0x00000000d5f80000,0x00000000ea800000)
  from space 16896K, 54% used [0x00000000ea800000,0x00000000eb110048,0x00000000eb880000)
  to   space 16384K, 0% used [0x00000000f2100000,0x00000000f2100000,0x00000000f3100000)
 ParOldGen       total 78848K, used 31979K [0x0000000081e00000, 0x0000000086b00000, 0x00000000d5f80000)
  object space 78848K, 40% used [0x0000000081e00000,0x0000000083d3ad60,0x0000000086b00000)
 Metaspace       used 55982K, capacity 58988K, committed 59028K, reserved 1099776K
  class space    used 7639K, capacity 8188K, committed 8192K, reserved 1048576K
}
Event: 78.196 GC heap before
{Heap before GC invocations=14 (full 3):
 PSYoungGen      total 353280K, used 9280K [0x00000000d5f80000, 0x00000000f3100000, 0x0000000100000000)
  eden space 336384K, 0% used [0x00000000d5f80000,0x00000000d5f80000,0x00000000ea800000)
  from space 16896K, 54% used [0x00000000ea800000,0x00000000eb110048,0x00000000eb880000)
  to   space 16384K, 0% used [0x00000000f2100000,0x00000000f2100000,0x00000000f3100000)
 ParOldGen       total 78848K, used 31979K [0x0000000081e00000, 0x0000000086b00000, 0x00000000d5f80000)
  object space 78848K, 40% used [0x0000000081e00000,0x0000000083d3ad60,0x0000000086b00000)
 Metaspace       used 55982K, capacity 58988K, committed 59028K, reserved 1099776K
  class space    used 7639K, capacity 8188K, committed 8192K, reserved 1048576K
Event: 78.298 GC heap after
Heap after GC invocations=14 (full 3):
 PSYoungGen      total 353280K, used 0K [0x00000000d5f80000, 0x00000000f3100000, 0x0000000100000000)
  eden space 336384K, 0% used [0x00000000d5f80000,0x00000000d5f80000,0x00000000ea800000)
  from space 16896K, 0% used [0x00000000ea800000,0x00000000ea800000,0x00000000eb880000)
  to   space 16384K, 0% used [0x00000000f2100000,0x00000000f2100000,0x00000000f3100000)
 ParOldGen       total 99840K, used 26561K [0x0000000081e00000, 0x0000000087f80000, 0x00000000d5f80000)
  object space 99840K, 26% used [0x0000000081e00000,0x00000000837f0430,0x0000000087f80000)
 Metaspace       used 55975K, capacity 58976K, committed 59028K, reserved 1099776K
  class space    used 7638K, capacity 8186K, committed 8192K, reserved 1048576K
}
Event: 120.809 GC heap before
{Heap before GC invocations=15 (full 3):
 PSYoungGen      total 353280K, used 288384K [0x00000000d5f80000, 0x00000000f3100000, 0x0000000100000000)
  eden space 336384K, 85% used [0x00000000d5f80000,0x00000000e7920150,0x00000000ea800000)
  from space 16896K, 0% used [0x00000000ea800000,0x00000000ea800000,0x00000000eb880000)
  to   space 16384K, 0% used [0x00000000f2100000,0x00000000f2100000,0x00000000f3100000)
 ParOldGen       total 99840K, used 26561K [0x0000000081e00000, 0x0000000087f80000, 0x00000000d5f80000)
  object space 99840K, 26% used [0x0000000081e00000,0x00000000837f0430,0x0000000087f80000)
 Metaspace       used 60596K, capacity 63808K, committed 64128K, reserved 1103872K
  class space    used 8150K, capacity 8710K, committed 8832K, reserved 1048576K
Event: 120.847 GC heap after
Heap after GC invocations=15 (full 3):
 PSYoungGen      total 460288K, used 10210K [0x00000000d5f80000, 0x00000000f3600000, 0x0000000100000000)
  eden space 443904K, 0% used [0x00000000d5f80000,0x00000000d5f80000,0x00000000f1100000)
  from space 16384K, 62% used [0x00000000f2100000,0x00000000f2af8a48,0x00000000f3100000)
  to   space 16384K, 0% used [0x00000000f1100000,0x00000000f1100000,0x00000000f2100000)
 ParOldGen       total 99840K, used 92105K [0x0000000081e00000, 0x0000000087f80000, 0x00000000d5f80000)
  object space 99840K, 92% used [0x0000000081e00000,0x00000000877f2440,0x0000000087f80000)
 Metaspace       used 60596K, capacity 63808K, committed 64128K, reserved 1103872K
  class space    used 8150K, capacity 8710K, committed 8832K, reserved 1048576K
}
Event: 120.847 GC heap before
{Heap before GC invocations=16 (full 4):
 PSYoungGen      total 460288K, used 10210K [0x00000000d5f80000, 0x00000000f3600000, 0x0000000100000000)
  eden space 443904K, 0% used [0x00000000d5f80000,0x00000000d5f80000,0x00000000f1100000)
  from space 16384K, 62% used [0x00000000f2100000,0x00000000f2af8a48,0x00000000f3100000)
  to   space 16384K, 0% used [0x00000000f1100000,0x00000000f1100000,0x00000000f2100000)
 ParOldGen       total 99840K, used 92105K [0x0000000081e00000, 0x0000000087f80000, 0x00000000d5f80000)
  object space 99840K, 92% used [0x0000000081e00000,0x00000000877f2440,0x0000000087f80000)
 Metaspace       used 60596K, capacity 63808K, committed 64128K, reserved 1103872K
  class space    used 8150K, capacity 8710K, committed 8832K, reserved 1048576K
Event: 120.906 GC heap after
Heap after GC invocations=16 (full 4):
 PSYoungGen      total 460288K, used 0K [0x00000000d5f80000, 0x00000000f3600000, 0x0000000100000000)
  eden space 443904K, 0% used [0x00000000d5f80000,0x00000000d5f80000,0x00000000f1100000)
  from space 16384K, 0% used [0x00000000f2100000,0x00000000f2100000,0x00000000f3100000)
  to   space 16384K, 0% used [0x00000000f1100000,0x00000000f1100000,0x00000000f2100000)
 ParOldGen       total 205312K, used 93710K [0x0000000081e00000, 0x000000008e680000, 0x00000000d5f80000)
  object space 205312K, 45% used [0x0000000081e00000,0x0000000087983858,0x000000008e680000)
 Metaspace       used 60590K, capacity 63792K, committed 64128K, reserved 1103872K
  class space    used 8147K, capacity 8706K, committed 8832K, reserved 1048576K
}

Deoptimization events (0 events):
No events

Classes redefined (0 events):
No events

Internal exceptions (10 events):
Event: 84.221 Thread 0x000000001d48e000 Exception <a 'java/lang/ClassNotFoundException': java/lang/ObjectCustomizer> (0x00000000dd3101e8) thrown at [C:\jenkins\workspace\8-2-build-windows-amd64-cygwin\jdk8u251\737\hotspot\src\share\vm\classfile\systemDictionary.cpp, line 210]
Event: 84.222 Thread 0x000000001d48e000 Exception <a 'java/lang/ArrayIndexOutOfBoundsException'> (0x00000000dd313900) thrown at [C:\jenkins\workspace\8-2-build-windows-amd64-cygwin\jdk8u251\737\hotspot\src\share\vm\runtime\sharedRuntime.cpp, line 605]
Event: 84.222 Thread 0x000000001d48e000 Exception <a 'java/lang/ClassNotFoundException': com/online/videostreaming/classrooms/onlineclassrooms/forms/VideoUploadFormCustomizer> (0x00000000dd352730) thrown at [C:\jenkins\workspace\8-2-build-windows-amd64-cygwin\jdk8u251\737\hotspot\src\share\vm\c
Event: 120.664 Thread 0x000000001d490000 Exception <a 'sun/nio/fs/WindowsException'> (0x00000000df904410) thrown at [C:\jenkins\workspace\8-2-build-windows-amd64-cygwin\jdk8u251\737\hotspot\src\share\vm\prims\jni.cpp, line 710]
Event: 120.665 Thread 0x000000001d490000 Exception <a 'sun/nio/fs/WindowsException'> (0x00000000df905180) thrown at [C:\jenkins\workspace\8-2-build-windows-amd64-cygwin\jdk8u251\737\hotspot\src\share\vm\prims\jni.cpp, line 710]
Event: 120.665 Thread 0x000000001d490000 Exception <a 'sun/nio/fs/WindowsException'> (0x00000000df905878) thrown at [C:\jenkins\workspace\8-2-build-windows-amd64-cygwin\jdk8u251\737\hotspot\src\share\vm\prims\jni.cpp, line 710]
Event: 120.666 Thread 0x000000001d490000 Exception <a 'sun/nio/fs/WindowsException'> (0x00000000df908260) thrown at [C:\jenkins\workspace\8-2-build-windows-amd64-cygwin\jdk8u251\737\hotspot\src\share\vm\prims\jni.cpp, line 710]
Event: 120.666 Thread 0x000000001d490000 Exception <a 'sun/nio/fs/WindowsException'> (0x00000000df9089a0) thrown at [C:\jenkins\workspace\8-2-build-windows-amd64-cygwin\jdk8u251\737\hotspot\src\share\vm\prims\jni.cpp, line 710]
Event: 120.666 Thread 0x000000001d490000 Exception <a 'sun/nio/fs/WindowsException'> (0x00000000df909d90) thrown at [C:\jenkins\workspace\8-2-build-windows-amd64-cygwin\jdk8u251\737\hotspot\src\share\vm\prims\jni.cpp, line 710]
Event: 120.666 Thread 0x000000001d490000 Exception <a 'sun/nio/fs/WindowsException'> (0x00000000df90a4f0) thrown at [C:\jenkins\workspace\8-2-build-windows-amd64-cygwin\jdk8u251\737\hotspot\src\share\vm\prims\jni.cpp, line 710]

Events (10 events):
Event: 124.031 loading class com/xuggle/mediatool/IMediaListener
Event: 124.031 loading class com/xuggle/mediatool/IMediaListener done
Event: 124.031 loading class com/xuggle/mediatool/AMediaListenerMixin
Event: 124.031 loading class com/xuggle/mediatool/AMediaListenerMixin done
Event: 124.032 loading class com/xuggle/xuggler/IContainer$Type
Event: 124.032 loading class com/xuggle/xuggler/IContainer$Type done
Event: 124.033 loading class com/xuggle/xuggler/IContainer$Type$SwigNext
Event: 124.033 loading class com/xuggle/xuggler/IContainer$Type$SwigNext done
Event: 124.033 loading class com/xuggle/xuggler/IContainerFormat
Event: 124.033 loading class com/xuggle/xuggler/IContainerFormat done


Dynamic libraries:
0x00007ff67a110000 - 0x00007ff67a147000 	C:\Program Files\Java\jre1.8.0_251\bin\javaw.exe
0x00007ffee2ab0000 - 0x00007ffee2ca5000 	C:\WINDOWS\SYSTEM32\ntdll.dll
0x00007ffee2040000 - 0x00007ffee20fd000 	C:\WINDOWS\System32\KERNEL32.DLL
0x00007ffee02e0000 - 0x00007ffee05a8000 	C:\WINDOWS\System32\KERNELBASE.dll
0x00007ffee25a0000 - 0x00007ffee264c000 	C:\WINDOWS\System32\ADVAPI32.dll
0x00007ffee1300000 - 0x00007ffee139e000 	C:\WINDOWS\System32\msvcrt.dll
0x00007ffee2850000 - 0x00007ffee28eb000 	C:\WINDOWS\System32\sechost.dll
0x00007ffee1600000 - 0x00007ffee172b000 	C:\WINDOWS\System32\RPCRT4.dll
0x00007ffee26b0000 - 0x00007ffee2850000 	C:\WINDOWS\System32\USER32.dll
0x00007ffee09b0000 - 0x00007ffee09d2000 	C:\WINDOWS\System32\win32u.dll
0x00007ffee2a30000 - 0x00007ffee2a5a000 	C:\WINDOWS\System32\GDI32.dll
0x00007ffee0740000 - 0x00007ffee084b000 	C:\WINDOWS\System32\gdi32full.dll
0x00007ffee01f0000 - 0x00007ffee028d000 	C:\WINDOWS\System32\msvcp_win.dll
0x00007ffee09e0000 - 0x00007ffee0ae0000 	C:\WINDOWS\System32\ucrtbase.dll
0x00007ffebc9b0000 - 0x00007ffebcc4a000 	C:\WINDOWS\WinSxS\amd64_microsoft.windows.common-controls_6595b64144ccf1df_6.0.19041.844_none_ca00b6081b84eb1d\COMCTL32.dll
0x00007ffee1fb0000 - 0x00007ffee1fe0000 	C:\WINDOWS\System32\IMM32.DLL
0x000000006d0c0000 - 0x000000006d192000 	C:\Program Files\Java\jre1.8.0_251\bin\msvcr100.dll
0x000000006dc10000 - 0x000000006e4bb000 	C:\Program Files\Java\jre1.8.0_251\bin\server\jvm.dll
0x00007ffee12f0000 - 0x00007ffee12f8000 	C:\WINDOWS\System32\PSAPI.DLL
0x00007ffed1490000 - 0x00007ffed14b7000 	C:\WINDOWS\SYSTEM32\WINMM.dll
0x00007ffecfd50000 - 0x00007ffecfd59000 	C:\WINDOWS\SYSTEM32\WSOCK32.dll
0x00007ffed4510000 - 0x00007ffed451a000 	C:\WINDOWS\SYSTEM32\VERSION.dll
0x00007ffee0ce0000 - 0x00007ffee0d4b000 	C:\WINDOWS\System32\WS2_32.dll
0x00007ffed66a0000 - 0x00007ffed66af000 	C:\Program Files\Java\jre1.8.0_251\bin\verify.dll
0x00007ffec5540000 - 0x00007ffec5569000 	C:\Program Files\Java\jre1.8.0_251\bin\java.dll
0x00007ffed0a40000 - 0x00007ffed0a56000 	C:\Program Files\Java\jre1.8.0_251\bin\zip.dll
0x00007ffee1860000 - 0x00007ffee1fa2000 	C:\WINDOWS\System32\SHELL32.dll
0x00007ffede000000 - 0x00007ffede790000 	C:\WINDOWS\SYSTEM32\windows.storage.dll
0x00007ffee2160000 - 0x00007ffee24b5000 	C:\WINDOWS\System32\combase.dll
0x00007ffedfb90000 - 0x00007ffedfbbc000 	C:\WINDOWS\SYSTEM32\Wldp.dll
0x00007ffee28f0000 - 0x00007ffee299e000 	C:\WINDOWS\System32\SHCORE.dll
0x00007ffee1fe0000 - 0x00007ffee2035000 	C:\WINDOWS\System32\shlwapi.dll
0x00007ffee0130000 - 0x00007ffee014f000 	C:\WINDOWS\SYSTEM32\profapi.dll
0x00007ffedacf0000 - 0x00007ffedacfd000 	C:\Program Files\Java\jre1.8.0_251\bin\management.dll
0x00007ffecfc10000 - 0x00007ffecfc2a000 	C:\Program Files\Java\jre1.8.0_251\bin\net.dll
0x00007ffedf900000 - 0x00007ffedf96a000 	C:\WINDOWS\system32\mswsock.dll
0x00007ffec4810000 - 0x00007ffec4822000 	C:\Program Files\Java\jre1.8.0_251\bin\nio.dll
0x00007ffecfc50000 - 0x00007ffecfc67000 	C:\WINDOWS\system32\napinsp.dll
0x00007ffecfc30000 - 0x00007ffecfc4b000 	C:\WINDOWS\system32\pnrpnsp.dll
0x00007ffedb230000 - 0x00007ffedb245000 	C:\WINDOWS\system32\wshbth.dll
0x00007ffed9710000 - 0x00007ffed972d000 	C:\WINDOWS\system32\NLAapi.dll
0x00007ffedf5f0000 - 0x00007ffedf62b000 	C:\WINDOWS\SYSTEM32\IPHLPAPI.DLL
0x00007ffedf630000 - 0x00007ffedf6fc000 	C:\WINDOWS\SYSTEM32\DNSAPI.dll
0x00007ffee2a60000 - 0x00007ffee2a68000 	C:\WINDOWS\System32\NSI.dll
0x00007ffece530000 - 0x00007ffece542000 	C:\WINDOWS\System32\winrnr.dll
0x00007ffed90b0000 - 0x00007ffed90ba000 	C:\Windows\System32\rasadhlp.dll
0x00007ffed5d30000 - 0x00007ffed5daf000 	C:\WINDOWS\System32\fwpuclnt.dll
0x00007ffee0ae0000 - 0x00007ffee0b07000 	C:\WINDOWS\System32\bcrypt.dll
0x00007ffedfae0000 - 0x00007ffedfaf8000 	C:\WINDOWS\SYSTEM32\CRYPTSP.dll
0x00007ffedf2a0000 - 0x00007ffedf2d4000 	C:\WINDOWS\system32\rsaenh.dll
0x00007ffee00f0000 - 0x00007ffee011e000 	C:\WINDOWS\SYSTEM32\USERENV.dll
0x00007ffee05b0000 - 0x00007ffee0630000 	C:\WINDOWS\System32\bcryptprimitives.dll
0x00007ffedfad0000 - 0x00007ffedfadc000 	C:\WINDOWS\SYSTEM32\CRYPTBASE.dll
0x00007ffed8a70000 - 0x00007ffed8a87000 	C:\WINDOWS\SYSTEM32\dhcpcsvc6.DLL
0x00007ffed94c0000 - 0x00007ffed94dd000 	C:\WINDOWS\SYSTEM32\dhcpcsvc.DLL
0x000000006e740000 - 0x000000006fda5000 	C:\Users\Ganpati_IshaanNmj\AppData\Local\Temp\xuggle\xuggle1688686005759796757.dll
0x00007ffee1400000 - 0x00007ffee152a000 	C:\WINDOWS\System32\ole32.dll
0x00007ffeb4fb0000 - 0x00007ffeb4fc9000 	C:\WINDOWS\SYSTEM32\AVICAP32.dll
0x00007ffeb4f80000 - 0x00007ffeb4fab000 	C:\WINDOWS\SYSTEM32\MSVFW32.dll
0x00007ffede8d0000 - 0x00007ffedeab4000 	C:\WINDOWS\SYSTEM32\dbghelp.dll

VM Arguments:
jvm_args: -Dcom.sun.management.jmxremote -Dcom.sun.management.jmxremote.port=57164 -Dcom.sun.management.jmxremote.authenticate=false -Dcom.sun.management.jmxremote.ssl=false -Djava.rmi.server.hostname=localhost -Dspring.jmx.enabled=true -Dspring.application.admin.enabled=true -Xverify:none -XX:TieredStopAtLevel=1 -Dspring.boot.project.name=online-classrooms -Dfile.encoding=UTF-8 
java_command: com.online.videostreaming.classrooms.onlineclassrooms.OnlineClassroomsApplication
java_class_path (initial): M:\SourceCode\Online-Video-Streaming-Directory\online-classrooms\target\classes;C:\Users\Ganpati_IshaanNmj\.m2\repository\io\netty\netty\3.6.3.Final\netty-3.6.3.Final.jar;C:\Users\Ganpati_IshaanNmj\.m2\repository\net\java\dev\jna\jna-platform\5.6.0\jna-platform-5.6.0.jar;C:\Users\Ganpati_IshaanNmj\.m2\repository\net\java\dev\jna\jna\5.6.0\jna-5.6.0.jar;C:\Users\Ganpati_IshaanNmj\.m2\repository\commons-fileupload\commons-fileupload\1.4\commons-fileupload-1.4.jar;C:\Users\Ganpati_IshaanNmj\.m2\repository\commons-io\commons-io\2.2\commons-io-2.2.jar;C:\Users\Ganpati_IshaanNmj\.m2\repository\org\eclipse\jetty\aggregate\jetty-all\9.2.7.v20150116\jetty-all-9.2.7.v20150116.jar;C:\Users\Ganpati_IshaanNmj\.m2\repository\javax\websocket\javax.websocket-api\1.1\javax.websocket-api-1.1.jar;C:\Users\Ganpati_IshaanNmj\.m2\repository\javax\servlet\javax.servlet-api\4.0.1\javax.servlet-api-4.0.1.jar;C:\Users\Ganpati_IshaanNmj\.m2\repository\com\github\sarxos\webcam-capture-driver-ipcam\0.3.12\webcam-capture-driver-ipcam-0.3.12.jar;C:\Users\Ganpati_IshaanNmj\.m2\repository\org\apache\httpcomponents\httpclient\4.5.13\httpclient-4.5.13.jar;C:\Users\Ganpati_IshaanNmj\.m2\repository\org\apache\httpcomponents\httpcore\4.4.14\httpcore-4.4.14.jar;C:\Users\Ganpati_IshaanNmj\.m2\repository\org\apache\httpcomponents\httpmime\4.5.13\httpmime-4.5.13.jar;C:\Users\Ganpati_IshaanNmj\.m2\repository\net\coobird\thumbnailator\0.4.3\thumbnailator-0.4.3.jar;C:\Users\Ganpati_IshaanNmj\.m2\repository\xuggle\xuggle-xuggler\5.4\xuggle-xuggler-5.4.jar;C:\Users\Ganpati_IshaanNmj\.m2\repository\com\google\code\gson\gson\2.8.6\gson-2.8.6.jar;C:\Users\Ganpati_IshaanNmj\.m2\repository\com\github\lwfwind\common\java-common-helper\1.8\java-common-helper-1.8.jar;C:\Users\Ganpati_IshaanNmj\.m2\repository\log4j\log4j\1.2.16\log4j-1.2.16.jar;C:\Users\Ganpati_IshaanNmj\.m2\repository\org\apache\commons\commons-collections4\4.1\commons-collections4-4.1.jar;C:\Users\Ganpati_IshaanNmj\.m2\repo
Launcher Type: SUN_STANDARD

Environment Variables:
JAVA_HOME=C:\Program Files\Java\jdk1.8.0_251
JRE_HOME=C:\Program Files\Java\jre1.8.0_251
PATH=C:/Program Files/Java/jre1.8.0_251/bin/server;C:/Program Files/Java/jre1.8.0_251/bin;C:/Program Files/Java/jre1.8.0_251/lib/amd64;C:\Program Files (x86)\Common Files\Oracle\Java\javapath;C:\WINDOWS\system32;C:\WINDOWS;C:\WINDOWS\System32\Wbem;C:\WINDOWS\System32\WindowsPowerShell\v1.0\;C:\WINDOWS\System32\OpenSSH\;C:\Program Files\Intel\WiFi\bin\;C:\Program Files\Common Files\Intel\WirelessCommon\;C:\Program Files (x86)\Intel\Intel(R) Management Engine Components\DAL;C:\Program Files\Intel\Intel(R) Management Engine Components\DAL;M:\SourceCode\SpringBootCli\apache-maven-3.5.2-bin\apache-maven-3.5.2\bin;M:\SourceCode\SpringBootCli\spring-boot-cli-2.1.8.RELEASE-bin\spring-2.1.8.RELEASE\bin;C:\Program Files\Java\jdk1.8.0_251\bin;C:\Program Files\Git\cmd;M:\Software\Redis-x64-3.0.504;C:\Gradle\gradle-6.8\bin;C:\Program Files\MySQL\MySQL Shell 8.0\bin\;C:\Program Files\JSONBuddy;C:\Users\Ganpati_IshaanNmj\AppData\Local\Microsoft\WindowsApps;C:\Users\Ganpati_IshaanNmj\AppData\Roaming\npm;C:\Program Files\Java\jre1.8.0_291\bin;;M:\Software\eclipse-java-2019-09-R-win32-x86_64\eclipse;
USERNAME=Ganpati_IshaanNmj
OS=Windows_NT
PROCESSOR_IDENTIFIER=Intel64 Family 6 Model 158 Stepping 11, GenuineIntel



---------------  S Y S T E M  ---------------

OS: Windows 10.0 , 64 bit Build 19041 (10.0.19041.928)

CPU:total 4 (initial active 4) (4 cores per cpu, 1 threads per core) family 6 model 158 stepping 11, cmov, cx8, fxsr, mmx, sse, sse2, sse3, ssse3, sse4.1, sse4.2, popcnt, avx, avx2, aes, clmul, erms, 3dnowpref, lzcnt, tsc, tscinvbit, bmi1, bmi2, adx

Memory: 4k page, physical 8258120k(1081852k free), swap 18502708k(7261956k free)

vm_info: Java HotSpot(TM) 64-Bit Server VM (25.251-b08) for windows-amd64 JRE (1.8.0_251-b08), built on Mar 12 2020 06:31:49 by "" with MS VC++ 10.0 (VS2010)

time: Sun May 23 17:02:14 2021
timezone: India Standard Time
elapsed time: 124 seconds (0d 0h 2m 4s)

