#
# A fatal error has been detected by the Java Runtime Environment:
#
#  EXCEPTION_ACCESS_VIOLATION (0xc0000005) at pc=0x000000006ee76520, pid=15080, tid=0x0000000000003930
#
# JRE version: Java(TM) SE Runtime Environment (8.0_251-b08) (build 1.8.0_251-b08)
# Java VM: Java HotSpot(TM) 64-Bit Server VM (25.251-b08 mixed mode windows-amd64 compressed oops)
# Problematic frame:
# C  [xuggle1803395532239737558.dll+0x736520]
#
# Failed to write core dump. Minidumps are not enabled by default on client versions of Windows
#
# If you would like to submit a bug report, please visit:
#   http://bugreport.java.com/bugreport/crash.jsp
# The crash happened outside the Java Virtual Machine in native code.
# See problematic frame for where to report the bug.
#

---------------  T H R E A D  ---------------

Current thread (0x000000001d41b000):  JavaThread "http-nio-8080-exec-2" daemon [_thread_in_native, id=14640, stack(0x000000001f770000,0x000000001f870000)]

siginfo: ExceptionCode=0xc0000005, reading address 0xffffffffffffffff

Registers:
RAX=0x000000001f0413b0, RBX=0x0000000021bf3f70, RCX=0x000000001f0413b0, RDX=0x0000000000000009
RSP=0x000000001f86bfb0, RBP=0x000000001f040af0, RSI=0x000000001f0423b0, RDI=0x0000000000000004
R8 =0x000000006ee77580, R9 =0x000000006ee76490, R10=0x000000001ef813b0, R11=0x000000001ef9abe0
R12=0x000000001ef9b3e0, R13=0x0000000000000004, R14=0x0000000000000184, R15=0x000000006fab8f20
RIP=0x000000006ee76520, EFLAGS=0x0000000000010202

Top of Stack: (sp=0x000000001f86bfb0)
0x000000001f86bfb0:   000000006ee76665 000000006ee774c5
0x000000001f86bfc0:   000000006ee77505 000000006ee77545
0x000000001f86bfd0:   000000006ee77585 000000006ee79426
0x000000001f86bfe0:   000000006fab8f20 000000001f0413b0
0x000000001f86bff0:   0000000021bf6430 000000001741acb8
0x000000001f86c000:   3fe0000000000000 0000000000000000
0x000000001f86c010:   40c7760000000000 0000000000000000
0x000000001f86c020:   3fe0000000000000 0000000000000001
0x000000001f86c030:   0000000021bf7430 000000006ea45d24
0x000000001f86c040:   3f40624dd2f1a9fc 0000000000000000
0x000000001f86c050:   0000000000000000 0000000000000000
0x000000001f86c060:   0000000000000000 0000000000000000
0x000000001f86c070:   0000000021c00330 000000006fab7320
0x000000001f86c080:   0000000000000000 0000000021bf3ed0
0x000000001f86c090:   0000000000000001 000000001f040af0
0x000000001f86c0a0:   000000001f040b70 0000000000000000 

Instructions: (pc=0x000000006ee76520)
0x000000006ee76500:   c4 e3 5d 0c c0 55 c5 e4 5c c8 c5 e4 58 c0 c5 fc
0x000000006ee76510:   29 01 c5 fc 29 49 20 c3 0f 1f 84 00 00 00 00 00
0x000000006ee76520:   c5 fc 28 51 40 c5 fc 28 59 60 c5 ec 5c fb c5 ec
0x000000006ee76530:   58 d3 c5 c4 57 3d 26 41 84 00 c5 ec c6 df be c5 


Register to memory mapping:

RAX=0x000000001f0413b0 is an unknown value
RBX=0x0000000021bf3f70 is an unknown value
RCX=0x000000001f0413b0 is an unknown value
RDX=0x0000000000000009 is an unknown value
RSP=0x000000001f86bfb0 is pointing into the stack for thread: 0x000000001d41b000
RBP=0x000000001f040af0 is an unknown value
RSI=0x000000001f0423b0 is an unknown value
RDI=0x0000000000000004 is an unknown value
R8 =0x000000006ee77580 is an unknown value
R9 =0x000000006ee76490 is an unknown value
R10=0x000000001ef813b0 is an unknown value
R11=0x000000001ef9abe0 is an unknown value
R12=0x000000001ef9b3e0 is an unknown value
R13=0x0000000000000004 is an unknown value
R14=0x0000000000000184 is an unknown value
R15=0x000000006fab8f20 is an unknown value


Stack: [0x000000001f770000,0x000000001f870000],  sp=0x000000001f86bfb0,  free space=1007k
Native frames: (J=compiled Java code, j=interpreted, Vv=VM code, C=native code)
C  [xuggle1803395532239737558.dll+0x736520]

Java frames: (J=compiled Java code, j=interpreted, Vv=VM code)
j  com.xuggle.xuggler.XugglerJNI.IContainer_open__SWIG_1(JLcom/xuggle/xuggler/IContainer;Ljava/lang/String;IJLcom/xuggle/xuggler/IContainerFormat;ZZ)I+0
j  com.xuggle.xuggler.IContainer.open(Ljava/lang/String;Lcom/xuggle/xuggler/IContainer$Type;Lcom/xuggle/xuggler/IContainerFormat;ZZ)I+19
j  com.xuggle.mediatool.MediaReader.open()V+20
j  com.xuggle.mediatool.MediaReader.readPacket()Lcom/xuggle/xuggler/IError;+8
j  com.online.videostreaming.classrooms.onlineclassrooms.utils.Thumbnail.generateThumbnail(Ljava/lang/String;Ljava/lang/String;Ljava/lang/String;)V+72
j  com.online.videostreaming.classrooms.onlineclassrooms.controller.VideoController.uploadVideoPost(Lcom/online/videostreaming/classrooms/onlineclassrooms/forms/VideoUploadForm;Lorg/springframework/ui/Model;Ljavax/servlet/http/HttpServletRequest;Ljavax/servlet/http/HttpServletResponse;Lorg/springframework/web/servlet/mvc/support/RedirectAttributes;Lorg/springframework/validation/BindingResult;)Ljava/lang/String;+446
v  ~StubRoutines::call_stub
J 2089  sun.reflect.NativeMethodAccessorImpl.invoke0(Ljava/lang/reflect/Method;Ljava/lang/Object;[Ljava/lang/Object;)Ljava/lang/Object; (0 bytes) @ 0x0000000002fe2cbf [0x0000000002fe2c40+0x7f]
J 2088 C1 sun.reflect.NativeMethodAccessorImpl.invoke(Ljava/lang/Object;[Ljava/lang/Object;)Ljava/lang/Object; (104 bytes) @ 0x0000000002fe341c [0x0000000002fe30a0+0x37c]
J 2054 C1 sun.reflect.DelegatingMethodAccessorImpl.invoke(Ljava/lang/Object;[Ljava/lang/Object;)Ljava/lang/Object; (10 bytes) @ 0x0000000002fd4564 [0x0000000002fd4520+0x44]
J 2053 C1 java.lang.reflect.Method.invoke(Ljava/lang/Object;[Ljava/lang/Object;)Ljava/lang/Object; (62 bytes) @ 0x0000000002fd4194 [0x0000000002fd40a0+0xf4]
j  org.springframework.web.method.support.InvocableHandlerMethod.doInvoke([Ljava/lang/Object;)Ljava/lang/Object;+32
j  org.springframework.web.method.support.InvocableHandlerMethod.invokeForRequest(Lorg/springframework/web/context/request/NativeWebRequest;Lorg/springframework/web/method/support/ModelAndViewContainer;[Ljava/lang/Object;)Ljava/lang/Object;+54
j  org.springframework.web.servlet.mvc.method.annotation.ServletInvocableHandlerMethod.invokeAndHandle(Lorg/springframework/web/context/request/ServletWebRequest;Lorg/springframework/web/method/support/ModelAndViewContainer;[Ljava/lang/Object;)V+4
j  org.springframework.web.servlet.mvc.method.annotation.RequestMappingHandlerAdapter.invokeHandlerMethod(Ljavax/servlet/http/HttpServletRequest;Ljavax/servlet/http/HttpServletResponse;Lorg/springframework/web/method/HandlerMethod;)Lorg/springframework/web/servlet/ModelAndView;+244
j  org.springframework.web.servlet.mvc.method.annotation.RequestMappingHandlerAdapter.handleInternal(Ljavax/servlet/http/HttpServletRequest;Ljavax/servlet/http/HttpServletResponse;Lorg/springframework/web/method/HandlerMethod;)Lorg/springframework/web/servlet/ModelAndView;+81
j  org.springframework.web.servlet.mvc.method.AbstractHandlerMethodAdapter.handle(Ljavax/servlet/http/HttpServletRequest;Ljavax/servlet/http/HttpServletResponse;Ljava/lang/Object;)Lorg/springframework/web/servlet/ModelAndView;+7
j  org.springframework.web.servlet.DispatcherServlet.doDispatch(Ljavax/servlet/http/HttpServletRequest;Ljavax/servlet/http/HttpServletResponse;)V+257
j  org.springframework.web.servlet.DispatcherServlet.doService(Ljavax/servlet/http/HttpServletRequest;Ljavax/servlet/http/HttpServletResponse;)V+241
j  org.springframework.web.servlet.FrameworkServlet.processRequest(Ljavax/servlet/http/HttpServletRequest;Ljavax/servlet/http/HttpServletResponse;)V+71
j  org.springframework.web.servlet.FrameworkServlet.doPost(Ljavax/servlet/http/HttpServletRequest;Ljavax/servlet/http/HttpServletResponse;)V+3
j  javax.servlet.http.HttpServlet.service(Ljavax/servlet/http/HttpServletRequest;Ljavax/servlet/http/HttpServletResponse;)V+131
j  org.springframework.web.servlet.FrameworkServlet.service(Ljavax/servlet/http/HttpServletRequest;Ljavax/servlet/http/HttpServletResponse;)V+33
j  javax.servlet.http.HttpServlet.service(Ljavax/servlet/ServletRequest;Ljavax/servlet/ServletResponse;)V+39
j  org.apache.catalina.core.ApplicationFilterChain.internalDoFilter(Ljavax/servlet/ServletRequest;Ljavax/servlet/ServletResponse;)V+304
j  org.apache.catalina.core.ApplicationFilterChain.doFilter(Ljavax/servlet/ServletRequest;Ljavax/servlet/ServletResponse;)V+99
j  org.springframework.web.filter.RequestContextFilter.doFilterInternal(Ljavax/servlet/http/HttpServletRequest;Ljavax/servlet/http/HttpServletResponse;Ljavax/servlet/FilterChain;)V+21
j  org.springframework.web.filter.OncePerRequestFilter.doFilter(Ljavax/servlet/ServletRequest;Ljavax/servlet/ServletResponse;Ljavax/servlet/FilterChain;)V+147
j  org.apache.catalina.core.ApplicationFilterChain.internalDoFilter(Ljavax/servlet/ServletRequest;Ljavax/servlet/ServletResponse;)V+135
j  org.apache.catalina.core.ApplicationFilterChain.doFilter(Ljavax/servlet/ServletRequest;Ljavax/servlet/ServletResponse;)V+99
j  org.springframework.web.filter.FormContentFilter.doFilterInternal(Ljavax/servlet/http/HttpServletRequest;Ljavax/servlet/http/HttpServletResponse;Ljavax/servlet/FilterChain;)V+38
j  org.springframework.web.filter.OncePerRequestFilter.doFilter(Ljavax/servlet/ServletRequest;Ljavax/servlet/ServletResponse;Ljavax/servlet/FilterChain;)V+147
j  org.apache.catalina.core.ApplicationFilterChain.internalDoFilter(Ljavax/servlet/ServletRequest;Ljavax/servlet/ServletResponse;)V+135
j  org.apache.catalina.core.ApplicationFilterChain.doFilter(Ljavax/servlet/ServletRequest;Ljavax/servlet/ServletResponse;)V+99
j  org.springframework.web.filter.CharacterEncodingFilter.doFilterInternal(Ljavax/servlet/http/HttpServletRequest;Ljavax/servlet/http/HttpServletResponse;Ljavax/servlet/FilterChain;)V+53
j  org.springframework.web.filter.OncePerRequestFilter.doFilter(Ljavax/servlet/ServletRequest;Ljavax/servlet/ServletResponse;Ljavax/servlet/FilterChain;)V+147
j  org.apache.catalina.core.ApplicationFilterChain.internalDoFilter(Ljavax/servlet/ServletRequest;Ljavax/servlet/ServletResponse;)V+135
j  org.apache.catalina.core.ApplicationFilterChain.doFilter(Ljavax/servlet/ServletRequest;Ljavax/servlet/ServletResponse;)V+99
j  org.apache.catalina.core.StandardWrapperValve.invoke(Lorg/apache/catalina/connector/Request;Lorg/apache/catalina/connector/Response;)V+694
j  org.apache.catalina.core.StandardContextValve.invoke(Lorg/apache/catalina/connector/Request;Lorg/apache/catalina/connector/Response;)V+169
j  org.apache.catalina.authenticator.AuthenticatorBase.invoke(Lorg/apache/catalina/connector/Request;Lorg/apache/catalina/connector/Response;)V+260
j  org.apache.catalina.core.StandardHostValve.invoke(Lorg/apache/catalina/connector/Request;Lorg/apache/catalina/connector/Response;)V+128
j  org.apache.catalina.valves.ErrorReportValve.invoke(Lorg/apache/catalina/connector/Request;Lorg/apache/catalina/connector/Response;)V+6
j  org.apache.catalina.core.StandardEngineValve.invoke(Lorg/apache/catalina/connector/Request;Lorg/apache/catalina/connector/Response;)V+59
j  org.apache.catalina.connector.CoyoteAdapter.service(Lorg/apache/coyote/Request;Lorg/apache/coyote/Response;)V+199
j  org.apache.coyote.http11.Http11Processor.service(Lorg/apache/tomcat/util/net/SocketWrapperBase;)Lorg/apache/tomcat/util/net/AbstractEndpoint$Handler$SocketState;+737
j  org.apache.coyote.AbstractProcessorLight.process(Lorg/apache/tomcat/util/net/SocketWrapperBase;Lorg/apache/tomcat/util/net/SocketEvent;)Lorg/apache/tomcat/util/net/AbstractEndpoint$Handler$SocketState;+170
j  org.apache.coyote.AbstractProtocol$ConnectionHandler.process(Lorg/apache/tomcat/util/net/SocketWrapperBase;Lorg/apache/tomcat/util/net/SocketEvent;)Lorg/apache/tomcat/util/net/AbstractEndpoint$Handler$SocketState;+505
j  org.apache.tomcat.util.net.NioEndpoint$SocketProcessor.doRun()V+216
j  org.apache.tomcat.util.net.SocketProcessorBase.run()V+21
j  java.util.concurrent.ThreadPoolExecutor.runWorker(Ljava/util/concurrent/ThreadPoolExecutor$Worker;)V+95
j  java.util.concurrent.ThreadPoolExecutor$Worker.run()V+5
j  org.apache.tomcat.util.threads.TaskThread$WrappingRunnable.run()V+4
j  java.lang.Thread.run()V+11
v  ~StubRoutines::call_stub

---------------  P R O C E S S  ---------------

Java Threads: ( => current thread )
  0x000000001d848000 JavaThread "DestroyJavaVM" [_thread_blocked, id=1052, stack(0x00000000029a0000,0x0000000002aa0000)]
  0x000000001d849800 JavaThread "http-nio-8080-Acceptor" daemon [_thread_in_native, id=16072, stack(0x0000000020170000,0x0000000020270000)]
  0x000000001d843800 JavaThread "http-nio-8080-ClientPoller" daemon [_thread_in_native, id=11792, stack(0x0000000020070000,0x0000000020170000)]
  0x000000001d845000 JavaThread "http-nio-8080-exec-10" daemon [_thread_blocked, id=20040, stack(0x000000001ff70000,0x0000000020070000)]
  0x000000001d849000 JavaThread "http-nio-8080-exec-9" daemon [_thread_blocked, id=17724, stack(0x000000001fe70000,0x000000001ff70000)]
  0x000000001d844800 JavaThread "http-nio-8080-exec-8" daemon [_thread_blocked, id=12952, stack(0x000000001fd70000,0x000000001fe70000)]
  0x000000001d847800 JavaThread "http-nio-8080-exec-7" daemon [_thread_blocked, id=12464, stack(0x000000001fc70000,0x000000001fd70000)]
  0x000000001d420800 JavaThread "http-nio-8080-exec-6" daemon [_thread_blocked, id=11572, stack(0x000000001fb70000,0x000000001fc70000)]
  0x000000001d41a800 JavaThread "http-nio-8080-exec-5" daemon [_thread_blocked, id=5776, stack(0x000000001fa70000,0x000000001fb70000)]
  0x000000001d41f800 JavaThread "http-nio-8080-exec-4" daemon [_thread_blocked, id=8152, stack(0x000000001f970000,0x000000001fa70000)]
  0x000000001d41c000 JavaThread "http-nio-8080-exec-3" daemon [_thread_blocked, id=2572, stack(0x000000001f870000,0x000000001f970000)]
=>0x000000001d41b000 JavaThread "http-nio-8080-exec-2" daemon [_thread_in_native, id=14640, stack(0x000000001f770000,0x000000001f870000)]
  0x000000001d421000 JavaThread "http-nio-8080-exec-1" daemon [_thread_blocked, id=15112, stack(0x000000001f670000,0x000000001f770000)]
  0x000000001d41f000 JavaThread "http-nio-8080-BlockPoller" daemon [_thread_in_native, id=2216, stack(0x000000001f570000,0x000000001f670000)]
  0x000000001d41e000 JavaThread "File Watcher" daemon [_thread_blocked, id=20412, stack(0x000000001f470000,0x000000001f570000)]
  0x000000001d41c800 JavaThread "Live Reload Server" daemon [_thread_in_native, id=21192, stack(0x000000001ee70000,0x000000001ef70000)]
  0x000000001d3f6800 JavaThread "HikariPool-1 housekeeper" daemon [_thread_blocked, id=11788, stack(0x000000001e670000,0x000000001e770000)]
  0x000000001916e800 JavaThread "PostgreSQL-JDBC-SharedTimer-1" daemon [_thread_blocked, id=20232, stack(0x000000001e570000,0x000000001e670000)]
  0x000000001d1b7000 JavaThread "container-0" [_thread_blocked, id=9172, stack(0x000000001df70000,0x000000001e070000)]
  0x000000001d1b1000 JavaThread "Catalina-utility-2" [_thread_blocked, id=15152, stack(0x000000001c2a0000,0x000000001c3a0000)]
  0x000000001d131000 JavaThread "Catalina-utility-1" [_thread_blocked, id=10140, stack(0x000000001bda0000,0x000000001bea0000)]
  0x0000000019ed2800 JavaThread "RMI TCP Accept-0" daemon [_thread_in_native, id=10464, stack(0x000000001a290000,0x000000001a390000)]
  0x0000000019ed0000 JavaThread "RMI TCP Accept-56244" daemon [_thread_in_native, id=20292, stack(0x000000001a190000,0x000000001a290000)]
  0x0000000019eb8800 JavaThread "RMI TCP Accept-0" daemon [_thread_in_native, id=20964, stack(0x000000001a090000,0x000000001a190000)]
  0x000000001774d800 JavaThread "Service Thread" daemon [_thread_blocked, id=20444, stack(0x0000000019450000,0x0000000019550000)]
  0x0000000018f60800 JavaThread "C1 CompilerThread2" daemon [_thread_blocked, id=9288, stack(0x0000000019350000,0x0000000019450000)]
  0x000000001770c000 JavaThread "C2 CompilerThread1" daemon [_thread_blocked, id=8580, stack(0x0000000018e50000,0x0000000018f50000)]
  0x00000000176fb800 JavaThread "C2 CompilerThread0" daemon [_thread_blocked, id=17196, stack(0x0000000018d50000,0x0000000018e50000)]
  0x00000000176fa000 JavaThread "Attach Listener" daemon [_thread_blocked, id=14416, stack(0x0000000018c50000,0x0000000018d50000)]
  0x00000000176f9000 JavaThread "Signal Dispatcher" daemon [_thread_blocked, id=12352, stack(0x0000000018b50000,0x0000000018c50000)]
  0x00000000176e2800 JavaThread "Finalizer" daemon [_thread_blocked, id=2016, stack(0x0000000018950000,0x0000000018a50000)]
  0x00000000176b9000 JavaThread "Reference Handler" daemon [_thread_blocked, id=3136, stack(0x0000000018850000,0x0000000018950000)]

Other Threads:
  0x00000000176b7000 VMThread [stack: 0x0000000018750000,0x0000000018850000] [id=18580]
  0x0000000019ed3800 WatcherThread [stack: 0x000000001a390000,0x000000001a490000] [id=12200]

VM state:not at safepoint (normal execution)

VM Mutex/Monitor currently owned by a thread: None

heap address: 0x0000000081e00000, size: 2018 MB, Compressed Oops mode: 32-bit
Narrow klass base: 0x0000000000000000, Narrow klass shift: 3
Compressed class space size: 1073741824 Address: 0x0000000100000000

Heap:
 PSYoungGen      total 541696K, used 138306K [0x00000000d5f80000, 0x00000000f8700000, 0x0000000100000000)
  eden space 530944K, 25% used [0x00000000d5f80000,0x00000000de1ccb30,0x00000000f6600000)
  from space 10752K, 45% used [0x00000000f7c80000,0x00000000f8143d00,0x00000000f8700000)
  to   space 16896K, 0% used [0x00000000f6600000,0x00000000f6600000,0x00000000f7680000)
 ParOldGen       total 216576K, used 157654K [0x0000000081e00000, 0x000000008f180000, 0x00000000d5f80000)
  object space 216576K, 72% used [0x0000000081e00000,0x000000008b7f5960,0x000000008f180000)
 Metaspace       used 59616K, capacity 62636K, committed 62848K, reserved 1103872K
  class space    used 8015K, capacity 8559K, committed 8576K, reserved 1048576K

Card table byte_map: [0x0000000011f60000,0x0000000012360000] byte_map_base: 0x0000000011b51000

Marking Bits: (ParMarkBitMap*) 0x000000006dbcaf90
 Begin Bits: [0x0000000012a10000, 0x0000000014998000)
 End Bits:   [0x0000000014998000, 0x0000000016920000)

Polling page: 0x0000000001080000

CodeCache: size=245760Kb used=11179Kb max_used=11179Kb free=234580Kb
 bounds [0x0000000002ba0000, 0x0000000003690000, 0x0000000011ba0000]
 total_blobs=6038 nmethods=5433 adapters=516
 compilation: enabled

Compilation events (10 events):
Event: 35.511 Thread 0x0000000018f60800 5463       1       sun.misc.URLClassPath$1::nextElement (5 bytes)
Event: 35.511 Thread 0x0000000018f60800 nmethod 5463 0x0000000003689dd0 code [0x0000000003689f40, 0x000000000368a158]
Event: 35.511 Thread 0x0000000018f60800 5464       1       sun.misc.URLClassPath$1::nextElement (27 bytes)
Event: 35.511 Thread 0x0000000018f60800 nmethod 5464 0x000000000368a290 code [0x000000000368a400, 0x000000000368a618]
Event: 35.511 Thread 0x0000000018f60800 5465       1       java.net.URL::openStream (8 bytes)
Event: 35.511 Thread 0x0000000018f60800 nmethod 5465 0x000000000368a710 code [0x000000000368a880, 0x000000000368a9d8]
Event: 35.531 Thread 0x0000000018f60800 5466       1       java.util.jar.Manifest::<init> (7 bytes)
Event: 35.531 Thread 0x0000000018f60800 nmethod 5466 0x000000000368aa90 code [0x000000000368abe0, 0x000000000368ad28]
Event: 35.578 Thread 0x0000000018f60800 5467       1       java.util.concurrent.ScheduledThreadPoolExecutor$DelayedWorkQueue::setIndex (16 bytes)
Event: 35.578 Thread 0x0000000018f60800 nmethod 5467 0x000000000368ad90 code [0x000000000368aee0, 0x000000000368b070]

GC Heap History (10 events):
Event: 2.945 GC heap before
{Heap before GC invocations=11 (full 2):
 PSYoungGen      total 273408K, used 10727K [0x00000000d5f80000, 0x00000000ef280000, 0x0000000100000000)
  eden space 262656K, 0% used [0x00000000d5f80000,0x00000000d5f80000,0x00000000e6000000)
  from space 10752K, 99% used [0x00000000e6000000,0x00000000e6a79ee8,0x00000000e6a80000)
  to   space 14336K, 0% used [0x00000000ee480000,0x00000000ee480000,0x00000000ef280000)
 ParOldGen       total 46592K, used 11645K [0x0000000081e00000, 0x0000000084b80000, 0x00000000d5f80000)
  object space 46592K, 24% used [0x0000000081e00000,0x000000008295f7f0,0x0000000084b80000)
 Metaspace       used 33298K, capacity 35276K, committed 35416K, reserved 1079296K
  class space    used 4586K, capacity 5013K, committed 5120K, reserved 1048576K
Event: 3.010 GC heap after
Heap after GC invocations=11 (full 2):
 PSYoungGen      total 273408K, used 0K [0x00000000d5f80000, 0x00000000ef280000, 0x0000000100000000)
  eden space 262656K, 0% used [0x00000000d5f80000,0x00000000d5f80000,0x00000000e6000000)
  from space 10752K, 0% used [0x00000000e6000000,0x00000000e6000000,0x00000000e6a80000)
  to   space 14336K, 0% used [0x00000000ee480000,0x00000000ee480000,0x00000000ef280000)
 ParOldGen       total 69632K, used 20900K [0x0000000081e00000, 0x0000000086200000, 0x00000000d5f80000)
  object space 69632K, 30% used [0x0000000081e00000,0x0000000083269168,0x0000000086200000)
 Metaspace       used 33298K, capacity 35276K, committed 35416K, reserved 1079296K
  class space    used 4586K, capacity 5013K, committed 5120K, reserved 1048576K
}
Event: 4.482 GC heap before
{Heap before GC invocations=12 (full 2):
 PSYoungGen      total 273408K, used 262656K [0x00000000d5f80000, 0x00000000ef280000, 0x0000000100000000)
  eden space 262656K, 100% used [0x00000000d5f80000,0x00000000e6000000,0x00000000e6000000)
  from space 10752K, 0% used [0x00000000e6000000,0x00000000e6000000,0x00000000e6a80000)
  to   space 14336K, 0% used [0x00000000ee480000,0x00000000ee480000,0x00000000ef280000)
 ParOldGen       total 69632K, used 20900K [0x0000000081e00000, 0x0000000086200000, 0x00000000d5f80000)
  object space 69632K, 30% used [0x0000000081e00000,0x0000000083269168,0x0000000086200000)
 Metaspace       used 48027K, capacity 50708K, committed 50944K, reserved 1093632K
  class space    used 6860K, capacity 7369K, committed 7424K, reserved 1048576K
Event: 4.498 GC heap after
Heap after GC invocations=12 (full 2):
 PSYoungGen      total 394240K, used 14305K [0x00000000d5f80000, 0x00000000ef480000, 0x0000000100000000)
  eden space 379904K, 0% used [0x00000000d5f80000,0x00000000d5f80000,0x00000000ed280000)
  from space 14336K, 99% used [0x00000000ee480000,0x00000000ef2785c0,0x00000000ef280000)
  to   space 17408K, 0% used [0x00000000ed280000,0x00000000ed280000,0x00000000ee380000)
 ParOldGen       total 69632K, used 25125K [0x0000000081e00000, 0x0000000086200000, 0x00000000d5f80000)
  object space 69632K, 36% used [0x0000000081e00000,0x00000000836895f0,0x0000000086200000)
 Metaspace       used 48027K, capacity 50708K, committed 50944K, reserved 1093632K
  class space    used 6860K, capacity 7369K, committed 7424K, reserved 1048576K
}
Event: 8.524 GC heap before
{Heap before GC invocations=13 (full 2):
 PSYoungGen      total 394240K, used 111975K [0x00000000d5f80000, 0x00000000ef480000, 0x0000000100000000)
  eden space 379904K, 25% used [0x00000000d5f80000,0x00000000dbee1878,0x00000000ed280000)
  from space 14336K, 99% used [0x00000000ee480000,0x00000000ef2785c0,0x00000000ef280000)
  to   space 17408K, 0% used [0x00000000ed280000,0x00000000ed280000,0x00000000ee380000)
 ParOldGen       total 69632K, used 25125K [0x0000000081e00000, 0x0000000086200000, 0x00000000d5f80000)
  object space 69632K, 36% used [0x0000000081e00000,0x00000000836895f0,0x0000000086200000)
 Metaspace       used 56084K, capacity 58966K, committed 59028K, reserved 1099776K
  class space    used 7634K, capacity 8152K, committed 8192K, reserved 1048576K
Event: 8.536 GC heap after
Heap after GC invocations=13 (full 2):
 PSYoungGen      total 397312K, used 9113K [0x00000000d5f80000, 0x00000000f8d00000, 0x0000000100000000)
  eden space 379904K, 0% used [0x00000000d5f80000,0x00000000d5f80000,0x00000000ed280000)
  from space 17408K, 52% used [0x00000000ed280000,0x00000000edb665b8,0x00000000ee380000)
  to   space 16896K, 0% used [0x00000000f7c80000,0x00000000f7c80000,0x00000000f8d00000)
 ParOldGen       total 69632K, used 31283K [0x0000000081e00000, 0x0000000086200000, 0x00000000d5f80000)
  object space 69632K, 44% used [0x0000000081e00000,0x0000000083c8cfe0,0x0000000086200000)
 Metaspace       used 56084K, capacity 58966K, committed 59028K, reserved 1099776K
  class space    used 7634K, capacity 8152K, committed 8192K, reserved 1048576K
}
Event: 8.536 GC heap before
{Heap before GC invocations=14 (full 3):
 PSYoungGen      total 397312K, used 9113K [0x00000000d5f80000, 0x00000000f8d00000, 0x0000000100000000)
  eden space 379904K, 0% used [0x00000000d5f80000,0x00000000d5f80000,0x00000000ed280000)
  from space 17408K, 52% used [0x00000000ed280000,0x00000000edb665b8,0x00000000ee380000)
  to   space 16896K, 0% used [0x00000000f7c80000,0x00000000f7c80000,0x00000000f8d00000)
 ParOldGen       total 69632K, used 31283K [0x0000000081e00000, 0x0000000086200000, 0x00000000d5f80000)
  object space 69632K, 44% used [0x0000000081e00000,0x0000000083c8cfe0,0x0000000086200000)
 Metaspace       used 56084K, capacity 58966K, committed 59028K, reserved 1099776K
  class space    used 7634K, capacity 8152K, committed 8192K, reserved 1048576K
Event: 8.631 GC heap after
Heap after GC invocations=14 (full 3):
 PSYoungGen      total 397312K, used 0K [0x00000000d5f80000, 0x00000000f8d00000, 0x0000000100000000)
  eden space 379904K, 0% used [0x00000000d5f80000,0x00000000d5f80000,0x00000000ed280000)
  from space 17408K, 0% used [0x00000000ed280000,0x00000000ed280000,0x00000000ee380000)
  to   space 16896K, 0% used [0x00000000f7c80000,0x00000000f7c80000,0x00000000f8d00000)
 ParOldGen       total 84992K, used 26574K [0x0000000081e00000, 0x0000000087100000, 0x00000000d5f80000)
  object space 84992K, 31% used [0x0000000081e00000,0x00000000837f3950,0x0000000087100000)
 Metaspace       used 56076K, capacity 58954K, committed 59028K, reserved 1099776K
  class space    used 7633K, capacity 8150K, committed 8192K, reserved 1048576K
}
Event: 35.297 GC heap before
{Heap before GC invocations=15 (full 3):
 PSYoungGen      total 397312K, used 359394K [0x00000000d5f80000, 0x00000000f8d00000, 0x0000000100000000)
  eden space 379904K, 94% used [0x00000000d5f80000,0x00000000ebe78ad0,0x00000000ed280000)
  from space 17408K, 0% used [0x00000000ed280000,0x00000000ed280000,0x00000000ee380000)
  to   space 16896K, 0% used [0x00000000f7c80000,0x00000000f7c80000,0x00000000f8d00000)
 ParOldGen       total 84992K, used 26574K [0x0000000081e00000, 0x0000000087100000, 0x00000000d5f80000)
  object space 84992K, 31% used [0x0000000081e00000,0x00000000837f3950,0x0000000087100000)
 Metaspace       used 59194K, capacity 62220K, committed 62336K, reserved 1103872K
  class space    used 7978K, capacity 8527K, committed 8576K, reserved 1048576K
Event: 35.377 GC heap after
Heap after GC invocations=15 (full 3):
 PSYoungGen      total 541696K, used 4879K [0x00000000d5f80000, 0x00000000f8700000, 0x0000000100000000)
  eden space 530944K, 0% used [0x00000000d5f80000,0x00000000d5f80000,0x00000000f6600000)
  from space 10752K, 45% used [0x00000000f7c80000,0x00000000f8143d00,0x00000000f8700000)
  to   space 16896K, 0% used [0x00000000f6600000,0x00000000f6600000,0x00000000f7680000)
 ParOldGen       total 216576K, used 157654K [0x0000000081e00000, 0x000000008f180000, 0x00000000d5f80000)
  object space 216576K, 72% used [0x0000000081e00000,0x000000008b7f5960,0x000000008f180000)
 Metaspace       used 59194K, capacity 62220K, committed 62336K, reserved 1103872K
  class space    used 7978K, capacity 8527K, committed 8576K, reserved 1048576K
}

Deoptimization events (0 events):
No events

Classes redefined (0 events):
No events

Internal exceptions (10 events):
Event: 8.988 Thread 0x000000001d421000 Exception <a 'java/lang/ClassNotFoundException': java/lang/ObjectCustomizer> (0x00000000d98e10f0) thrown at [C:\jenkins\workspace\8-2-build-windows-amd64-cygwin\jdk8u251\737\hotspot\src\share\vm\classfile\systemDictionary.cpp, line 210]
Event: 8.988 Thread 0x000000001d421000 Exception <a 'java/lang/ArrayIndexOutOfBoundsException'> (0x00000000d98e4808) thrown at [C:\jenkins\workspace\8-2-build-windows-amd64-cygwin\jdk8u251\737\hotspot\src\share\vm\runtime\sharedRuntime.cpp, line 605]
Event: 8.989 Thread 0x000000001d421000 Exception <a 'java/lang/ClassNotFoundException': com/online/videostreaming/classrooms/onlineclassrooms/forms/VideoUploadFormCustomizer> (0x00000000d9923af8) thrown at [C:\jenkins\workspace\8-2-build-windows-amd64-cygwin\jdk8u251\737\hotspot\src\share\vm\c
Event: 34.970 Thread 0x000000001d41b000 Exception <a 'sun/nio/fs/WindowsException'> (0x00000000dbdf0048) thrown at [C:\jenkins\workspace\8-2-build-windows-amd64-cygwin\jdk8u251\737\hotspot\src\share\vm\prims\jni.cpp, line 710]
Event: 34.970 Thread 0x000000001d41b000 Exception <a 'sun/nio/fs/WindowsException'> (0x00000000dbdf0db8) thrown at [C:\jenkins\workspace\8-2-build-windows-amd64-cygwin\jdk8u251\737\hotspot\src\share\vm\prims\jni.cpp, line 710]
Event: 34.970 Thread 0x000000001d41b000 Exception <a 'sun/nio/fs/WindowsException'> (0x00000000dbdf14b0) thrown at [C:\jenkins\workspace\8-2-build-windows-amd64-cygwin\jdk8u251\737\hotspot\src\share\vm\prims\jni.cpp, line 710]
Event: 34.971 Thread 0x000000001d41b000 Exception <a 'sun/nio/fs/WindowsException'> (0x00000000dbdf3e98) thrown at [C:\jenkins\workspace\8-2-build-windows-amd64-cygwin\jdk8u251\737\hotspot\src\share\vm\prims\jni.cpp, line 710]
Event: 34.971 Thread 0x000000001d41b000 Exception <a 'sun/nio/fs/WindowsException'> (0x00000000dbdf45d8) thrown at [C:\jenkins\workspace\8-2-build-windows-amd64-cygwin\jdk8u251\737\hotspot\src\share\vm\prims\jni.cpp, line 710]
Event: 34.971 Thread 0x000000001d41b000 Exception <a 'sun/nio/fs/WindowsException'> (0x00000000dbdf59c8) thrown at [C:\jenkins\workspace\8-2-build-windows-amd64-cygwin\jdk8u251\737\hotspot\src\share\vm\prims\jni.cpp, line 710]
Event: 34.971 Thread 0x000000001d41b000 Exception <a 'sun/nio/fs/WindowsException'> (0x00000000dbdf6128) thrown at [C:\jenkins\workspace\8-2-build-windows-amd64-cygwin\jdk8u251\737\hotspot\src\share\vm\prims\jni.cpp, line 710]

Events (10 events):
Event: 37.103 loading class com/xuggle/mediatool/IMediaListener
Event: 37.103 loading class com/xuggle/mediatool/IMediaListener done
Event: 37.105 loading class com/xuggle/mediatool/AMediaListenerMixin
Event: 37.105 loading class com/xuggle/mediatool/AMediaListenerMixin done
Event: 37.106 loading class com/xuggle/xuggler/IContainer$Type
Event: 37.106 loading class com/xuggle/xuggler/IContainer$Type done
Event: 37.108 loading class com/xuggle/xuggler/IContainer$Type$SwigNext
Event: 37.108 loading class com/xuggle/xuggler/IContainer$Type$SwigNext done
Event: 37.109 loading class com/xuggle/xuggler/IContainerFormat
Event: 37.109 loading class com/xuggle/xuggler/IContainerFormat done


Dynamic libraries:
0x00007ff604f60000 - 0x00007ff604f97000 	C:\Program Files\Java\jre1.8.0_251\bin\javaw.exe
0x00007ffee2ab0000 - 0x00007ffee2ca5000 	C:\WINDOWS\SYSTEM32\ntdll.dll
0x00007ffee2040000 - 0x00007ffee20fd000 	C:\WINDOWS\System32\KERNEL32.DLL
0x00007ffee02e0000 - 0x00007ffee05a8000 	C:\WINDOWS\System32\KERNELBASE.dll
0x00007ffee25a0000 - 0x00007ffee264c000 	C:\WINDOWS\System32\ADVAPI32.dll
0x00007ffee1300000 - 0x00007ffee139e000 	C:\WINDOWS\System32\msvcrt.dll
0x00007ffee2850000 - 0x00007ffee28eb000 	C:\WINDOWS\System32\sechost.dll
0x00007ffee1600000 - 0x00007ffee172b000 	C:\WINDOWS\System32\RPCRT4.dll
0x00007ffee26b0000 - 0x00007ffee2850000 	C:\WINDOWS\System32\USER32.dll
0x00007ffee09b0000 - 0x00007ffee09d2000 	C:\WINDOWS\System32\win32u.dll
0x00007ffee2a30000 - 0x00007ffee2a5a000 	C:\WINDOWS\System32\GDI32.dll
0x00007ffee0740000 - 0x00007ffee084b000 	C:\WINDOWS\System32\gdi32full.dll
0x00007ffee01f0000 - 0x00007ffee028d000 	C:\WINDOWS\System32\msvcp_win.dll
0x00007ffee09e0000 - 0x00007ffee0ae0000 	C:\WINDOWS\System32\ucrtbase.dll
0x00007ffebc9b0000 - 0x00007ffebcc4a000 	C:\WINDOWS\WinSxS\amd64_microsoft.windows.common-controls_6595b64144ccf1df_6.0.19041.844_none_ca00b6081b84eb1d\COMCTL32.dll
0x00007ffee1fb0000 - 0x00007ffee1fe0000 	C:\WINDOWS\System32\IMM32.DLL
0x000000006dc50000 - 0x000000006dd22000 	C:\Program Files\Java\jre1.8.0_251\bin\msvcr100.dll
0x000000006d3a0000 - 0x000000006dc4b000 	C:\Program Files\Java\jre1.8.0_251\bin\server\jvm.dll
0x00007ffee12f0000 - 0x00007ffee12f8000 	C:\WINDOWS\System32\PSAPI.DLL
0x00007ffecfd50000 - 0x00007ffecfd59000 	C:\WINDOWS\SYSTEM32\WSOCK32.dll
0x00007ffed1490000 - 0x00007ffed14b7000 	C:\WINDOWS\SYSTEM32\WINMM.dll
0x00007ffee0ce0000 - 0x00007ffee0d4b000 	C:\WINDOWS\System32\WS2_32.dll
0x00007ffed4510000 - 0x00007ffed451a000 	C:\WINDOWS\SYSTEM32\VERSION.dll
0x00007ffedacf0000 - 0x00007ffedacff000 	C:\Program Files\Java\jre1.8.0_251\bin\verify.dll
0x00007ffed7a00000 - 0x00007ffed7a29000 	C:\Program Files\Java\jre1.8.0_251\bin\java.dll
0x00007ffed0a50000 - 0x00007ffed0a66000 	C:\Program Files\Java\jre1.8.0_251\bin\zip.dll
0x00007ffee1860000 - 0x00007ffee1fa2000 	C:\WINDOWS\System32\SHELL32.dll
0x00007ffede000000 - 0x00007ffede790000 	C:\WINDOWS\SYSTEM32\windows.storage.dll
0x00007ffee2160000 - 0x00007ffee24b5000 	C:\WINDOWS\System32\combase.dll
0x00007ffedfb90000 - 0x00007ffedfbbc000 	C:\WINDOWS\SYSTEM32\Wldp.dll
0x00007ffee28f0000 - 0x00007ffee299e000 	C:\WINDOWS\System32\SHCORE.dll
0x00007ffee1fe0000 - 0x00007ffee2035000 	C:\WINDOWS\System32\shlwapi.dll
0x00007ffee0130000 - 0x00007ffee014f000 	C:\WINDOWS\SYSTEM32\profapi.dll
0x00007ffed79f0000 - 0x00007ffed79fd000 	C:\Program Files\Java\jre1.8.0_251\bin\management.dll
0x00007ffecfc10000 - 0x00007ffecfc2a000 	C:\Program Files\Java\jre1.8.0_251\bin\net.dll
0x00007ffedf900000 - 0x00007ffedf96a000 	C:\WINDOWS\system32\mswsock.dll
0x00007ffec4850000 - 0x00007ffec4862000 	C:\Program Files\Java\jre1.8.0_251\bin\nio.dll
0x00007ffecfc50000 - 0x00007ffecfc67000 	C:\WINDOWS\system32\napinsp.dll
0x00007ffecfc30000 - 0x00007ffecfc4b000 	C:\WINDOWS\system32\pnrpnsp.dll
0x00007ffedb230000 - 0x00007ffedb245000 	C:\WINDOWS\system32\wshbth.dll
0x00007ffed9710000 - 0x00007ffed972d000 	C:\WINDOWS\system32\NLAapi.dll
0x00007ffedf5f0000 - 0x00007ffedf62b000 	C:\WINDOWS\SYSTEM32\IPHLPAPI.DLL
0x00007ffedf630000 - 0x00007ffedf6fc000 	C:\WINDOWS\SYSTEM32\DNSAPI.dll
0x00007ffee2a60000 - 0x00007ffee2a68000 	C:\WINDOWS\System32\NSI.dll
0x00007ffece530000 - 0x00007ffece542000 	C:\WINDOWS\System32\winrnr.dll
0x00007ffed90b0000 - 0x00007ffed90ba000 	C:\Windows\System32\rasadhlp.dll
0x00007ffed5d30000 - 0x00007ffed5daf000 	C:\WINDOWS\System32\fwpuclnt.dll
0x00007ffee0ae0000 - 0x00007ffee0b07000 	C:\WINDOWS\System32\bcrypt.dll
0x00007ffedfae0000 - 0x00007ffedfaf8000 	C:\WINDOWS\SYSTEM32\CRYPTSP.dll
0x00007ffedf2a0000 - 0x00007ffedf2d4000 	C:\WINDOWS\system32\rsaenh.dll
0x00007ffee00f0000 - 0x00007ffee011e000 	C:\WINDOWS\SYSTEM32\USERENV.dll
0x00007ffee05b0000 - 0x00007ffee0630000 	C:\WINDOWS\System32\bcryptprimitives.dll
0x00007ffedfad0000 - 0x00007ffedfadc000 	C:\WINDOWS\SYSTEM32\CRYPTBASE.dll
0x00007ffed8a70000 - 0x00007ffed8a87000 	C:\WINDOWS\SYSTEM32\dhcpcsvc6.DLL
0x00007ffed94c0000 - 0x00007ffed94dd000 	C:\WINDOWS\SYSTEM32\dhcpcsvc.DLL
0x000000006e740000 - 0x000000006fda5000 	C:\Users\Ganpati_IshaanNmj\AppData\Local\Temp\xuggle\xuggle1803395532239737558.dll
0x00007ffee1400000 - 0x00007ffee152a000 	C:\WINDOWS\System32\ole32.dll
0x00007ffec4830000 - 0x00007ffec4849000 	C:\WINDOWS\SYSTEM32\AVICAP32.dll
0x00007ffebf780000 - 0x00007ffebf7ab000 	C:\WINDOWS\SYSTEM32\MSVFW32.dll
0x00007ffede8d0000 - 0x00007ffedeab4000 	C:\WINDOWS\SYSTEM32\dbghelp.dll

VM Arguments:
jvm_args: -Dcom.sun.management.jmxremote -Dcom.sun.management.jmxremote.port=56244 -Dcom.sun.management.jmxremote.authenticate=false -Dcom.sun.management.jmxremote.ssl=false -Djava.rmi.server.hostname=localhost -Dspring.jmx.enabled=true -Dspring.application.admin.enabled=true -Xverify:none -XX:TieredStopAtLevel=1 -Dspring.boot.project.name=online-classrooms -Dfile.encoding=UTF-8 
java_command: com.online.videostreaming.classrooms.onlineclassrooms.OnlineClassroomsApplication
java_class_path (initial): M:\SourceCode\Online-Video-Streaming-Directory\online-classrooms\target\classes;C:\Users\Ganpati_IshaanNmj\.m2\repository\io\netty\netty\3.6.3.Final\netty-3.6.3.Final.jar;C:\Users\Ganpati_IshaanNmj\.m2\repository\net\java\dev\jna\jna-platform\5.6.0\jna-platform-5.6.0.jar;C:\Users\Ganpati_IshaanNmj\.m2\repository\net\java\dev\jna\jna\5.6.0\jna-5.6.0.jar;C:\Users\Ganpati_IshaanNmj\.m2\repository\commons-fileupload\commons-fileupload\1.4\commons-fileupload-1.4.jar;C:\Users\Ganpati_IshaanNmj\.m2\repository\commons-io\commons-io\2.2\commons-io-2.2.jar;C:\Users\Ganpati_IshaanNmj\.m2\repository\org\eclipse\jetty\aggregate\jetty-all\9.2.7.v20150116\jetty-all-9.2.7.v20150116.jar;C:\Users\Ganpati_IshaanNmj\.m2\repository\javax\websocket\javax.websocket-api\1.1\javax.websocket-api-1.1.jar;C:\Users\Ganpati_IshaanNmj\.m2\repository\javax\servlet\javax.servlet-api\4.0.1\javax.servlet-api-4.0.1.jar;C:\Users\Ganpati_IshaanNmj\.m2\repository\com\github\sarxos\webcam-capture-driver-ipcam\0.3.12\webcam-capture-driver-ipcam-0.3.12.jar;C:\Users\Ganpati_IshaanNmj\.m2\repository\org\apache\httpcomponents\httpclient\4.5.13\httpclient-4.5.13.jar;C:\Users\Ganpati_IshaanNmj\.m2\repository\org\apache\httpcomponents\httpcore\4.4.14\httpcore-4.4.14.jar;C:\Users\Ganpati_IshaanNmj\.m2\repository\org\apache\httpcomponents\httpmime\4.5.13\httpmime-4.5.13.jar;C:\Users\Ganpati_IshaanNmj\.m2\repository\net\coobird\thumbnailator\0.4.3\thumbnailator-0.4.3.jar;C:\Users\Ganpati_IshaanNmj\.m2\repository\xuggle\xuggle-xuggler\5.4\xuggle-xuggler-5.4.jar;C:\Users\Ganpati_IshaanNmj\.m2\repository\com\google\code\gson\gson\2.8.6\gson-2.8.6.jar;C:\Users\Ganpati_IshaanNmj\.m2\repository\com\github\lwfwind\common\java-common-helper\1.8\java-common-helper-1.8.jar;C:\Users\Ganpati_IshaanNmj\.m2\repository\log4j\log4j\1.2.16\log4j-1.2.16.jar;C:\Users\Ganpati_IshaanNmj\.m2\repository\org\apache\commons\commons-collections4\4.1\commons-collections4-4.1.jar;C:\Users\Ganpati_IshaanNmj\.m2\repo
Launcher Type: SUN_STANDARD

Environment Variables:
JAVA_HOME=C:\Program Files\Java\jdk1.8.0_251
JRE_HOME=C:\Program Files\Java\jre1.8.0_251
PATH=C:/Program Files/Java/jre1.8.0_291/bin/server;C:/Program Files/Java/jre1.8.0_291/bin;C:/Program Files/Java/jre1.8.0_291/lib/amd64;C:\Program Files (x86)\Common Files\Oracle\Java\javapath;C:\WINDOWS\system32;C:\WINDOWS;C:\WINDOWS\System32\Wbem;C:\WINDOWS\System32\WindowsPowerShell\v1.0\;C:\WINDOWS\System32\OpenSSH\;C:\Program Files\Intel\WiFi\bin\;C:\Program Files\Common Files\Intel\WirelessCommon\;C:\Program Files (x86)\Intel\Intel(R) Management Engine Components\DAL;C:\Program Files\Intel\Intel(R) Management Engine Components\DAL;M:\SourceCode\SpringBootCli\apache-maven-3.5.2-bin\apache-maven-3.5.2\bin;M:\SourceCode\SpringBootCli\spring-boot-cli-2.1.8.RELEASE-bin\spring-2.1.8.RELEASE\bin;C:\Program Files\Java\jdk1.8.0_251\bin;C:\Program Files\Git\cmd;M:\Software\Redis-x64-3.0.504;C:\Gradle\gradle-6.8\bin;C:\Program Files\MySQL\MySQL Shell 8.0\bin\;C:\Program Files\JSONBuddy;C:\Users\Ganpati_IshaanNmj\AppData\Local\Microsoft\WindowsApps;C:\Users\Ganpati_IshaanNmj\AppData\Roaming\npm;;M:\Software\eclipse-java-2019-09-R-win32-x86_64\eclipse;
USERNAME=Ganpati_IshaanNmj
OS=Windows_NT
PROCESSOR_IDENTIFIER=Intel64 Family 6 Model 158 Stepping 11, GenuineIntel



---------------  S Y S T E M  ---------------

OS: Windows 10.0 , 64 bit Build 19041 (10.0.19041.928)

CPU:total 4 (initial active 4) (4 cores per cpu, 1 threads per core) family 6 model 158 stepping 11, cmov, cx8, fxsr, mmx, sse, sse2, sse3, ssse3, sse4.1, sse4.2, popcnt, avx, avx2, aes, clmul, erms, 3dnowpref, lzcnt, tsc, tscinvbit, bmi1, bmi2, adx

Memory: 4k page, physical 8258120k(1202136k free), swap 18502708k(7608516k free)

vm_info: Java HotSpot(TM) 64-Bit Server VM (25.251-b08) for windows-amd64 JRE (1.8.0_251-b08), built on Mar 12 2020 06:31:49 by "" with MS VC++ 10.0 (VS2010)

time: Sun May 23 16:43:17 2021
timezone: India Standard Time
elapsed time: 38 seconds (0d 0h 0m 38s)

